
*** Running vivado
    with args -log CacheOtter.vds -m64 -product Vivado -mode batch -messageDb vivado.pb -notrace -source CacheOtter.tcl


ECHO is off.
ECHO is off.

****** Vivado v2023.1 (64-bit)
  **** SW Build 3865809 on Sun May  7 15:05:29 MDT 2023
  **** IP Build 3864474 on Sun May  7 20:36:21 MDT 2023
  **** SharedData Build 3865790 on Sun May 07 13:33:03 MDT 2023
    ** Copyright 1986-2022 Xilinx, Inc. All Rights Reserved.
    ** Copyright 2022-2023 Advanced Micro Devices, Inc. All Rights Reserved.

source CacheOtter.tcl -notrace
create_project: Time (s): cpu = 00:00:01 ; elapsed = 00:00:05 . Memory (MB): peak = 426.895 ; gain = 165.469
Command: read_checkpoint -auto_incremental -incremental C:/Users/samue/OneDrive/Desktop/CPE_333/CacheOtter/CacheOtter.srcs/utils_1/imports/synth_1/FiveStageOtter.dcp
INFO: [Vivado 12-5825] Read reference checkpoint from C:/Users/samue/OneDrive/Desktop/CPE_333/CacheOtter/CacheOtter.srcs/utils_1/imports/synth_1/FiveStageOtter.dcp for incremental synthesis
INFO: [Vivado 12-7989] Please ensure there are no constraint changes
Command: synth_design -top CacheOtter -part xc7a35ticpg236-1L
Starting synth_design
Attempting to get a license for feature 'Synthesis' and/or device 'xc7a35ti'
INFO: [Common 17-349] Got license for feature 'Synthesis' and/or device 'xc7a35ti'
INFO: [Designutils 20-5440] No compile time benefit to using incremental synthesis; A full resynthesis will be run
INFO: [Designutils 20-4379] Flow is switching to default flow due to incremental criteria not met. If you would like to alter this behaviour and have the flow terminate instead, please set the following parameter config_implementation {autoIncr.Synth.RejectBehavior Terminate}
INFO: [Synth 8-7079] Multithreading enabled for synth_design using a maximum of 2 processes.
INFO: [Synth 8-7078] Launching helper process for spawning children vivado processes
INFO: [Synth 8-7075] Helper process launched with PID 28392
INFO: [Synth 8-11241] undeclared symbol 'validity', assumed default net type 'wire' [C:/Users/samue/OneDrive/Desktop/CPE_333/CacheOtter/CacheOtter.srcs/sources_1/new/InstructionCache.sv:50]
---------------------------------------------------------------------------------
Starting Synthesize : Time (s): cpu = 00:00:01 ; elapsed = 00:00:05 . Memory (MB): peak = 868.699 ; gain = 409.680
---------------------------------------------------------------------------------
INFO: [Synth 8-6157] synthesizing module 'CacheOtter' [C:/Users/samue/OneDrive/Desktop/CPE_333/CacheOtter/Sources/FiveStageOtter.sv:47]
INFO: [Synth 8-6157] synthesizing module 'PC' [C:/Users/samue/OneDrive/Desktop/CPE_333/CacheOtter/Sources/PC.sv:9]
INFO: [Synth 8-6157] synthesizing module 'PC_MUX' [C:/Users/samue/OneDrive/Desktop/CPE_333/CacheOtter/Sources/PC_MUX.sv:9]
INFO: [Synth 8-226] default block is never used [C:/Users/samue/OneDrive/Desktop/CPE_333/CacheOtter/Sources/PC_MUX.sv:20]
INFO: [Synth 8-6155] done synthesizing module 'PC_MUX' (0#1) [C:/Users/samue/OneDrive/Desktop/CPE_333/CacheOtter/Sources/PC_MUX.sv:9]
INFO: [Synth 8-6157] synthesizing module 'PC_REG' [C:/Users/samue/OneDrive/Desktop/CPE_333/CacheOtter/Sources/PC_REG.sv:9]
INFO: [Synth 8-6155] done synthesizing module 'PC_REG' (0#1) [C:/Users/samue/OneDrive/Desktop/CPE_333/CacheOtter/Sources/PC_REG.sv:9]
INFO: [Synth 8-6155] done synthesizing module 'PC' (0#1) [C:/Users/samue/OneDrive/Desktop/CPE_333/CacheOtter/Sources/PC.sv:9]
INFO: [Synth 8-6157] synthesizing module 'InstructionMemory' [C:/Users/samue/OneDrive/Desktop/CPE_333/CacheOtter/CacheOtter.srcs/sources_1/new/InstructionMemory.sv:7]
INFO: [Synth 8-3876] $readmem data file 'testAll.mem' is read successfully [C:/Users/samue/OneDrive/Desktop/CPE_333/CacheOtter/CacheOtter.srcs/sources_1/new/InstructionMemory.sv:20]
INFO: [Synth 8-6155] done synthesizing module 'InstructionMemory' (0#1) [C:/Users/samue/OneDrive/Desktop/CPE_333/CacheOtter/CacheOtter.srcs/sources_1/new/InstructionMemory.sv:7]
INFO: [Synth 8-6157] synthesizing module 'CacheFSM' [C:/Users/samue/OneDrive/Desktop/CPE_333/CacheOtter/CacheOtter.srcs/sources_1/new/CacheFsm.sv:23]
INFO: [Synth 8-6155] done synthesizing module 'CacheFSM' (0#1) [C:/Users/samue/OneDrive/Desktop/CPE_333/CacheOtter/CacheOtter.srcs/sources_1/new/CacheFsm.sv:23]
INFO: [Synth 8-6157] synthesizing module 'Cache' [C:/Users/samue/OneDrive/Desktop/CPE_333/CacheOtter/CacheOtter.srcs/sources_1/new/InstructionCache.sv:7]
INFO: [Synth 8-6155] done synthesizing module 'Cache' (0#1) [C:/Users/samue/OneDrive/Desktop/CPE_333/CacheOtter/CacheOtter.srcs/sources_1/new/InstructionCache.sv:7]
INFO: [Synth 8-6157] synthesizing module 'CU_DCDR' [C:/Users/samue/OneDrive/Desktop/CPE_333/CacheOtter/Sources/CU_DCDR.sv:9]
INFO: [Synth 8-226] default block is never used [C:/Users/samue/OneDrive/Desktop/CPE_333/CacheOtter/Sources/CU_DCDR.sv:94]
INFO: [Synth 8-6155] done synthesizing module 'CU_DCDR' (0#1) [C:/Users/samue/OneDrive/Desktop/CPE_333/CacheOtter/Sources/CU_DCDR.sv:9]
INFO: [Synth 8-6157] synthesizing module 'ImmediateGenerator' [C:/Users/samue/OneDrive/Desktop/CPE_333/CacheOtter/Sources/ImmediateGenerator.sv:9]
INFO: [Synth 8-6155] done synthesizing module 'ImmediateGenerator' (0#1) [C:/Users/samue/OneDrive/Desktop/CPE_333/CacheOtter/Sources/ImmediateGenerator.sv:9]
INFO: [Synth 8-6157] synthesizing module 'REG_FILE' [C:/Users/samue/OneDrive/Desktop/CPE_333/CacheOtter/Sources/REG_FILE.sv:10]
INFO: [Synth 8-6155] done synthesizing module 'REG_FILE' (0#1) [C:/Users/samue/OneDrive/Desktop/CPE_333/CacheOtter/Sources/REG_FILE.sv:10]
INFO: [Synth 8-6157] synthesizing module 'HazardUnit' [C:/Users/samue/OneDrive/Desktop/CPE_333/CacheOtter/Sources/HazardUnit.sv:8]
INFO: [Synth 8-6155] done synthesizing module 'HazardUnit' (0#1) [C:/Users/samue/OneDrive/Desktop/CPE_333/CacheOtter/Sources/HazardUnit.sv:8]
INFO: [Synth 8-6157] synthesizing module 'FourMux' [C:/Users/samue/OneDrive/Desktop/CPE_333/CacheOtter/Sources/FourMux.sv:9]
INFO: [Synth 8-226] default block is never used [C:/Users/samue/OneDrive/Desktop/CPE_333/CacheOtter/Sources/FourMux.sv:21]
INFO: [Synth 8-6155] done synthesizing module 'FourMux' (0#1) [C:/Users/samue/OneDrive/Desktop/CPE_333/CacheOtter/Sources/FourMux.sv:9]
INFO: [Synth 8-6157] synthesizing module 'TwoMux' [C:/Users/samue/OneDrive/Desktop/CPE_333/CacheOtter/Sources/TwoMux.sv:9]
INFO: [Synth 8-6155] done synthesizing module 'TwoMux' (0#1) [C:/Users/samue/OneDrive/Desktop/CPE_333/CacheOtter/Sources/TwoMux.sv:9]
INFO: [Synth 8-6157] synthesizing module 'ALU' [C:/Users/samue/OneDrive/Desktop/CPE_333/CacheOtter/Sources/ALU.sv:9]
INFO: [Synth 8-6155] done synthesizing module 'ALU' (0#1) [C:/Users/samue/OneDrive/Desktop/CPE_333/CacheOtter/Sources/ALU.sv:9]
INFO: [Synth 8-6157] synthesizing module 'BranchUnit' [C:/Users/samue/OneDrive/Desktop/CPE_333/CacheOtter/Sources/BranchUnit.sv:9]
INFO: [Synth 8-6157] synthesizing module 'BCG' [C:/Users/samue/OneDrive/Desktop/CPE_333/CacheOtter/Sources/BCG.sv:9]
INFO: [Synth 8-6155] done synthesizing module 'BCG' (0#1) [C:/Users/samue/OneDrive/Desktop/CPE_333/CacheOtter/Sources/BCG.sv:9]
INFO: [Synth 8-6155] done synthesizing module 'BranchUnit' (0#1) [C:/Users/samue/OneDrive/Desktop/CPE_333/CacheOtter/Sources/BranchUnit.sv:9]
INFO: [Synth 8-6157] synthesizing module 'BAG' [C:/Users/samue/OneDrive/Desktop/CPE_333/CacheOtter/Sources/BAG.sv:9]
INFO: [Synth 8-6155] done synthesizing module 'BAG' (0#1) [C:/Users/samue/OneDrive/Desktop/CPE_333/CacheOtter/Sources/BAG.sv:9]
INFO: [Synth 8-6157] synthesizing module 'DataCacheFSM' [C:/Users/samue/OneDrive/Desktop/CPE_333/CacheOtter/CacheOtter.srcs/sources_1/new/DataCacheFSM.sv:23]
INFO: [Synth 8-6155] done synthesizing module 'DataCacheFSM' (0#1) [C:/Users/samue/OneDrive/Desktop/CPE_333/CacheOtter/CacheOtter.srcs/sources_1/new/DataCacheFSM.sv:23]
INFO: [Synth 8-6157] synthesizing module 'DataMemory' [C:/Users/samue/OneDrive/Desktop/CPE_333/CacheOtter/CacheOtter.srcs/sources_1/new/DataCacheMemory.sv:7]
INFO: [Synth 8-3876] $readmem data file 'data.mem' is read successfully [C:/Users/samue/OneDrive/Desktop/CPE_333/CacheOtter/CacheOtter.srcs/sources_1/new/DataCacheMemory.sv:20]
INFO: [Synth 8-6155] done synthesizing module 'DataMemory' (0#1) [C:/Users/samue/OneDrive/Desktop/CPE_333/CacheOtter/CacheOtter.srcs/sources_1/new/DataCacheMemory.sv:7]
INFO: [Synth 8-6157] synthesizing module 'DataCache' [C:/Users/samue/OneDrive/Desktop/CPE_333/CacheOtter/CacheOtter.srcs/sources_1/new/DataCache.sv:7]
WARNING: [Synth 8-639] system function call 'urandom' not supported [C:/Users/samue/OneDrive/Desktop/CPE_333/CacheOtter/CacheOtter.srcs/sources_1/new/DataCache.sv:80]
INFO: [Synth 8-6155] done synthesizing module 'DataCache' (0#1) [C:/Users/samue/OneDrive/Desktop/CPE_333/CacheOtter/CacheOtter.srcs/sources_1/new/DataCache.sv:7]
INFO: [Synth 8-6155] done synthesizing module 'CacheOtter' (0#1) [C:/Users/samue/OneDrive/Desktop/CPE_333/CacheOtter/Sources/FiveStageOtter.sv:47]
WARNING: [Synth 8-87] always_comb on 'NS_reg' did not result in combinational logic [C:/Users/samue/OneDrive/Desktop/CPE_333/CacheOtter/CacheOtter.srcs/sources_1/new/DataCacheFSM.sv:58]
WARNING: [Synth 8-6014] Unused sequential element random_way_reg was removed.  [C:/Users/samue/OneDrive/Desktop/CPE_333/CacheOtter/CacheOtter.srcs/sources_1/new/DataCache.sv:80]
WARNING: [Synth 8-6014] Unused sequential element execute_t_reg[rd_used] was removed.  [C:/Users/samue/OneDrive/Desktop/CPE_333/CacheOtter/Sources/FiveStageOtter.sv:234]
WARNING: [Synth 8-6014] Unused sequential element execute_t_reg[memWrite] was removed.  [C:/Users/samue/OneDrive/Desktop/CPE_333/CacheOtter/Sources/FiveStageOtter.sv:234]
WARNING: [Synth 8-6014] Unused sequential element execute_t_reg[memRead2] was removed.  [C:/Users/samue/OneDrive/Desktop/CPE_333/CacheOtter/Sources/FiveStageOtter.sv:234]
WARNING: [Synth 8-6014] Unused sequential element execute_t_reg[mem_type] was removed.  [C:/Users/samue/OneDrive/Desktop/CPE_333/CacheOtter/Sources/FiveStageOtter.sv:234]
WARNING: [Synth 8-6014] Unused sequential element mem_t_reg[rs1_addr] was removed.  [C:/Users/samue/OneDrive/Desktop/CPE_333/CacheOtter/Sources/FiveStageOtter.sv:258]
WARNING: [Synth 8-6014] Unused sequential element mem_t_reg[rs2_addr] was removed.  [C:/Users/samue/OneDrive/Desktop/CPE_333/CacheOtter/Sources/FiveStageOtter.sv:258]
WARNING: [Synth 8-6014] Unused sequential element mem_t_reg[rs1_used] was removed.  [C:/Users/samue/OneDrive/Desktop/CPE_333/CacheOtter/Sources/FiveStageOtter.sv:258]
WARNING: [Synth 8-6014] Unused sequential element mem_t_reg[rs2_used] was removed.  [C:/Users/samue/OneDrive/Desktop/CPE_333/CacheOtter/Sources/FiveStageOtter.sv:258]
WARNING: [Synth 8-6014] Unused sequential element mem_t_reg[rd_used] was removed.  [C:/Users/samue/OneDrive/Desktop/CPE_333/CacheOtter/Sources/FiveStageOtter.sv:258]
WARNING: [Synth 8-6014] Unused sequential element mem_t_reg[alu_srcA] was removed.  [C:/Users/samue/OneDrive/Desktop/CPE_333/CacheOtter/Sources/FiveStageOtter.sv:258]
WARNING: [Synth 8-6014] Unused sequential element mem_t_reg[alu_srcB] was removed.  [C:/Users/samue/OneDrive/Desktop/CPE_333/CacheOtter/Sources/FiveStageOtter.sv:258]
WARNING: [Synth 8-6014] Unused sequential element mem_t_reg[alu_fun] was removed.  [C:/Users/samue/OneDrive/Desktop/CPE_333/CacheOtter/Sources/FiveStageOtter.sv:258]
WARNING: [Synth 8-6014] Unused sequential element mem_t_reg[memWrite] was removed.  [C:/Users/samue/OneDrive/Desktop/CPE_333/CacheOtter/Sources/FiveStageOtter.sv:258]
WARNING: [Synth 8-6014] Unused sequential element mem_t_reg[memRead2] was removed.  [C:/Users/samue/OneDrive/Desktop/CPE_333/CacheOtter/Sources/FiveStageOtter.sv:258]
WARNING: [Synth 8-6014] Unused sequential element mem_t_reg[mem_type] was removed.  [C:/Users/samue/OneDrive/Desktop/CPE_333/CacheOtter/Sources/FiveStageOtter.sv:258]
WARNING: [Synth 8-6014] Unused sequential element mem_t_reg[ir] was removed.  [C:/Users/samue/OneDrive/Desktop/CPE_333/CacheOtter/Sources/FiveStageOtter.sv:258]
WARNING: [Synth 8-6014] Unused sequential element imm_mem_reg[utype] was removed.  [C:/Users/samue/OneDrive/Desktop/CPE_333/CacheOtter/Sources/FiveStageOtter.sv:336]
WARNING: [Synth 8-6014] Unused sequential element imm_mem_reg[jtype] was removed.  [C:/Users/samue/OneDrive/Desktop/CPE_333/CacheOtter/Sources/FiveStageOtter.sv:336]
WARNING: [Synth 8-6014] Unused sequential element imm_mem_reg[btype] was removed.  [C:/Users/samue/OneDrive/Desktop/CPE_333/CacheOtter/Sources/FiveStageOtter.sv:336]
WARNING: [Synth 8-6014] Unused sequential element imm_mem_reg[itype] was removed.  [C:/Users/samue/OneDrive/Desktop/CPE_333/CacheOtter/Sources/FiveStageOtter.sv:336]
WARNING: [Synth 8-6014] Unused sequential element imm_mem_reg[stype] was removed.  [C:/Users/samue/OneDrive/Desktop/CPE_333/CacheOtter/Sources/FiveStageOtter.sv:336]
WARNING: [Synth 8-6014] Unused sequential element wb_t_reg[opcode] was removed.  [C:/Users/samue/OneDrive/Desktop/CPE_333/CacheOtter/Sources/FiveStageOtter.sv:219]
WARNING: [Synth 8-6014] Unused sequential element wb_t_reg[rs1_addr] was removed.  [C:/Users/samue/OneDrive/Desktop/CPE_333/CacheOtter/Sources/FiveStageOtter.sv:219]
WARNING: [Synth 8-6014] Unused sequential element wb_t_reg[rs2_addr] was removed.  [C:/Users/samue/OneDrive/Desktop/CPE_333/CacheOtter/Sources/FiveStageOtter.sv:219]
WARNING: [Synth 8-6014] Unused sequential element wb_t_reg[rs1_used] was removed.  [C:/Users/samue/OneDrive/Desktop/CPE_333/CacheOtter/Sources/FiveStageOtter.sv:219]
WARNING: [Synth 8-6014] Unused sequential element wb_t_reg[rs2_used] was removed.  [C:/Users/samue/OneDrive/Desktop/CPE_333/CacheOtter/Sources/FiveStageOtter.sv:219]
WARNING: [Synth 8-6014] Unused sequential element wb_t_reg[rd_used] was removed.  [C:/Users/samue/OneDrive/Desktop/CPE_333/CacheOtter/Sources/FiveStageOtter.sv:219]
WARNING: [Synth 8-6014] Unused sequential element wb_t_reg[alu_srcA] was removed.  [C:/Users/samue/OneDrive/Desktop/CPE_333/CacheOtter/Sources/FiveStageOtter.sv:219]
WARNING: [Synth 8-6014] Unused sequential element wb_t_reg[alu_srcB] was removed.  [C:/Users/samue/OneDrive/Desktop/CPE_333/CacheOtter/Sources/FiveStageOtter.sv:219]
WARNING: [Synth 8-6014] Unused sequential element wb_t_reg[alu_fun] was removed.  [C:/Users/samue/OneDrive/Desktop/CPE_333/CacheOtter/Sources/FiveStageOtter.sv:219]
WARNING: [Synth 8-6014] Unused sequential element wb_t_reg[memWrite] was removed.  [C:/Users/samue/OneDrive/Desktop/CPE_333/CacheOtter/Sources/FiveStageOtter.sv:219]
WARNING: [Synth 8-6014] Unused sequential element wb_t_reg[memRead2] was removed.  [C:/Users/samue/OneDrive/Desktop/CPE_333/CacheOtter/Sources/FiveStageOtter.sv:219]
WARNING: [Synth 8-6014] Unused sequential element wb_t_reg[mem_type] was removed.  [C:/Users/samue/OneDrive/Desktop/CPE_333/CacheOtter/Sources/FiveStageOtter.sv:219]
WARNING: [Synth 8-6014] Unused sequential element wb_t_reg[ir] was removed.  [C:/Users/samue/OneDrive/Desktop/CPE_333/CacheOtter/Sources/FiveStageOtter.sv:219]
WARNING: [Synth 8-3848] Net IOBUS_WR in module/entity CacheOtter does not have driver. [C:/Users/samue/OneDrive/Desktop/CPE_333/CacheOtter/Sources/FiveStageOtter.sv:51]
WARNING: [Synth 8-7129] Port Address[1] in module DataCache is either unconnected or has no load
WARNING: [Synth 8-7129] Port Address[0] in module DataCache is either unconnected or has no load
WARNING: [Synth 8-7129] Port addressIn[1] in module DataMemory is either unconnected or has no load
WARNING: [Synth 8-7129] Port addressIn[0] in module DataMemory is either unconnected or has no load
WARNING: [Synth 8-7129] Port IR[31] in module BranchUnit is either unconnected or has no load
WARNING: [Synth 8-7129] Port IR[30] in module BranchUnit is either unconnected or has no load
WARNING: [Synth 8-7129] Port IR[29] in module BranchUnit is either unconnected or has no load
WARNING: [Synth 8-7129] Port IR[28] in module BranchUnit is either unconnected or has no load
WARNING: [Synth 8-7129] Port IR[27] in module BranchUnit is either unconnected or has no load
WARNING: [Synth 8-7129] Port IR[26] in module BranchUnit is either unconnected or has no load
WARNING: [Synth 8-7129] Port IR[25] in module BranchUnit is either unconnected or has no load
WARNING: [Synth 8-7129] Port IR[24] in module BranchUnit is either unconnected or has no load
WARNING: [Synth 8-7129] Port IR[23] in module BranchUnit is either unconnected or has no load
WARNING: [Synth 8-7129] Port IR[22] in module BranchUnit is either unconnected or has no load
WARNING: [Synth 8-7129] Port IR[21] in module BranchUnit is either unconnected or has no load
WARNING: [Synth 8-7129] Port IR[20] in module BranchUnit is either unconnected or has no load
WARNING: [Synth 8-7129] Port IR[19] in module BranchUnit is either unconnected or has no load
WARNING: [Synth 8-7129] Port IR[18] in module BranchUnit is either unconnected or has no load
WARNING: [Synth 8-7129] Port IR[17] in module BranchUnit is either unconnected or has no load
WARNING: [Synth 8-7129] Port IR[16] in module BranchUnit is either unconnected or has no load
WARNING: [Synth 8-7129] Port IR[15] in module BranchUnit is either unconnected or has no load
WARNING: [Synth 8-7129] Port IR[11] in module BranchUnit is either unconnected or has no load
WARNING: [Synth 8-7129] Port IR[10] in module BranchUnit is either unconnected or has no load
WARNING: [Synth 8-7129] Port IR[9] in module BranchUnit is either unconnected or has no load
WARNING: [Synth 8-7129] Port IR[8] in module BranchUnit is either unconnected or has no load
WARNING: [Synth 8-7129] Port IR[7] in module BranchUnit is either unconnected or has no load
WARNING: [Synth 8-7129] Port IR[31] in module CU_DCDR is either unconnected or has no load
WARNING: [Synth 8-7129] Port IR[29] in module CU_DCDR is either unconnected or has no load
WARNING: [Synth 8-7129] Port IR[28] in module CU_DCDR is either unconnected or has no load
WARNING: [Synth 8-7129] Port IR[27] in module CU_DCDR is either unconnected or has no load
WARNING: [Synth 8-7129] Port IR[26] in module CU_DCDR is either unconnected or has no load
WARNING: [Synth 8-7129] Port IR[25] in module CU_DCDR is either unconnected or has no load
WARNING: [Synth 8-7129] Port IR[24] in module CU_DCDR is either unconnected or has no load
WARNING: [Synth 8-7129] Port IR[23] in module CU_DCDR is either unconnected or has no load
WARNING: [Synth 8-7129] Port IR[22] in module CU_DCDR is either unconnected or has no load
WARNING: [Synth 8-7129] Port IR[21] in module CU_DCDR is either unconnected or has no load
WARNING: [Synth 8-7129] Port IR[20] in module CU_DCDR is either unconnected or has no load
WARNING: [Synth 8-7129] Port IR[19] in module CU_DCDR is either unconnected or has no load
WARNING: [Synth 8-7129] Port IR[18] in module CU_DCDR is either unconnected or has no load
WARNING: [Synth 8-7129] Port IR[17] in module CU_DCDR is either unconnected or has no load
WARNING: [Synth 8-7129] Port IR[16] in module CU_DCDR is either unconnected or has no load
WARNING: [Synth 8-7129] Port IR[15] in module CU_DCDR is either unconnected or has no load
WARNING: [Synth 8-7129] Port IR[11] in module CU_DCDR is either unconnected or has no load
WARNING: [Synth 8-7129] Port IR[10] in module CU_DCDR is either unconnected or has no load
WARNING: [Synth 8-7129] Port IR[9] in module CU_DCDR is either unconnected or has no load
WARNING: [Synth 8-7129] Port IR[8] in module CU_DCDR is either unconnected or has no load
WARNING: [Synth 8-7129] Port IR[7] in module CU_DCDR is either unconnected or has no load
WARNING: [Synth 8-7129] Port PC[1] in module Cache is either unconnected or has no load
WARNING: [Synth 8-7129] Port PC[0] in module Cache is either unconnected or has no load
WARNING: [Synth 8-7129] Port a[1] in module InstructionMemory is either unconnected or has no load
WARNING: [Synth 8-7129] Port a[0] in module InstructionMemory is either unconnected or has no load
WARNING: [Synth 8-7129] Port IOBUS_WR in module CacheOtter is either unconnected or has no load
WARNING: [Synth 8-7129] Port IOBUS_IN[31] in module CacheOtter is either unconnected or has no load
WARNING: [Synth 8-7129] Port IOBUS_IN[30] in module CacheOtter is either unconnected or has no load
WARNING: [Synth 8-7129] Port IOBUS_IN[29] in module CacheOtter is either unconnected or has no load
WARNING: [Synth 8-7129] Port IOBUS_IN[28] in module CacheOtter is either unconnected or has no load
WARNING: [Synth 8-7129] Port IOBUS_IN[27] in module CacheOtter is either unconnected or has no load
WARNING: [Synth 8-7129] Port IOBUS_IN[26] in module CacheOtter is either unconnected or has no load
WARNING: [Synth 8-7129] Port IOBUS_IN[25] in module CacheOtter is either unconnected or has no load
WARNING: [Synth 8-7129] Port IOBUS_IN[24] in module CacheOtter is either unconnected or has no load
WARNING: [Synth 8-7129] Port IOBUS_IN[23] in module CacheOtter is either unconnected or has no load
WARNING: [Synth 8-7129] Port IOBUS_IN[22] in module CacheOtter is either unconnected or has no load
WARNING: [Synth 8-7129] Port IOBUS_IN[21] in module CacheOtter is either unconnected or has no load
WARNING: [Synth 8-7129] Port IOBUS_IN[20] in module CacheOtter is either unconnected or has no load
WARNING: [Synth 8-7129] Port IOBUS_IN[19] in module CacheOtter is either unconnected or has no load
WARNING: [Synth 8-7129] Port IOBUS_IN[18] in module CacheOtter is either unconnected or has no load
WARNING: [Synth 8-7129] Port IOBUS_IN[17] in module CacheOtter is either unconnected or has no load
WARNING: [Synth 8-7129] Port IOBUS_IN[16] in module CacheOtter is either unconnected or has no load
WARNING: [Synth 8-7129] Port IOBUS_IN[15] in module CacheOtter is either unconnected or has no load
WARNING: [Synth 8-7129] Port IOBUS_IN[14] in module CacheOtter is either unconnected or has no load
WARNING: [Synth 8-7129] Port IOBUS_IN[13] in module CacheOtter is either unconnected or has no load
WARNING: [Synth 8-7129] Port IOBUS_IN[12] in module CacheOtter is either unconnected or has no load
WARNING: [Synth 8-7129] Port IOBUS_IN[11] in module CacheOtter is either unconnected or has no load
WARNING: [Synth 8-7129] Port IOBUS_IN[10] in module CacheOtter is either unconnected or has no load
WARNING: [Synth 8-7129] Port IOBUS_IN[9] in module CacheOtter is either unconnected or has no load
WARNING: [Synth 8-7129] Port IOBUS_IN[8] in module CacheOtter is either unconnected or has no load
WARNING: [Synth 8-7129] Port IOBUS_IN[7] in module CacheOtter is either unconnected or has no load
WARNING: [Synth 8-7129] Port IOBUS_IN[6] in module CacheOtter is either unconnected or has no load
WARNING: [Synth 8-7129] Port IOBUS_IN[5] in module CacheOtter is either unconnected or has no load
WARNING: [Synth 8-7129] Port IOBUS_IN[4] in module CacheOtter is either unconnected or has no load
WARNING: [Synth 8-7129] Port IOBUS_IN[3] in module CacheOtter is either unconnected or has no load
WARNING: [Synth 8-7129] Port IOBUS_IN[2] in module CacheOtter is either unconnected or has no load
WARNING: [Synth 8-7129] Port IOBUS_IN[1] in module CacheOtter is either unconnected or has no load
WARNING: [Synth 8-7129] Port IOBUS_IN[0] in module CacheOtter is either unconnected or has no load
---------------------------------------------------------------------------------
Finished Synthesize : Time (s): cpu = 00:00:02 ; elapsed = 00:00:06 . Memory (MB): peak = 983.004 ; gain = 523.984
---------------------------------------------------------------------------------
---------------------------------------------------------------------------------
Finished Constraint Validation : Time (s): cpu = 00:00:02 ; elapsed = 00:00:07 . Memory (MB): peak = 983.004 ; gain = 523.984
---------------------------------------------------------------------------------
---------------------------------------------------------------------------------
Start Loading Part and Timing Information
---------------------------------------------------------------------------------
Loading part: xc7a35ticpg236-1L
---------------------------------------------------------------------------------
Finished Loading Part and Timing Information : Time (s): cpu = 00:00:02 ; elapsed = 00:00:07 . Memory (MB): peak = 983.004 ; gain = 523.984
---------------------------------------------------------------------------------
INFO: [Device 21-403] Loading part xc7a35ticpg236-1L
INFO: [Synth 8-802] inferred FSM for state register 'PS_reg' in module 'CacheFSM'
INFO: [Synth 8-802] inferred FSM for state register 'PS_reg' in module 'DataCacheFSM'
---------------------------------------------------------------------------------------------------
                   State |                     New Encoding |                Previous Encoding 
---------------------------------------------------------------------------------------------------
             ST_READ_MEM |                                0 | 00000000000000000000000000000001
           ST_READ_CACHE |                                1 | 00000000000000000000000000000000
---------------------------------------------------------------------------------------------------
INFO: [Synth 8-3354] encoded FSM with state register 'PS_reg' using encoding 'sequential' in module 'CacheFSM'
WARNING: [Synth 8-327] inferring latch for variable 'FSM_sequential_NS_reg' [C:/Users/samue/OneDrive/Desktop/CPE_333/CacheOtter/CacheOtter.srcs/sources_1/new/DataCacheFSM.sv:58]
WARNING: [Synth 8-327] inferring latch for variable 'FSM_onehot_NS_reg' [C:/Users/samue/OneDrive/Desktop/CPE_333/CacheOtter/CacheOtter.srcs/sources_1/new/DataCacheFSM.sv:58]
---------------------------------------------------------------------------------------------------
                   State |                     New Encoding |                Previous Encoding 
---------------------------------------------------------------------------------------------------
                 ST_IDLE |                              001 | 00000000000000000000000000000000
                 ST_READ |                              010 | 00000000000000000000000000000001
                ST_WRITE |                              100 | 00000000000000000000000000000010
---------------------------------------------------------------------------------------------------
INFO: [Synth 8-3354] encoded FSM with state register 'PS_reg' using encoding 'one-hot' in module 'DataCacheFSM'
WARNING: [Synth 8-327] inferring latch for variable 'FSM_onehot_NS_reg' [C:/Users/samue/OneDrive/Desktop/CPE_333/CacheOtter/CacheOtter.srcs/sources_1/new/DataCacheFSM.sv:58]
---------------------------------------------------------------------------------
Finished RTL Optimization Phase 2 : Time (s): cpu = 00:00:02 ; elapsed = 00:00:08 . Memory (MB): peak = 983.004 ; gain = 523.984
---------------------------------------------------------------------------------
No constraint files found.
---------------------------------------------------------------------------------
Start RTL Component Statistics 
---------------------------------------------------------------------------------
Detailed RTL Component Info : 
+---Adders : 
	   2 Input   32 Bit       Adders := 6     
	   3 Input   32 Bit       Adders := 1     
	   2 Input   14 Bit       Adders := 3     
	   2 Input    7 Bit       Adders := 7     
+---XORs : 
	   2 Input     32 Bit         XORs := 1     
+---Registers : 
	               32 Bit    Registers := 212   
	               24 Bit    Registers := 16    
	                7 Bit    Registers := 2     
	                5 Bit    Registers := 5     
	                4 Bit    Registers := 1     
	                2 Bit    Registers := 4     
	                1 Bit    Registers := 23    
+---RAMs : 
	             512K Bit	(16384 X 32 bit)          RAMs := 1     
	             1024 Bit	(32 X 32 bit)          RAMs := 1     
+---Muxes : 
	   4 Input   32 Bit        Muxes := 6     
	   2 Input   32 Bit        Muxes := 4     
	  17 Input   25 Bit        Muxes := 1     
	   9 Input    4 Bit        Muxes := 2     
	   3 Input    3 Bit        Muxes := 1     
	   2 Input    3 Bit        Muxes := 3     
	   4 Input    2 Bit        Muxes := 2     
	   9 Input    2 Bit        Muxes := 2     
	   3 Input    2 Bit        Muxes := 2     
	   2 Input    2 Bit        Muxes := 4     
	   2 Input    1 Bit        Muxes := 43    
	   9 Input    1 Bit        Muxes := 4     
	   3 Input    1 Bit        Muxes := 6     
---------------------------------------------------------------------------------
Finished RTL Component Statistics 
---------------------------------------------------------------------------------
---------------------------------------------------------------------------------
Start Part Resource Summary
---------------------------------------------------------------------------------
Part Resources:
DSPs: 90 (col length:60)
BRAMs: 100 (col length: RAMB18 60 RAMB36 30)
---------------------------------------------------------------------------------
Finished Part Resource Summary
---------------------------------------------------------------------------------
No constraint files found.
---------------------------------------------------------------------------------
Start Cross Boundary and Area Optimization
---------------------------------------------------------------------------------
WARNING: [Synth 8-7080] Parallel synthesis criteria is not met
INFO: [Synth 8-3971] The signal "CacheOtter/RegisterFile/ram_reg" was recognized as a true dual port RAM template.
WARNING: [Synth 8-7129] Port Address[1] in module DataCache is either unconnected or has no load
WARNING: [Synth 8-7129] Port Address[0] in module DataCache is either unconnected or has no load
WARNING: [Synth 8-7129] Port IR[31] in module BranchUnit is either unconnected or has no load
WARNING: [Synth 8-7129] Port IR[30] in module BranchUnit is either unconnected or has no load
WARNING: [Synth 8-7129] Port IR[29] in module BranchUnit is either unconnected or has no load
WARNING: [Synth 8-7129] Port IR[28] in module BranchUnit is either unconnected or has no load
WARNING: [Synth 8-7129] Port IR[27] in module BranchUnit is either unconnected or has no load
WARNING: [Synth 8-7129] Port IR[26] in module BranchUnit is either unconnected or has no load
WARNING: [Synth 8-7129] Port IR[25] in module BranchUnit is either unconnected or has no load
WARNING: [Synth 8-7129] Port IR[24] in module BranchUnit is either unconnected or has no load
WARNING: [Synth 8-7129] Port IR[23] in module BranchUnit is either unconnected or has no load
WARNING: [Synth 8-7129] Port IR[22] in module BranchUnit is either unconnected or has no load
WARNING: [Synth 8-7129] Port IR[21] in module BranchUnit is either unconnected or has no load
WARNING: [Synth 8-7129] Port IR[20] in module BranchUnit is either unconnected or has no load
WARNING: [Synth 8-7129] Port IR[19] in module BranchUnit is either unconnected or has no load
WARNING: [Synth 8-7129] Port IR[18] in module BranchUnit is either unconnected or has no load
INFO: [Common 17-14] Message 'Synth 8-7129' appears 100 times and further instances of the messages will be disabled. Use the Tcl command set_msg_config to change the current settings.
INFO: [Synth 8-3971] The signal "CacheOtter/RegisterFile/ram_reg" was recognized as a true dual port RAM template.
---------------------------------------------------------------------------------
Finished Cross Boundary and Area Optimization : Time (s): cpu = 00:00:16 ; elapsed = 00:00:38 . Memory (MB): peak = 1469.488 ; gain = 1010.469
---------------------------------------------------------------------------------
---------------------------------------------------------------------------------
Start ROM, RAM, DSP, Shift Register and Retiming Reporting
---------------------------------------------------------------------------------

ROM: Preliminary Mapping Report
+------------------+------------+---------------+----------------+
|Module Name       | RTL Object | Depth x Width | Implemented As | 
+------------------+------------+---------------+----------------+
|InstructionMemory | ram        | 128x32        | LUT            | 
|InstructionMemory | ram        | 128x32        | LUT            | 
|InstructionMemory | ram        | 128x32        | LUT            | 
|InstructionMemory | ram        | 128x32        | LUT            | 
|InstructionMemory | ram        | 128x32        | LUT            | 
|InstructionMemory | ram        | 128x32        | LUT            | 
|InstructionMemory | ram        | 128x32        | LUT            | 
|InstructionMemory | ram        | 128x32        | LUT            | 
|InstructionMemory | p_0_out    | 128x32        | LUT            | 
|InstructionMemory | p_0_out    | 128x32        | LUT            | 
|InstructionMemory | p_0_out    | 128x32        | LUT            | 
|InstructionMemory | p_0_out    | 128x32        | LUT            | 
|InstructionMemory | p_0_out    | 128x32        | LUT            | 
|InstructionMemory | p_0_out    | 128x32        | LUT            | 
|InstructionMemory | p_0_out    | 128x32        | LUT            | 
|InstructionMemory | p_0_out    | 128x32        | LUT            | 
+------------------+------------+---------------+----------------+


Block RAM: Preliminary Mapping Report (see note below)
-------NONE-------
Note: The table above is a preliminary report that shows the Block RAMs at the current stage of the synthesis flow. Some Block RAMs may be reimplemented as non Block RAM primitives later in the synthesis flow. Multiple instantiated Block RAMs are reported only once. 

Distributed RAM: Preliminary Mapping Report (see note below)
+------------+-----------------------------+-----------+----------------------+---------------------------------+
|Module Name | RTL Object                  | Inference | Size (Depth x Width) | Primitives                      | 
+------------+-----------------------------+-----------+----------------------+---------------------------------+
|Otter_Cache | valid_bits_reg              | Implied   | 16 x 1               | RAM16X1S x 1                    | 
|CacheOtter  | otterdatamemory/dataMem_reg | Implied   | 16 K x 32            | RAM128X1D x 4096 RAM64M x 5632  | 
+------------+-----------------------------+-----------+----------------------+---------------------------------+

Note: The table above is a preliminary report that shows the Distributed RAMs at the current stage of the synthesis flow. Some Distributed RAMs may be reimplemented as non Distributed RAM primitives later in the synthesis flow. Multiple instantiated RAMs are reported only once.
---------------------------------------------------------------------------------
Finished ROM, RAM, DSP, Shift Register and Retiming Reporting
---------------------------------------------------------------------------------
No constraint files found.
---------------------------------------------------------------------------------
Start Timing Optimization
---------------------------------------------------------------------------------
---------------------------------------------------------------------------------
Finished Timing Optimization : Time (s): cpu = 00:00:17 ; elapsed = 00:00:41 . Memory (MB): peak = 1469.488 ; gain = 1010.469
---------------------------------------------------------------------------------
---------------------------------------------------------------------------------
Start ROM, RAM, DSP, Shift Register and Retiming Reporting
---------------------------------------------------------------------------------

Block RAM: Final Mapping Report
-------NONE-------

Distributed RAM: Final Mapping Report
+------------+-----------------------------+-----------+----------------------+---------------------------------+
|Module Name | RTL Object                  | Inference | Size (Depth x Width) | Primitives                      | 
+------------+-----------------------------+-----------+----------------------+---------------------------------+
|Otter_Cache | valid_bits_reg              | Implied   | 16 x 1               | RAM16X1S x 1                    | 
|CacheOtter  | otterdatamemory/dataMem_reg | Implied   | 16 K x 32            | RAM128X1D x 4096 RAM64M x 5632  | 
+------------+-----------------------------+-----------+----------------------+---------------------------------+

---------------------------------------------------------------------------------
Finished ROM, RAM, DSP, Shift Register and Retiming Reporting
---------------------------------------------------------------------------------
---------------------------------------------------------------------------------
Start Technology Mapping
---------------------------------------------------------------------------------
INFO: [Synth 8-7052] The timing for the instance RegisterFile/ram_reg_1 (implemented as a Block RAM) might be sub-optimal as no optional output register could be merged into the ram block. Providing additional output register may help in improving timing.
INFO: [Synth 8-7052] The timing for the instance RegisterFile/ram_reg_2 (implemented as a Block RAM) might be sub-optimal as no optional output register could be merged into the ram block. Providing additional output register may help in improving timing.
---------------------------------------------------------------------------------
Finished Technology Mapping : Time (s): cpu = 00:00:22 ; elapsed = 00:00:51 . Memory (MB): peak = 1593.168 ; gain = 1134.148
---------------------------------------------------------------------------------
---------------------------------------------------------------------------------
Start IO Insertion
---------------------------------------------------------------------------------
---------------------------------------------------------------------------------
Start Flattening Before IO Insertion
---------------------------------------------------------------------------------
---------------------------------------------------------------------------------
Finished Flattening Before IO Insertion
---------------------------------------------------------------------------------
---------------------------------------------------------------------------------
Start Final Netlist Cleanup
---------------------------------------------------------------------------------
---------------------------------------------------------------------------------
Finished Final Netlist Cleanup
---------------------------------------------------------------------------------
---------------------------------------------------------------------------------
Finished IO Insertion : Time (s): cpu = 00:00:32 ; elapsed = 00:01:14 . Memory (MB): peak = 1593.168 ; gain = 1134.148
---------------------------------------------------------------------------------
---------------------------------------------------------------------------------
Start Renaming Generated Instances
---------------------------------------------------------------------------------
---------------------------------------------------------------------------------
Finished Renaming Generated Instances : Time (s): cpu = 00:00:32 ; elapsed = 00:01:14 . Memory (MB): peak = 1593.168 ; gain = 1134.148
---------------------------------------------------------------------------------
---------------------------------------------------------------------------------
Start Rebuilding User Hierarchy
---------------------------------------------------------------------------------
---------------------------------------------------------------------------------
Finished Rebuilding User Hierarchy : Time (s): cpu = 00:00:33 ; elapsed = 00:01:15 . Memory (MB): peak = 1593.168 ; gain = 1134.148
---------------------------------------------------------------------------------
---------------------------------------------------------------------------------
Start Renaming Generated Ports
---------------------------------------------------------------------------------
---------------------------------------------------------------------------------
Finished Renaming Generated Ports : Time (s): cpu = 00:00:33 ; elapsed = 00:01:15 . Memory (MB): peak = 1593.168 ; gain = 1134.148
---------------------------------------------------------------------------------
---------------------------------------------------------------------------------
Start Handling Custom Attributes
---------------------------------------------------------------------------------
---------------------------------------------------------------------------------
Finished Handling Custom Attributes : Time (s): cpu = 00:00:33 ; elapsed = 00:01:16 . Memory (MB): peak = 1593.168 ; gain = 1134.148
---------------------------------------------------------------------------------
---------------------------------------------------------------------------------
Start Renaming Generated Nets
---------------------------------------------------------------------------------
---------------------------------------------------------------------------------
Finished Renaming Generated Nets : Time (s): cpu = 00:00:33 ; elapsed = 00:01:16 . Memory (MB): peak = 1593.168 ; gain = 1134.148
---------------------------------------------------------------------------------
---------------------------------------------------------------------------------
Start ROM, RAM, DSP, Shift Register and Retiming Reporting
---------------------------------------------------------------------------------

Static Shift Register Report:
+------------+------------------------+--------+-------+--------------+--------------------+-------------------+--------+---------+
|Module Name | RTL Name               | Length | Width | Reset Signal | Pull out first Reg | Pull out last Reg | SRL16E | SRLC32E | 
+------------+------------------------+--------+-------+--------------+--------------------+-------------------+--------+---------+
|CacheOtter  | wb_t_reg[rf_wr_sel][1] | 3      | 2     | NO           | NO                 | YES               | 2      | 0       | 
+------------+------------------------+--------+-------+--------------+--------------------+-------------------+--------+---------+

---------------------------------------------------------------------------------
Finished ROM, RAM, DSP, Shift Register and Retiming Reporting
---------------------------------------------------------------------------------
---------------------------------------------------------------------------------
Start Writing Synthesis Report
---------------------------------------------------------------------------------

Report BlackBoxes: 
+-+--------------+----------+
| |BlackBox name |Instances |
+-+--------------+----------+
+-+--------------+----------+

Report Cell Usage: 
+------+----------+------+
|      |Cell      |Count |
+------+----------+------+
|1     |BUFG      |     1|
|2     |CARRY4    |    89|
|3     |LUT1      |    33|
|4     |LUT2      |   274|
|5     |LUT3      |   143|
|6     |LUT4      |  4529|
|7     |LUT5      |  1725|
|8     |LUT6      | 11959|
|9     |MUXF7     |  4291|
|10    |MUXF8     |  1997|
|11    |RAM128X1D |  4096|
|12    |RAM16X1S  |     1|
|13    |RAM64M    |  5632|
|14    |RAMB18E1  |     2|
|15    |SRL16E    |     2|
|16    |FDRE      |  7470|
|17    |FDSE      |     1|
|18    |LD        |     3|
|19    |IBUF      |     2|
|20    |OBUF      |    64|
|21    |OBUFT     |     1|
+------+----------+------+

Report Instance Areas: 
+------+--------------------+------------------+------+
|      |Instance            |Module            |Cells |
+------+--------------------+------------------+------+
|1     |top                 |                  | 42315|
|2     |  OtterImem         |InstructionMemory |   237|
|3     |  BranchUnit        |BranchUnit        |    22|
|4     |    BranchCondition |BCG               |    22|
|5     |  FRS1              |FourMux           |   718|
|6     |  FRS2              |FourMux_0         |     9|
|7     |  OtterData         |DataCache         |  3700|
|8     |  Otter_Cache       |Cache             |  6297|
|9     |  ProgramCounter    |PC                |   126|
|10    |    PCREG           |PC_REG            |   126|
|11    |  RegMux            |FourMux_1         |    79|
|12    |  RegisterFile      |REG_FILE          |   128|
|13    |  SRCA              |TwoMux            |    66|
|14    |  SRCB              |FourMux_2         |   158|
|15    |  cachefsm          |CacheFSM          |    19|
|16    |  datacachefsm      |DataCacheFSM      |    10|
|17    |  otterdatamemory   |DataMemory        | 29759|
+------+--------------------+------------------+------+
---------------------------------------------------------------------------------
Finished Writing Synthesis Report : Time (s): cpu = 00:00:33 ; elapsed = 00:01:16 . Memory (MB): peak = 1593.168 ; gain = 1134.148
---------------------------------------------------------------------------------
Synthesis finished with 0 errors, 0 critical warnings and 210 warnings.
Synthesis Optimization Runtime : Time (s): cpu = 00:00:33 ; elapsed = 00:01:16 . Memory (MB): peak = 1593.168 ; gain = 1134.148
Synthesis Optimization Complete : Time (s): cpu = 00:00:33 ; elapsed = 00:01:16 . Memory (MB): peak = 1593.168 ; gain = 1134.148
INFO: [Project 1-571] Translating synthesized netlist
Netlist sorting complete. Time (s): cpu = 00:00:00 ; elapsed = 00:00:00.759 . Memory (MB): peak = 1593.168 ; gain = 0.000
INFO: [Netlist 29-17] Analyzing 16111 Unisim elements for replacement
INFO: [Netlist 29-28] Unisim Transformation completed in 3 CPU seconds
INFO: [Project 1-570] Preparing netlist for logic optimization
INFO: [Opt 31-138] Pushed 1 inverter(s) to 3 load pin(s).
Netlist sorting complete. Time (s): cpu = 00:00:00 ; elapsed = 00:00:00.051 . Memory (MB): peak = 1635.016 ; gain = 0.000
INFO: [Project 1-111] Unisim Transformation Summary:
  A total of 9732 instances were transformed.
  LD => LDCE: 3 instances
  RAM128X1D => RAM128X1D (MUXF7(x2), RAMD64E(x4)): 4096 instances
  RAM16X1S => RAM32X1S (inverted pins: WCLK) (RAMS32): 1 instance 
  RAM64M => RAM64M (RAMD64E(x4)): 5632 instances

Synth Design complete | Checksum: 4ff018d2
INFO: [Common 17-83] Releasing license: Synthesis
71 Infos, 142 Warnings, 0 Critical Warnings and 0 Errors encountered.
synth_design completed successfully
synth_design: Time (s): cpu = 00:00:42 ; elapsed = 00:01:35 . Memory (MB): peak = 1635.016 ; gain = 1183.285
INFO: [Common 17-1381] The checkpoint 'C:/Users/samue/OneDrive/Desktop/CPE_333/CacheOtter/CacheOtter.runs/synth_1/CacheOtter.dcp' has been generated.
INFO: [runtcl-4] Executing : report_utilization -file CacheOtter_utilization_synth.rpt -pb CacheOtter_utilization_synth.pb
INFO: [Common 17-206] Exiting Vivado at Sat Jun  8 18:22:47 2024...
