Copyright 1986-2022 Xilinx, Inc. All Rights Reserved.
------------------------------------------------------------------------------------------
| Tool Version : Vivado v.2022.1 (win64) Build 3526262 Mon Apr 18 15:48:16 MDT 2022
| Date         : Sat Mar  9 22:17:47 2024
| Host         : VPC running 64-bit major release  (build 9200)
| Command      : report_control_sets -verbose -file OTTER_Wrapper_control_sets_placed.rpt
| Design       : OTTER_Wrapper
| Device       : xc7a35ti
------------------------------------------------------------------------------------------

Control Set Information

Table of Contents
-----------------
1. Summary
2. Histogram
3. Flip-Flop Distribution
4. Detailed Control Set Information

1. Summary
----------

+----------------------------------------------------------+-------+
|                          Status                          | Count |
+----------------------------------------------------------+-------+
| Total control sets                                       |    19 |
|    Minimum number of control sets                        |    19 |
|    Addition due to synthesis replication                 |     0 |
|    Addition due to physical synthesis replication        |     0 |
| Unused register locations in slices containing registers |    42 |
+----------------------------------------------------------+-------+
* Control sets can be merged at opt_design using control_set_merge or merge_equivalent_drivers
** Run report_qor_suggestions for automated merging and remapping suggestions


2. Histogram
------------

+--------------------+-------+
|       Fanout       | Count |
+--------------------+-------+
| Total control sets |    19 |
| >= 0 to < 4        |     4 |
| >= 4 to < 6        |     1 |
| >= 6 to < 8        |     1 |
| >= 8 to < 10       |     1 |
| >= 10 to < 12      |     0 |
| >= 12 to < 14      |     0 |
| >= 14 to < 16      |     0 |
| >= 16              |    12 |
+--------------------+-------+
* Control sets can be remapped at either synth_design or opt_design


3. Flip-Flop Distribution
-------------------------

+--------------+-----------------------+------------------------+-----------------+--------------+
| Clock Enable | Synchronous Set/Reset | Asynchronous Set/Reset | Total Registers | Total Slices |
+--------------+-----------------------+------------------------+-----------------+--------------+
| No           | No                    | No                     |              53 |           23 |
| No           | No                    | Yes                    |               0 |            0 |
| No           | Yes                   | No                     |              63 |           20 |
| Yes          | No                    | No                     |              68 |           25 |
| Yes          | No                    | Yes                    |               0 |            0 |
| Yes          | Yes                   | No                     |             142 |           89 |
+--------------+-----------------------+------------------------+-----------------+--------------+


4. Detailed Control Set Information
-----------------------------------

+-----------------------------+--------------------------------------------+---------------------------------------------+------------------+----------------+--------------+
|         Clock Signal        |                Enable Signal               |               Set/Reset Signal              | Slice Load Count | Bel Load Count | Bels / Slice |
+-----------------------------+--------------------------------------------+---------------------------------------------+------------------+----------------+--------------+
|  otter_debounce/clk_800z    |                                            |                                             |                1 |              2 |         2.00 |
|  SSG_DISP/CathMod/s_clk_500 |                                            | SSG_DISP/CathMod/r_disp_digit[0]_i_1_n_0    |                1 |              2 |         2.00 |
|  SSG_DISP/CathMod/s_clk_500 |                                            | SSG_DISP/CathMod/r_disp_digit[0]            |                2 |              2 |         1.00 |
|  CLK_IBUF_BUFG              |                                            |                                             |                2 |              2 |         1.00 |
|  clk_50_BUFG                | CPU/otter_cu_fsm/Q[1]                      |                                             |                2 |              4 |         2.00 |
|  clk_50_BUFG                |                                            | BTNC_IBUF                                   |                4 |              7 |         1.75 |
|  SSG_DISP/CathMod/s_clk_500 |                                            |                                             |                6 |              9 |         1.50 |
|  clk_50_BUFG                | CPU/otter_memory/FSM_onehot_PS_reg[2]_3[0] |                                             |                6 |             16 |         2.67 |
|  clk_50_BUFG                | CPU/otter_memory/FSM_onehot_PS_reg[2]_4[0] |                                             |                5 |             16 |         3.20 |
|  clk_50_BUFG                | CPU/otter_memory/FSM_onehot_PS_reg[2]_2    | CPU/otter_memory/ioBuffer[15]_i_1_n_0       |                8 |             16 |         2.00 |
|  CLK_IBUF_BUFG              |                                            | SSG_DISP/CathMod/clear                      |                5 |             20 |         4.00 |
|  clk_50_BUFG                | CPU/otter_memory/FSM_onehot_PS_reg[2]      | BTNC_IBUF                                   |               20 |             30 |         1.50 |
|  clk_50_BUFG                |                                            | otter_debounce/clock_div_counter[0]_i_1_n_0 |                8 |             32 |         4.00 |
|  clk_50_BUFG                | memory_reg_r1_0_31_0_5_i_124_n_0           |                                             |               12 |             32 |         2.67 |
|  clk_50_BUFG                | CPU/otter_cu_fsm/E[0]                      | CPU/otter_cu_fsm/Q[0]                       |               22 |             32 |         1.45 |
|  clk_50_BUFG                | CPU/otter_memory/FSM_onehot_PS_reg[2]_0[0] | BTNC_IBUF                                   |               20 |             32 |         1.60 |
|  clk_50_BUFG                | CPU/otter_memory/E[0]                      | BTNC_IBUF                                   |               19 |             32 |         1.68 |
|  clk_50_BUFG                |                                            |                                             |               14 |             41 |         2.93 |
|  clk_50_BUFG                | CPU/otter_memory/p_0_in                    |                                             |               11 |             88 |         8.00 |
+-----------------------------+--------------------------------------------+---------------------------------------------+------------------+----------------+--------------+


