Copyright 1986-2022 Xilinx, Inc. All Rights Reserved. Copyright 2022-2023 Advanced Micro Devices, Inc. All Rights Reserved.
---------------------------------------------------------------------------------------------------------------------------------------------
<<<<<<< Updated upstream:RetryOtter333 - Copy/RetryOtter333/RetryOtter333.runs/synth_1/Pipeline_Otter_utilization_synth.rpt
| Tool Version : Vivado v.2023.1.1 (win64) Build 3900603 Fri Jun 16 19:31:24 MDT 2023
| Date         : Tue May 14 14:39:32 2024
| Host         : ETHANVOSBURAA6F running 64-bit major release  (build 9200)
=======
| Tool Version : Vivado v.2023.1 (win64) Build 3865809 Sun May  7 15:05:29 MDT 2023
| Date         : Sun May 19 18:11:31 2024
| Host         : ISAACLAKE1E4E running 64-bit major release  (build 9200)
>>>>>>> Stashed changes:RetryOtter333/RetryOtter333.runs/synth_1/Pipeline_Otter_utilization_synth.rpt
| Command      : report_utilization -file Pipeline_Otter_utilization_synth.rpt -pb Pipeline_Otter_utilization_synth.pb
| Design       : Pipeline_Otter
| Device       : xc7a35ticpg236-1L
| Speed File   : -1L
| Design State : Synthesized
---------------------------------------------------------------------------------------------------------------------------------------------

Utilization Design Information

Table of Contents
-----------------
1. Slice Logic
1.1 Summary of Registers by Type
2. Memory
3. DSP
4. IO and GT Specific
5. Clocking
6. Specific Feature
7. Primitives
8. Black Boxes
9. Instantiated Netlists

1. Slice Logic
--------------

+----------------------------+------+-------+------------+-----------+-------+
|          Site Type         | Used | Fixed | Prohibited | Available | Util% |
+----------------------------+------+-------+------------+-----------+-------+
<<<<<<< Updated upstream:RetryOtter333 - Copy/RetryOtter333/RetryOtter333.runs/synth_1/Pipeline_Otter_utilization_synth.rpt
| Slice LUTs*                | 1253 |     0 |          0 |     20800 |  6.02 |
|   LUT as Logic             | 1107 |     0 |          0 |     20800 |  5.32 |
|   LUT as Memory            |  146 |     0 |          0 |      9600 |  1.52 |
|     LUT as Distributed RAM |   48 |     0 |            |           |       |
|     LUT as Shift Register  |   98 |     0 |            |           |       |
| Slice Registers            |  550 |     0 |          0 |     41600 |  1.32 |
|   Register as Flip Flop    |  549 |     0 |          0 |     41600 |  1.32 |
|   Register as Latch        |    1 |     0 |          0 |     41600 | <0.01 |
| F7 Muxes                   |  130 |     0 |          0 |     16300 |  0.80 |
=======
| Slice LUTs*                | 1278 |     0 |          0 |     20800 |  6.14 |
|   LUT as Logic             | 1128 |     0 |          0 |     20800 |  5.42 |
|   LUT as Memory            |  150 |     0 |          0 |      9600 |  1.56 |
|     LUT as Distributed RAM |   48 |     0 |            |           |       |
|     LUT as Shift Register  |  102 |     0 |            |           |       |
| Slice Registers            |  484 |     0 |          0 |     41600 |  1.16 |
|   Register as Flip Flop    |  478 |     0 |          0 |     41600 |  1.15 |
|   Register as Latch        |    6 |     0 |          0 |     41600 |  0.01 |
| F7 Muxes                   |  131 |     0 |          0 |     16300 |  0.80 |
>>>>>>> Stashed changes:RetryOtter333/RetryOtter333.runs/synth_1/Pipeline_Otter_utilization_synth.rpt
| F8 Muxes                   |   64 |     0 |          0 |      8150 |  0.79 |
+----------------------------+------+-------+------------+-----------+-------+
* Warning! The Final LUT count, after physical optimizations and full implementation, is typically lower. Run opt_design after synthesis, if not already completed, for a more realistic count.
Warning! LUT value is adjusted to account for LUT combining.


1.1 Summary of Registers by Type
--------------------------------

+-------+--------------+-------------+--------------+
| Total | Clock Enable | Synchronous | Asynchronous |
+-------+--------------+-------------+--------------+
| 0     |            _ |           - |            - |
| 0     |            _ |           - |          Set |
| 0     |            _ |           - |        Reset |
| 0     |            _ |         Set |            - |
| 0     |            _ |       Reset |            - |
| 0     |          Yes |           - |            - |
| 0     |          Yes |           - |          Set |
<<<<<<< Updated upstream:RetryOtter333 - Copy/RetryOtter333/RetryOtter333.runs/synth_1/Pipeline_Otter_utilization_synth.rpt
| 1     |          Yes |           - |        Reset |
| 0     |          Yes |         Set |            - |
| 549   |          Yes |       Reset |            - |
=======
| 6     |          Yes |           - |        Reset |
| 0     |          Yes |         Set |            - |
| 478   |          Yes |       Reset |            - |
>>>>>>> Stashed changes:RetryOtter333/RetryOtter333.runs/synth_1/Pipeline_Otter_utilization_synth.rpt
+-------+--------------+-------------+--------------+


2. Memory
---------

+-------------------+------+-------+------------+-----------+-------+
|     Site Type     | Used | Fixed | Prohibited | Available | Util% |
+-------------------+------+-------+------------+-----------+-------+
| Block RAM Tile    |   16 |     0 |          0 |        50 | 32.00 |
|   RAMB36/FIFO*    |   16 |     0 |          0 |        50 | 32.00 |
|     RAMB36E1 only |   16 |       |            |           |       |
|   RAMB18          |    0 |     0 |          0 |       100 |  0.00 |
+-------------------+------+-------+------------+-----------+-------+
* Note: Each Block RAM Tile only has one FIFO logic available and therefore can accommodate only one FIFO36E1 or one FIFO18E1. However, if a FIFO18E1 occupies a Block RAM Tile, that tile can still accommodate a RAMB18E1


3. DSP
------

+-----------+------+-------+------------+-----------+-------+
| Site Type | Used | Fixed | Prohibited | Available | Util% |
+-----------+------+-------+------------+-----------+-------+
| DSPs      |    0 |     0 |          0 |        90 |  0.00 |
+-----------+------+-------+------------+-----------+-------+


4. IO and GT Specific
---------------------

+-----------------------------+------+-------+------------+-----------+-------+
|          Site Type          | Used | Fixed | Prohibited | Available | Util% |
+-----------------------------+------+-------+------------+-----------+-------+
| Bonded IOB                  |   99 |     0 |          0 |       106 | 93.40 |
| Bonded IPADs                |    0 |     0 |          0 |        10 |  0.00 |
| Bonded OPADs                |    0 |     0 |          0 |         4 |  0.00 |
| PHY_CONTROL                 |    0 |     0 |          0 |         5 |  0.00 |
| PHASER_REF                  |    0 |     0 |          0 |         5 |  0.00 |
| OUT_FIFO                    |    0 |     0 |          0 |        20 |  0.00 |
| IN_FIFO                     |    0 |     0 |          0 |        20 |  0.00 |
| IDELAYCTRL                  |    0 |     0 |          0 |         5 |  0.00 |
| IBUFDS                      |    0 |     0 |          0 |       104 |  0.00 |
| GTPE2_CHANNEL               |    0 |     0 |          0 |         2 |  0.00 |
| PHASER_OUT/PHASER_OUT_PHY   |    0 |     0 |          0 |        20 |  0.00 |
| PHASER_IN/PHASER_IN_PHY     |    0 |     0 |          0 |        20 |  0.00 |
| IDELAYE2/IDELAYE2_FINEDELAY |    0 |     0 |          0 |       250 |  0.00 |
| IBUFDS_GTE2                 |    0 |     0 |          0 |         2 |  0.00 |
| ILOGIC                      |    0 |     0 |          0 |       106 |  0.00 |
| OLOGIC                      |    0 |     0 |          0 |       106 |  0.00 |
+-----------------------------+------+-------+------------+-----------+-------+


5. Clocking
-----------

+------------+------+-------+------------+-----------+-------+
|  Site Type | Used | Fixed | Prohibited | Available | Util% |
+------------+------+-------+------------+-----------+-------+
| BUFGCTRL   |    2 |     0 |          0 |        32 |  6.25 |
| BUFIO      |    0 |     0 |          0 |        20 |  0.00 |
| MMCME2_ADV |    0 |     0 |          0 |         5 |  0.00 |
| PLLE2_ADV  |    0 |     0 |          0 |         5 |  0.00 |
| BUFMRCE    |    0 |     0 |          0 |        10 |  0.00 |
| BUFHCE     |    0 |     0 |          0 |        72 |  0.00 |
| BUFR       |    0 |     0 |          0 |        20 |  0.00 |
+------------+------+-------+------------+-----------+-------+


6. Specific Feature
-------------------

+-------------+------+-------+------------+-----------+-------+
|  Site Type  | Used | Fixed | Prohibited | Available | Util% |
+-------------+------+-------+------------+-----------+-------+
| BSCANE2     |    0 |     0 |          0 |         4 |  0.00 |
| CAPTUREE2   |    0 |     0 |          0 |         1 |  0.00 |
| DNA_PORT    |    0 |     0 |          0 |         1 |  0.00 |
| EFUSE_USR   |    0 |     0 |          0 |         1 |  0.00 |
| FRAME_ECCE2 |    0 |     0 |          0 |         1 |  0.00 |
| ICAPE2      |    0 |     0 |          0 |         2 |  0.00 |
| PCIE_2_1    |    0 |     0 |          0 |         1 |  0.00 |
| STARTUPE2   |    0 |     0 |          0 |         1 |  0.00 |
| XADC        |    0 |     0 |          0 |         1 |  0.00 |
+-------------+------+-------+------------+-----------+-------+


7. Primitives
-------------

+----------+------+---------------------+
| Ref Name | Used | Functional Category |
+----------+------+---------------------+
<<<<<<< Updated upstream:RetryOtter333 - Copy/RetryOtter333/RetryOtter333.runs/synth_1/Pipeline_Otter_utilization_synth.rpt
| LUT6     |  658 |                 LUT |
| FDRE     |  549 |        Flop & Latch |
| LUT5     |  194 |                 LUT |
| LUT4     |  159 |                 LUT |
| LUT3     |  155 |                 LUT |
| MUXF7    |  130 |               MuxFx |
| SRL16E   |   98 |  Distributed Memory |
| LUT2     |   72 |                 LUT |
=======
| LUT6     |  633 |                 LUT |
| FDRE     |  478 |        Flop & Latch |
| LUT4     |  240 |                 LUT |
| LUT5     |  229 |                 LUT |
| MUXF7    |  131 |               MuxFx |
| SRL16E   |  102 |  Distributed Memory |
| LUT2     |   73 |                 LUT |
| LUT3     |   70 |                 LUT |
>>>>>>> Stashed changes:RetryOtter333/RetryOtter333.runs/synth_1/Pipeline_Otter_utilization_synth.rpt
| RAMD32   |   68 |  Distributed Memory |
| OBUF     |   65 |                  IO |
| MUXF8    |   64 |               MuxFx |
| CARRY4   |   51 |          CarryLogic |
| IBUF     |   34 |                  IO |
| RAMS32   |   20 |  Distributed Memory |
| RAMB36E1 |   16 |        Block Memory |
| LDCE     |    6 |        Flop & Latch |
| LUT1     |    2 |                 LUT |
<<<<<<< Updated upstream:RetryOtter333 - Copy/RetryOtter333/RetryOtter333.runs/synth_1/Pipeline_Otter_utilization_synth.rpt
| LDCE     |    1 |        Flop & Latch |
| BUFG     |    1 |               Clock |
=======
| BUFG     |    2 |               Clock |
>>>>>>> Stashed changes:RetryOtter333/RetryOtter333.runs/synth_1/Pipeline_Otter_utilization_synth.rpt
+----------+------+---------------------+


8. Black Boxes
--------------

+----------+------+
| Ref Name | Used |
+----------+------+


9. Instantiated Netlists
------------------------

+----------+------+
| Ref Name | Used |
+----------+------+


