
*** Running vivado
    with args -log otter_mcu_pipeline.vds -m64 -product Vivado -mode batch -messageDb vivado.pb -notrace -source otter_mcu_pipeline.tcl


ECHO is off.
ECHO is off.

****** Vivado v2023.1 (64-bit)
  **** SW Build 3865809 on Sun May  7 15:05:29 MDT 2023
  **** IP Build 3864474 on Sun May  7 20:36:21 MDT 2023
  **** SharedData Build 3865790 on Sun May 07 13:33:03 MDT 2023
    ** Copyright 1986-2022 Xilinx, Inc. All Rights Reserved.
    ** Copyright 2022-2023 Advanced Micro Devices, Inc. All Rights Reserved.

source otter_mcu_pipeline.tcl -notrace
create_project: Time (s): cpu = 00:00:02 ; elapsed = 00:00:05 . Memory (MB): peak = 427.910 ; gain = 163.820
Command: read_checkpoint -auto_incremental -incremental C:/Users/samue/OneDrive/Desktop/CPE_333/Github/CPE333/Otter333/Otter333.srcs/utils_1/imports/synth_1/otter_mcu_pipeline.dcp
INFO: [Vivado 12-5825] Read reference checkpoint from C:/Users/samue/OneDrive/Desktop/CPE_333/Github/CPE333/Otter333/Otter333.srcs/utils_1/imports/synth_1/otter_mcu_pipeline.dcp for incremental synthesis
INFO: [Vivado 12-7989] Please ensure there are no constraint changes
Command: synth_design -top otter_mcu_pipeline -part xc7a35ticpg236-1L
Starting synth_design
Attempting to get a license for feature 'Synthesis' and/or device 'xc7a35ti'
INFO: [Common 17-349] Got license for feature 'Synthesis' and/or device 'xc7a35ti'
INFO: [Designutils 20-5440] No compile time benefit to using incremental synthesis; A full resynthesis will be run
INFO: [Designutils 20-4379] Flow is switching to default flow due to incremental criteria not met. If you would like to alter this behaviour and have the flow terminate instead, please set the following parameter config_implementation {autoIncr.Synth.RejectBehavior Terminate}
INFO: [Synth 8-7079] Multithreading enabled for synth_design using a maximum of 2 processes.
INFO: [Synth 8-7078] Launching helper process for spawning children vivado processes
INFO: [Synth 8-7075] Helper process launched with PID 8300
INFO: [Synth 8-11241] undeclared symbol 'PC_WE', assumed default net type 'wire' [C:/Users/samue/OneDrive/Desktop/CPE_333/Github/CPE333/Otter333/Otter333.srcs/sources_1/imports/CPE333/otter_mcu_pipeline.sv:89]
---------------------------------------------------------------------------------
Starting Synthesize : Time (s): cpu = 00:00:00 ; elapsed = 00:00:04 . Memory (MB): peak = 869.508 ; gain = 410.000
---------------------------------------------------------------------------------
INFO: [Synth 8-6157] synthesizing module 'otter_mcu_pipeline' [C:/Users/samue/OneDrive/Desktop/CPE_333/Github/CPE333/Otter333/Otter333.srcs/sources_1/imports/CPE333/otter_mcu_pipeline.sv:60]
INFO: [Synth 8-6157] synthesizing module 'ProgramCounter' [C:/Users/samue/OneDrive/Desktop/CPE_333/Github/CPE333/Otter333/Otter333.srcs/sources_1/imports/Hardware/Program Counter/Program Counter.srcs/sources_1/new/ProgramCounter.sv:22]
INFO: [Synth 8-6157] synthesizing module 'MUX' [C:/Users/samue/OneDrive/Desktop/CPE_333/Github/CPE333/Otter333/Otter333.srcs/sources_1/imports/Hardware/OTTER_MCU/OTTER_MCU.srcs/sources_1/imports/Hardware/Program Counter/Program Counter.srcs/sources_1/imports/CPE133/Lab3/Lab3.srcs/sources_1/new/MUX.sv:18]
INFO: [Synth 8-6155] done synthesizing module 'MUX' (0#1) [C:/Users/samue/OneDrive/Desktop/CPE_333/Github/CPE333/Otter333/Otter333.srcs/sources_1/imports/Hardware/OTTER_MCU/OTTER_MCU.srcs/sources_1/imports/Hardware/Program Counter/Program Counter.srcs/sources_1/imports/CPE133/Lab3/Lab3.srcs/sources_1/new/MUX.sv:18]
INFO: [Synth 8-6157] synthesizing module 'PCregister' [C:/Users/samue/OneDrive/Desktop/CPE_333/Github/CPE333/Otter333/Otter333.srcs/sources_1/imports/Hardware/Program Counter/Program Counter.srcs/sources_1/new/PCregister.sv:18]
INFO: [Synth 8-6155] done synthesizing module 'PCregister' (0#1) [C:/Users/samue/OneDrive/Desktop/CPE_333/Github/CPE333/Otter333/Otter333.srcs/sources_1/imports/Hardware/Program Counter/Program Counter.srcs/sources_1/new/PCregister.sv:18]
INFO: [Synth 8-6155] done synthesizing module 'ProgramCounter' (0#1) [C:/Users/samue/OneDrive/Desktop/CPE_333/Github/CPE333/Otter333/Otter333.srcs/sources_1/imports/Hardware/Program Counter/Program Counter.srcs/sources_1/new/ProgramCounter.sv:22]
INFO: [Synth 8-6157] synthesizing module 'Memory' [C:/Users/samue/OneDrive/Desktop/CPE_333/Github/CPE333/Otter333/Otter333.srcs/sources_1/imports/Hardware/otter_memory_v1_07.sv:48]
INFO: [Synth 8-3876] $readmem data file 'lab2.mem' is read successfully [C:/Users/samue/OneDrive/Desktop/CPE_333/Github/CPE333/Otter333/Otter333.srcs/sources_1/imports/Hardware/otter_memory_v1_07.sv:74]
INFO: [Synth 8-155] case statement is not full and has no default [C:/Users/samue/OneDrive/Desktop/CPE_333/Github/CPE333/Otter333/Otter333.srcs/sources_1/imports/Hardware/otter_memory_v1_07.sv:95]
INFO: [Synth 8-6155] done synthesizing module 'Memory' (0#1) [C:/Users/samue/OneDrive/Desktop/CPE_333/Github/CPE333/Otter333/Otter333.srcs/sources_1/imports/Hardware/otter_memory_v1_07.sv:48]
INFO: [Synth 8-6157] synthesizing module 'CU_Decoder' [C:/Users/samue/OneDrive/Desktop/CPE_333/Github/CPE333/Otter333/Otter333.srcs/sources_1/imports/Hardware/Control_Unit/Control_Unit.srcs/sources_1/new/CU_Decoder.sv:16]
WARNING: [Synth 8-151] case item 7'b1100011 is unreachable [C:/Users/samue/OneDrive/Desktop/CPE_333/Github/CPE333/Otter333/Otter333.srcs/sources_1/imports/Hardware/Control_Unit/Control_Unit.srcs/sources_1/new/CU_Decoder.sv:48]
INFO: [Synth 8-6155] done synthesizing module 'CU_Decoder' (0#1) [C:/Users/samue/OneDrive/Desktop/CPE_333/Github/CPE333/Otter333/Otter333.srcs/sources_1/imports/Hardware/Control_Unit/Control_Unit.srcs/sources_1/new/CU_Decoder.sv:16]
INFO: [Synth 8-6157] synthesizing module 'RegFile' [C:/Users/samue/OneDrive/Desktop/CPE_333/Github/CPE333/Otter333/Otter333.srcs/sources_1/imports/Hardware/RegFile/RegFile.srcs/sources_1/new/RegFile.sv:17]
INFO: [Synth 8-6155] done synthesizing module 'RegFile' (0#1) [C:/Users/samue/OneDrive/Desktop/CPE_333/Github/CPE333/Otter333/Otter333.srcs/sources_1/imports/Hardware/RegFile/RegFile.srcs/sources_1/new/RegFile.sv:17]
INFO: [Synth 8-6157] synthesizing module 'Immed_Gen' [C:/Users/samue/OneDrive/Desktop/CPE_333/Github/CPE333/Otter333/Otter333.srcs/sources_1/imports/Hardware/Immediate Generator/Immediate Generator.srcs/sources_1/new/Immed_Gen.sv:15]
INFO: [Synth 8-6155] done synthesizing module 'Immed_Gen' (0#1) [C:/Users/samue/OneDrive/Desktop/CPE_333/Github/CPE333/Otter333/Otter333.srcs/sources_1/imports/Hardware/Immediate Generator/Immediate Generator.srcs/sources_1/new/Immed_Gen.sv:15]
INFO: [Synth 8-6157] synthesizing module 'ALU_MUX_A' [C:/Users/samue/OneDrive/Desktop/CPE_333/Github/CPE333/Otter333/Otter333.srcs/sources_1/imports/Hardware/MUX/ALU_MUX_A.sv:15]
INFO: [Synth 8-6155] done synthesizing module 'ALU_MUX_A' (0#1) [C:/Users/samue/OneDrive/Desktop/CPE_333/Github/CPE333/Otter333/Otter333.srcs/sources_1/imports/Hardware/MUX/ALU_MUX_A.sv:15]
INFO: [Synth 8-6157] synthesizing module 'ALU_MUX_B' [C:/Users/samue/OneDrive/Desktop/CPE_333/Github/CPE333/Otter333/Otter333.srcs/sources_1/imports/Hardware/MUX/ALU_MUX_B.sv:15]
INFO: [Synth 8-6155] done synthesizing module 'ALU_MUX_B' (0#1) [C:/Users/samue/OneDrive/Desktop/CPE_333/Github/CPE333/Otter333/Otter333.srcs/sources_1/imports/Hardware/MUX/ALU_MUX_B.sv:15]
INFO: [Synth 8-6157] synthesizing module 'ALU' [C:/Users/samue/OneDrive/Desktop/CPE_333/Github/CPE333/Otter333/Otter333.srcs/sources_1/imports/Hardware/OTTER_MCU/OTTER_MCU.srcs/sources_1/imports/Hardware/ALU/ALU.srcs/sources_1/new/ALU.sv:14]
INFO: [Synth 8-251] inside of alu case [C:/Users/samue/OneDrive/Desktop/CPE_333/Github/CPE333/Otter333/Otter333.srcs/sources_1/imports/Hardware/OTTER_MCU/OTTER_MCU.srcs/sources_1/imports/Hardware/ALU/ALU.srcs/sources_1/new/ALU.sv:22]
INFO: [Synth 8-6155] done synthesizing module 'ALU' (0#1) [C:/Users/samue/OneDrive/Desktop/CPE_333/Github/CPE333/Otter333/Otter333.srcs/sources_1/imports/Hardware/OTTER_MCU/OTTER_MCU.srcs/sources_1/imports/Hardware/ALU/ALU.srcs/sources_1/new/ALU.sv:14]
INFO: [Synth 8-6157] synthesizing module 'Branch_Condition_Generator' [C:/Users/samue/OneDrive/Desktop/CPE_333/Github/CPE333/Otter333/Otter333.srcs/sources_1/imports/Hardware/Branch_Cond_Gen/Branch_Cond_Gen.srcs/sources_1/new/Branch_Condition_Generator.sv:15]
INFO: [Synth 8-6155] done synthesizing module 'Branch_Condition_Generator' (0#1) [C:/Users/samue/OneDrive/Desktop/CPE_333/Github/CPE333/Otter333/Otter333.srcs/sources_1/imports/Hardware/Branch_Cond_Gen/Branch_Cond_Gen.srcs/sources_1/new/Branch_Condition_Generator.sv:15]
INFO: [Synth 8-6157] synthesizing module 'Branch_Address_Generator' [C:/Users/samue/OneDrive/Desktop/CPE_333/Github/CPE333/Otter333/Otter333.srcs/sources_1/imports/Hardware/Branch_Addr_Gen/Branch_Addr_Gen.srcs/sources_1/new/Branch_Address_Generator.sv:15]
INFO: [Synth 8-6155] done synthesizing module 'Branch_Address_Generator' (0#1) [C:/Users/samue/OneDrive/Desktop/CPE_333/Github/CPE333/Otter333/Otter333.srcs/sources_1/imports/Hardware/Branch_Addr_Gen/Branch_Addr_Gen.srcs/sources_1/new/Branch_Address_Generator.sv:15]
INFO: [Synth 8-6157] synthesizing module 'RF_MUX' [C:/Users/samue/OneDrive/Desktop/CPE_333/Github/CPE333/Otter333/Otter333.srcs/sources_1/imports/Hardware/MUX/RF_MUX.sv:23]
INFO: [Synth 8-6155] done synthesizing module 'RF_MUX' (0#1) [C:/Users/samue/OneDrive/Desktop/CPE_333/Github/CPE333/Otter333/Otter333.srcs/sources_1/imports/Hardware/MUX/RF_MUX.sv:23]
INFO: [Synth 8-6155] done synthesizing module 'otter_mcu_pipeline' (0#1) [C:/Users/samue/OneDrive/Desktop/CPE_333/Github/CPE333/Otter333/Otter333.srcs/sources_1/imports/CPE333/otter_mcu_pipeline.sv:60]
CRITICAL WARNING: [Synth 8-6859] multi-driven net on pin C:/Users/samue/OneDrive/Desktop/CPE_333/Github/CPE333/Otter333/Otter333.srcs/sources_1/imports/Hardware/Program Counter/Program Counter.srcs/sources_1/new/ProgramCounter.sv-57.8 with 1st driver pin 'ProgramCounter:/pc_register/PCP4[0]' [C:/Users/samue/OneDrive/Desktop/CPE_333/Github/CPE333/Otter333/Otter333.srcs/sources_1/imports/Hardware/Program Counter/Program Counter.srcs/sources_1/new/ProgramCounter.sv:57]
CRITICAL WARNING: [Synth 8-6859] multi-driven net on pin C:/Users/samue/OneDrive/Desktop/CPE_333/Github/CPE333/Otter333/Otter333.srcs/sources_1/imports/Hardware/Program Counter/Program Counter.srcs/sources_1/new/ProgramCounter.sv-57.8 with 2nd driver pin 'GND' [C:/Users/samue/OneDrive/Desktop/CPE_333/Github/CPE333/Otter333/Otter333.srcs/sources_1/imports/Hardware/Program Counter/Program Counter.srcs/sources_1/new/ProgramCounter.sv:57]
CRITICAL WARNING: [Synth 8-6858] multi-driven net C:/Users/samue/OneDrive/Desktop/CPE_333/Github/CPE333/Otter333/Otter333.srcs/sources_1/imports/Hardware/Program Counter/Program Counter.srcs/sources_1/new/ProgramCounter.sv-57.8 is connected to at least one constant driver which has been preserved, other driver is ignored [C:/Users/samue/OneDrive/Desktop/CPE_333/Github/CPE333/Otter333/Otter333.srcs/sources_1/imports/Hardware/Program Counter/Program Counter.srcs/sources_1/new/ProgramCounter.sv:57]
WARNING: [Synth 8-6014] Unused sequential element decode_struct_reg[opcode] was removed.  [C:/Users/samue/OneDrive/Desktop/CPE_333/Github/CPE333/Otter333/Otter333.srcs/sources_1/imports/CPE333/otter_mcu_pipeline.sv:190]
WARNING: [Synth 8-6014] Unused sequential element decode_struct_reg[rs1_used] was removed.  [C:/Users/samue/OneDrive/Desktop/CPE_333/Github/CPE333/Otter333/Otter333.srcs/sources_1/imports/CPE333/otter_mcu_pipeline.sv:190]
WARNING: [Synth 8-6014] Unused sequential element decode_struct_reg[rs2_used] was removed.  [C:/Users/samue/OneDrive/Desktop/CPE_333/Github/CPE333/Otter333/Otter333.srcs/sources_1/imports/CPE333/otter_mcu_pipeline.sv:190]
WARNING: [Synth 8-6014] Unused sequential element decode_struct_reg[rd_used] was removed.  [C:/Users/samue/OneDrive/Desktop/CPE_333/Github/CPE333/Otter333/Otter333.srcs/sources_1/imports/CPE333/otter_mcu_pipeline.sv:190]
WARNING: [Synth 8-6014] Unused sequential element decode_struct_reg[mem_type] was removed.  [C:/Users/samue/OneDrive/Desktop/CPE_333/Github/CPE333/Otter333/Otter333.srcs/sources_1/imports/CPE333/otter_mcu_pipeline.sv:190]
WARNING: [Synth 8-6014] Unused sequential element decode_struct_reg[JALR] was removed.  [C:/Users/samue/OneDrive/Desktop/CPE_333/Github/CPE333/Otter333/Otter333.srcs/sources_1/imports/CPE333/otter_mcu_pipeline.sv:190]
WARNING: [Synth 8-6014] Unused sequential element decode_struct_reg[BRANCH] was removed.  [C:/Users/samue/OneDrive/Desktop/CPE_333/Github/CPE333/Otter333/Otter333.srcs/sources_1/imports/CPE333/otter_mcu_pipeline.sv:190]
WARNING: [Synth 8-6014] Unused sequential element decode_struct_reg[JAL] was removed.  [C:/Users/samue/OneDrive/Desktop/CPE_333/Github/CPE333/Otter333/Otter333.srcs/sources_1/imports/CPE333/otter_mcu_pipeline.sv:190]
WARNING: [Synth 8-6014] Unused sequential element decode_struct_reg[memWrite2] was removed.  [C:/Users/samue/OneDrive/Desktop/CPE_333/Github/CPE333/Otter333/Otter333.srcs/sources_1/imports/CPE333/otter_mcu_pipeline.sv:190]
WARNING: [Synth 8-6014] Unused sequential element execute_struct_reg[opcode] was removed.  [C:/Users/samue/OneDrive/Desktop/CPE_333/Github/CPE333/Otter333/Otter333.srcs/sources_1/imports/CPE333/otter_mcu_pipeline.sv:322]
WARNING: [Synth 8-6014] Unused sequential element execute_struct_reg[rs1_addr] was removed.  [C:/Users/samue/OneDrive/Desktop/CPE_333/Github/CPE333/Otter333/Otter333.srcs/sources_1/imports/CPE333/otter_mcu_pipeline.sv:322]
WARNING: [Synth 8-6014] Unused sequential element execute_struct_reg[rs2_addr] was removed.  [C:/Users/samue/OneDrive/Desktop/CPE_333/Github/CPE333/Otter333/Otter333.srcs/sources_1/imports/CPE333/otter_mcu_pipeline.sv:322]
WARNING: [Synth 8-6014] Unused sequential element execute_struct_reg[rs1_used] was removed.  [C:/Users/samue/OneDrive/Desktop/CPE_333/Github/CPE333/Otter333/Otter333.srcs/sources_1/imports/CPE333/otter_mcu_pipeline.sv:322]
WARNING: [Synth 8-6014] Unused sequential element execute_struct_reg[rs2_used] was removed.  [C:/Users/samue/OneDrive/Desktop/CPE_333/Github/CPE333/Otter333/Otter333.srcs/sources_1/imports/CPE333/otter_mcu_pipeline.sv:322]
WARNING: [Synth 8-6014] Unused sequential element execute_struct_reg[rd_used] was removed.  [C:/Users/samue/OneDrive/Desktop/CPE_333/Github/CPE333/Otter333/Otter333.srcs/sources_1/imports/CPE333/otter_mcu_pipeline.sv:322]
WARNING: [Synth 8-6014] Unused sequential element execute_struct_reg[mem_type] was removed.  [C:/Users/samue/OneDrive/Desktop/CPE_333/Github/CPE333/Otter333/Otter333.srcs/sources_1/imports/CPE333/otter_mcu_pipeline.sv:322]
WARNING: [Synth 8-6014] Unused sequential element execute_struct_reg[JALR] was removed.  [C:/Users/samue/OneDrive/Desktop/CPE_333/Github/CPE333/Otter333/Otter333.srcs/sources_1/imports/CPE333/otter_mcu_pipeline.sv:322]
WARNING: [Synth 8-6014] Unused sequential element execute_struct_reg[BRANCH] was removed.  [C:/Users/samue/OneDrive/Desktop/CPE_333/Github/CPE333/Otter333/Otter333.srcs/sources_1/imports/CPE333/otter_mcu_pipeline.sv:322]
WARNING: [Synth 8-6014] Unused sequential element execute_struct_reg[JAL] was removed.  [C:/Users/samue/OneDrive/Desktop/CPE_333/Github/CPE333/Otter333/Otter333.srcs/sources_1/imports/CPE333/otter_mcu_pipeline.sv:322]
WARNING: [Synth 8-6014] Unused sequential element execute_struct_reg[PC_SEL] was removed.  [C:/Users/samue/OneDrive/Desktop/CPE_333/Github/CPE333/Otter333/Otter333.srcs/sources_1/imports/CPE333/otter_mcu_pipeline.sv:322]
WARNING: [Synth 8-6014] Unused sequential element execute_struct_reg[memWrite2] was removed.  [C:/Users/samue/OneDrive/Desktop/CPE_333/Github/CPE333/Otter333/Otter333.srcs/sources_1/imports/CPE333/otter_mcu_pipeline.sv:322]
WARNING: [Synth 8-6014] Unused sequential element mem_struct_reg[opcode] was removed.  [C:/Users/samue/OneDrive/Desktop/CPE_333/Github/CPE333/Otter333/Otter333.srcs/sources_1/imports/CPE333/otter_mcu_pipeline.sv:111]
WARNING: [Synth 8-6014] Unused sequential element mem_struct_reg[rs1_addr] was removed.  [C:/Users/samue/OneDrive/Desktop/CPE_333/Github/CPE333/Otter333/Otter333.srcs/sources_1/imports/CPE333/otter_mcu_pipeline.sv:111]
WARNING: [Synth 8-6014] Unused sequential element mem_struct_reg[rs2_addr] was removed.  [C:/Users/samue/OneDrive/Desktop/CPE_333/Github/CPE333/Otter333/Otter333.srcs/sources_1/imports/CPE333/otter_mcu_pipeline.sv:111]
WARNING: [Synth 8-6014] Unused sequential element mem_struct_reg[rs1_used] was removed.  [C:/Users/samue/OneDrive/Desktop/CPE_333/Github/CPE333/Otter333/Otter333.srcs/sources_1/imports/CPE333/otter_mcu_pipeline.sv:111]
WARNING: [Synth 8-6014] Unused sequential element mem_struct_reg[rs2_used] was removed.  [C:/Users/samue/OneDrive/Desktop/CPE_333/Github/CPE333/Otter333/Otter333.srcs/sources_1/imports/CPE333/otter_mcu_pipeline.sv:111]
WARNING: [Synth 8-6014] Unused sequential element mem_struct_reg[rd_used] was removed.  [C:/Users/samue/OneDrive/Desktop/CPE_333/Github/CPE333/Otter333/Otter333.srcs/sources_1/imports/CPE333/otter_mcu_pipeline.sv:111]
WARNING: [Synth 8-6014] Unused sequential element mem_struct_reg[alu_fun] was removed.  [C:/Users/samue/OneDrive/Desktop/CPE_333/Github/CPE333/Otter333/Otter333.srcs/sources_1/imports/CPE333/otter_mcu_pipeline.sv:111]
WARNING: [Synth 8-6014] Unused sequential element mem_struct_reg[mem_type] was removed.  [C:/Users/samue/OneDrive/Desktop/CPE_333/Github/CPE333/Otter333/Otter333.srcs/sources_1/imports/CPE333/otter_mcu_pipeline.sv:111]
WARNING: [Synth 8-6014] Unused sequential element mem_struct_reg[JALR] was removed.  [C:/Users/samue/OneDrive/Desktop/CPE_333/Github/CPE333/Otter333/Otter333.srcs/sources_1/imports/CPE333/otter_mcu_pipeline.sv:111]
WARNING: [Synth 8-6014] Unused sequential element mem_struct_reg[BRANCH] was removed.  [C:/Users/samue/OneDrive/Desktop/CPE_333/Github/CPE333/Otter333/Otter333.srcs/sources_1/imports/CPE333/otter_mcu_pipeline.sv:111]
WARNING: [Synth 8-6014] Unused sequential element mem_struct_reg[JAL] was removed.  [C:/Users/samue/OneDrive/Desktop/CPE_333/Github/CPE333/Otter333/Otter333.srcs/sources_1/imports/CPE333/otter_mcu_pipeline.sv:111]
WARNING: [Synth 8-6014] Unused sequential element mem_struct_reg[rs1] was removed.  [C:/Users/samue/OneDrive/Desktop/CPE_333/Github/CPE333/Otter333/Otter333.srcs/sources_1/imports/CPE333/otter_mcu_pipeline.sv:111]
WARNING: [Synth 8-6014] Unused sequential element mem_struct_reg[PC_SEL] was removed.  [C:/Users/samue/OneDrive/Desktop/CPE_333/Github/CPE333/Otter333/Otter333.srcs/sources_1/imports/CPE333/otter_mcu_pipeline.sv:111]
WARNING: [Synth 8-6014] Unused sequential element mem_struct_reg[memWrite2] was removed.  [C:/Users/samue/OneDrive/Desktop/CPE_333/Github/CPE333/Otter333/Otter333.srcs/sources_1/imports/CPE333/otter_mcu_pipeline.sv:111]
WARNING: [Synth 8-6014] Unused sequential element mem_struct_reg[muxB_out] was removed.  [C:/Users/samue/OneDrive/Desktop/CPE_333/Github/CPE333/Otter333/Otter333.srcs/sources_1/imports/CPE333/otter_mcu_pipeline.sv:111]
WARNING: [Synth 8-6014] Unused sequential element mem_struct_reg[muxA_out] was removed.  [C:/Users/samue/OneDrive/Desktop/CPE_333/Github/CPE333/Otter333/Otter333.srcs/sources_1/imports/CPE333/otter_mcu_pipeline.sv:111]
WARNING: [Synth 8-6014] Unused sequential element write_struct_reg[opcode] was removed.  [C:/Users/samue/OneDrive/Desktop/CPE_333/Github/CPE333/Otter333/Otter333.srcs/sources_1/imports/CPE333/otter_mcu_pipeline.sv:274]
WARNING: [Synth 8-6014] Unused sequential element write_struct_reg[rs1_addr] was removed.  [C:/Users/samue/OneDrive/Desktop/CPE_333/Github/CPE333/Otter333/Otter333.srcs/sources_1/imports/CPE333/otter_mcu_pipeline.sv:274]
WARNING: [Synth 8-6014] Unused sequential element write_struct_reg[rs2_addr] was removed.  [C:/Users/samue/OneDrive/Desktop/CPE_333/Github/CPE333/Otter333/Otter333.srcs/sources_1/imports/CPE333/otter_mcu_pipeline.sv:274]
WARNING: [Synth 8-6014] Unused sequential element write_struct_reg[rs1_used] was removed.  [C:/Users/samue/OneDrive/Desktop/CPE_333/Github/CPE333/Otter333/Otter333.srcs/sources_1/imports/CPE333/otter_mcu_pipeline.sv:274]
WARNING: [Synth 8-6014] Unused sequential element write_struct_reg[rs2_used] was removed.  [C:/Users/samue/OneDrive/Desktop/CPE_333/Github/CPE333/Otter333/Otter333.srcs/sources_1/imports/CPE333/otter_mcu_pipeline.sv:274]
WARNING: [Synth 8-6014] Unused sequential element write_struct_reg[rd_used] was removed.  [C:/Users/samue/OneDrive/Desktop/CPE_333/Github/CPE333/Otter333/Otter333.srcs/sources_1/imports/CPE333/otter_mcu_pipeline.sv:274]
WARNING: [Synth 8-6014] Unused sequential element write_struct_reg[alu_fun] was removed.  [C:/Users/samue/OneDrive/Desktop/CPE_333/Github/CPE333/Otter333/Otter333.srcs/sources_1/imports/CPE333/otter_mcu_pipeline.sv:274]
WARNING: [Synth 8-6014] Unused sequential element write_struct_reg[memWrite] was removed.  [C:/Users/samue/OneDrive/Desktop/CPE_333/Github/CPE333/Otter333/Otter333.srcs/sources_1/imports/CPE333/otter_mcu_pipeline.sv:274]
WARNING: [Synth 8-6014] Unused sequential element write_struct_reg[memRead2] was removed.  [C:/Users/samue/OneDrive/Desktop/CPE_333/Github/CPE333/Otter333/Otter333.srcs/sources_1/imports/CPE333/otter_mcu_pipeline.sv:274]
WARNING: [Synth 8-6014] Unused sequential element write_struct_reg[mem_type] was removed.  [C:/Users/samue/OneDrive/Desktop/CPE_333/Github/CPE333/Otter333/Otter333.srcs/sources_1/imports/CPE333/otter_mcu_pipeline.sv:274]
WARNING: [Synth 8-6014] Unused sequential element write_struct_reg[ir] was removed.  [C:/Users/samue/OneDrive/Desktop/CPE_333/Github/CPE333/Otter333/Otter333.srcs/sources_1/imports/CPE333/otter_mcu_pipeline.sv:274]
WARNING: [Synth 8-6014] Unused sequential element write_struct_reg[JALR] was removed.  [C:/Users/samue/OneDrive/Desktop/CPE_333/Github/CPE333/Otter333/Otter333.srcs/sources_1/imports/CPE333/otter_mcu_pipeline.sv:274]
WARNING: [Synth 8-6014] Unused sequential element write_struct_reg[BRANCH] was removed.  [C:/Users/samue/OneDrive/Desktop/CPE_333/Github/CPE333/Otter333/Otter333.srcs/sources_1/imports/CPE333/otter_mcu_pipeline.sv:274]
WARNING: [Synth 8-6014] Unused sequential element write_struct_reg[JAL] was removed.  [C:/Users/samue/OneDrive/Desktop/CPE_333/Github/CPE333/Otter333/Otter333.srcs/sources_1/imports/CPE333/otter_mcu_pipeline.sv:274]
WARNING: [Synth 8-6014] Unused sequential element write_struct_reg[rs1] was removed.  [C:/Users/samue/OneDrive/Desktop/CPE_333/Github/CPE333/Otter333/Otter333.srcs/sources_1/imports/CPE333/otter_mcu_pipeline.sv:274]
WARNING: [Synth 8-6014] Unused sequential element write_struct_reg[rs2] was removed.  [C:/Users/samue/OneDrive/Desktop/CPE_333/Github/CPE333/Otter333/Otter333.srcs/sources_1/imports/CPE333/otter_mcu_pipeline.sv:274]
WARNING: [Synth 8-6014] Unused sequential element write_struct_reg[PC_SEL] was removed.  [C:/Users/samue/OneDrive/Desktop/CPE_333/Github/CPE333/Otter333/Otter333.srcs/sources_1/imports/CPE333/otter_mcu_pipeline.sv:274]
WARNING: [Synth 8-6014] Unused sequential element write_struct_reg[memWrite2] was removed.  [C:/Users/samue/OneDrive/Desktop/CPE_333/Github/CPE333/Otter333/Otter333.srcs/sources_1/imports/CPE333/otter_mcu_pipeline.sv:274]
WARNING: [Synth 8-6014] Unused sequential element write_struct_reg[IOBUS_in] was removed.  [C:/Users/samue/OneDrive/Desktop/CPE_333/Github/CPE333/Otter333/Otter333.srcs/sources_1/imports/CPE333/otter_mcu_pipeline.sv:274]
WARNING: [Synth 8-6014] Unused sequential element write_struct_reg[IOBUS_wr] was removed.  [C:/Users/samue/OneDrive/Desktop/CPE_333/Github/CPE333/Otter333/Otter333.srcs/sources_1/imports/CPE333/otter_mcu_pipeline.sv:274]
WARNING: [Synth 8-6014] Unused sequential element write_struct_reg[muxB_out] was removed.  [C:/Users/samue/OneDrive/Desktop/CPE_333/Github/CPE333/Otter333/Otter333.srcs/sources_1/imports/CPE333/otter_mcu_pipeline.sv:274]
WARNING: [Synth 8-6014] Unused sequential element write_struct_reg[muxA_out] was removed.  [C:/Users/samue/OneDrive/Desktop/CPE_333/Github/CPE333/Otter333/Otter333.srcs/sources_1/imports/CPE333/otter_mcu_pipeline.sv:274]
WARNING: [Synth 8-3936] Found unconnected internal register 'mem_struct_reg[ir]' and it is trimmed from '32' to '15' bits. [C:/Users/samue/OneDrive/Desktop/CPE_333/Github/CPE333/Otter333/Otter333.srcs/sources_1/imports/CPE333/otter_mcu_pipeline.sv:111]
WARNING: [Synth 8-3936] Found unconnected internal register 'execute_struct_reg[ir]' and it is trimmed from '32' to '15' bits. [C:/Users/samue/OneDrive/Desktop/CPE_333/Github/CPE333/Otter333/Otter333.srcs/sources_1/imports/CPE333/otter_mcu_pipeline.sv:322]
WARNING: [Synth 8-3848] Net fetch_struct[rs2] in module/entity otter_mcu_pipeline does not have driver. [C:/Users/samue/OneDrive/Desktop/CPE_333/Github/CPE333/Otter333/Otter333.srcs/sources_1/imports/CPE333/otter_mcu_pipeline.sv:82]
WARNING: [Synth 8-3848] Net fetch_struct[alu_result] in module/entity otter_mcu_pipeline does not have driver. [C:/Users/samue/OneDrive/Desktop/CPE_333/Github/CPE333/Otter333/Otter333.srcs/sources_1/imports/CPE333/otter_mcu_pipeline.sv:82]
WARNING: [Synth 8-3848] Net fetch_struct[RF_MUX_out] in module/entity otter_mcu_pipeline does not have driver. [C:/Users/samue/OneDrive/Desktop/CPE_333/Github/CPE333/Otter333/Otter333.srcs/sources_1/imports/CPE333/otter_mcu_pipeline.sv:82]
WARNING: [Synth 8-3848] Net fetch_struct[muxA_out] in module/entity otter_mcu_pipeline does not have driver. [C:/Users/samue/OneDrive/Desktop/CPE_333/Github/CPE333/Otter333/Otter333.srcs/sources_1/imports/CPE333/otter_mcu_pipeline.sv:82]
WARNING: [Synth 8-3848] Net fetch_struct[muxB_out] in module/entity otter_mcu_pipeline does not have driver. [C:/Users/samue/OneDrive/Desktop/CPE_333/Github/CPE333/Otter333/Otter333.srcs/sources_1/imports/CPE333/otter_mcu_pipeline.sv:82]
WARNING: [Synth 8-3848] Net fetch_struct[memRead2] in module/entity otter_mcu_pipeline does not have driver. [C:/Users/samue/OneDrive/Desktop/CPE_333/Github/CPE333/Otter333/Otter333.srcs/sources_1/imports/CPE333/otter_mcu_pipeline.sv:82]
WARNING: [Synth 8-3848] Net fetch_struct[memWrite] in module/entity otter_mcu_pipeline does not have driver. [C:/Users/samue/OneDrive/Desktop/CPE_333/Github/CPE333/Otter333/Otter333.srcs/sources_1/imports/CPE333/otter_mcu_pipeline.sv:82]
WARNING: [Synth 8-3848] Net csr_rd in module/entity otter_mcu_pipeline does not have driver. [C:/Users/samue/OneDrive/Desktop/CPE_333/Github/CPE333/Otter333/Otter333.srcs/sources_1/imports/CPE333/otter_mcu_pipeline.sv:72]
WARNING: [Synth 8-3848] Net fetch_struct[rf_SEL] in module/entity otter_mcu_pipeline does not have driver. [C:/Users/samue/OneDrive/Desktop/CPE_333/Github/CPE333/Otter333/Otter333.srcs/sources_1/imports/CPE333/otter_mcu_pipeline.sv:82]
WARNING: [Synth 8-3848] Net fetch_struct[rs1] in module/entity otter_mcu_pipeline does not have driver. [C:/Users/samue/OneDrive/Desktop/CPE_333/Github/CPE333/Otter333/Otter333.srcs/sources_1/imports/CPE333/otter_mcu_pipeline.sv:82]
WARNING: [Synth 8-3848] Net csr_pc_mtvec in module/entity otter_mcu_pipeline does not have driver. [C:/Users/samue/OneDrive/Desktop/CPE_333/Github/CPE333/Otter333/Otter333.srcs/sources_1/imports/CPE333/otter_mcu_pipeline.sv:72]
WARNING: [Synth 8-3848] Net csr_pc_mepc in module/entity otter_mcu_pipeline does not have driver. [C:/Users/samue/OneDrive/Desktop/CPE_333/Github/CPE333/Otter333/Otter333.srcs/sources_1/imports/CPE333/otter_mcu_pipeline.sv:72]
WARNING: [Synth 8-3848] Net cu_pc_sel in module/entity otter_mcu_pipeline does not have driver. [C:/Users/samue/OneDrive/Desktop/CPE_333/Github/CPE333/Otter333/Otter333.srcs/sources_1/imports/CPE333/otter_mcu_pipeline.sv:75]
WARNING: [Synth 8-3848] Net fetch_struct[PC_SEL] in module/entity otter_mcu_pipeline does not have driver. [C:/Users/samue/OneDrive/Desktop/CPE_333/Github/CPE333/Otter333/Otter333.srcs/sources_1/imports/CPE333/otter_mcu_pipeline.sv:82]
WARNING: [Synth 8-7129] Port Instruction[6] in module Immed_Gen is either unconnected or has no load
WARNING: [Synth 8-7129] Port Instruction[5] in module Immed_Gen is either unconnected or has no load
WARNING: [Synth 8-7129] Port Instruction[4] in module Immed_Gen is either unconnected or has no load
WARNING: [Synth 8-7129] Port Instruction[3] in module Immed_Gen is either unconnected or has no load
WARNING: [Synth 8-7129] Port Instruction[2] in module Immed_Gen is either unconnected or has no load
WARNING: [Synth 8-7129] Port Instruction[1] in module Immed_Gen is either unconnected or has no load
WARNING: [Synth 8-7129] Port Instruction[0] in module Immed_Gen is either unconnected or has no load
WARNING: [Synth 8-7129] Port ir[31] in module CU_Decoder is either unconnected or has no load
WARNING: [Synth 8-7129] Port ir[29] in module CU_Decoder is either unconnected or has no load
WARNING: [Synth 8-7129] Port ir[28] in module CU_Decoder is either unconnected or has no load
WARNING: [Synth 8-7129] Port ir[27] in module CU_Decoder is either unconnected or has no load
WARNING: [Synth 8-7129] Port ir[26] in module CU_Decoder is either unconnected or has no load
WARNING: [Synth 8-7129] Port ir[25] in module CU_Decoder is either unconnected or has no load
WARNING: [Synth 8-7129] Port ir[24] in module CU_Decoder is either unconnected or has no load
WARNING: [Synth 8-7129] Port ir[23] in module CU_Decoder is either unconnected or has no load
WARNING: [Synth 8-7129] Port ir[22] in module CU_Decoder is either unconnected or has no load
WARNING: [Synth 8-7129] Port ir[21] in module CU_Decoder is either unconnected or has no load
WARNING: [Synth 8-7129] Port ir[20] in module CU_Decoder is either unconnected or has no load
WARNING: [Synth 8-7129] Port ir[19] in module CU_Decoder is either unconnected or has no load
WARNING: [Synth 8-7129] Port ir[18] in module CU_Decoder is either unconnected or has no load
WARNING: [Synth 8-7129] Port ir[17] in module CU_Decoder is either unconnected or has no load
WARNING: [Synth 8-7129] Port ir[16] in module CU_Decoder is either unconnected or has no load
WARNING: [Synth 8-7129] Port ir[15] in module CU_Decoder is either unconnected or has no load
WARNING: [Synth 8-7129] Port ir[11] in module CU_Decoder is either unconnected or has no load
WARNING: [Synth 8-7129] Port ir[10] in module CU_Decoder is either unconnected or has no load
WARNING: [Synth 8-7129] Port ir[9] in module CU_Decoder is either unconnected or has no load
WARNING: [Synth 8-7129] Port ir[8] in module CU_Decoder is either unconnected or has no load
WARNING: [Synth 8-7129] Port ir[7] in module CU_Decoder is either unconnected or has no load
WARNING: [Synth 8-7129] Port br_LT in module CU_Decoder is either unconnected or has no load
WARNING: [Synth 8-7129] Port br_LTU in module CU_Decoder is either unconnected or has no load
WARNING: [Synth 8-7129] Port CU_RST in module CU_Decoder is either unconnected or has no load
WARNING: [Synth 8-7129] Port PC_SEL[2] in module ProgramCounter is either unconnected or has no load
WARNING: [Synth 8-7129] Port PC_SEL[1] in module ProgramCounter is either unconnected or has no load
WARNING: [Synth 8-7129] Port PC_SEL[0] in module ProgramCounter is either unconnected or has no load
WARNING: [Synth 8-7129] Port INTR in module otter_mcu_pipeline is either unconnected or has no load
---------------------------------------------------------------------------------
Finished Synthesize : Time (s): cpu = 00:00:01 ; elapsed = 00:00:06 . Memory (MB): peak = 976.172 ; gain = 516.664
---------------------------------------------------------------------------------
---------------------------------------------------------------------------------
Finished Constraint Validation : Time (s): cpu = 00:00:02 ; elapsed = 00:00:07 . Memory (MB): peak = 976.172 ; gain = 516.664
---------------------------------------------------------------------------------
---------------------------------------------------------------------------------
Start Loading Part and Timing Information
---------------------------------------------------------------------------------
Loading part: xc7a35ticpg236-1L
---------------------------------------------------------------------------------
Finished Loading Part and Timing Information : Time (s): cpu = 00:00:02 ; elapsed = 00:00:07 . Memory (MB): peak = 976.172 ; gain = 516.664
---------------------------------------------------------------------------------
INFO: [Device 21-403] Loading part xc7a35ticpg236-1L
INFO: [Synth 8-7030] Implemented Non-Cascaded Block Ram (cascade_height = 1) of width 32 for RAM "Memory:/memory_reg"
INFO: [Synth 8-7030] Implemented Non-Cascaded Block Ram (cascade_height = 1) of width 32 for RAM "Memory:/memory_reg"
INFO: [Synth 8-7030] Implemented Non-Cascaded Block Ram (cascade_height = 1) of width 32 for RAM "Memory:/memory_reg"
INFO: [Synth 8-7030] Implemented Non-Cascaded Block Ram (cascade_height = 1) of width 32 for RAM "Memory:/memory_reg"
INFO: [Synth 8-7030] Implemented Non-Cascaded Block Ram (cascade_height = 1) of width 32 for RAM "Memory:/memory_reg"
INFO: [Synth 8-7030] Implemented Non-Cascaded Block Ram (cascade_height = 1) of width 32 for RAM "Memory:/memory_reg"
INFO: [Synth 8-7030] Implemented Non-Cascaded Block Ram (cascade_height = 1) of width 32 for RAM "Memory:/memory_reg"
INFO: [Synth 8-7030] Implemented Non-Cascaded Block Ram (cascade_height = 1) of width 32 for RAM "Memory:/memory_reg"
INFO: [Synth 8-7030] Implemented Non-Cascaded Block Ram (cascade_height = 1) of width 32 for RAM "Memory:/memory_reg"
INFO: [Synth 8-7030] Implemented Non-Cascaded Block Ram (cascade_height = 1) of width 32 for RAM "Memory:/memory_reg"
INFO: [Synth 8-7030] Implemented Non-Cascaded Block Ram (cascade_height = 1) of width 32 for RAM "Memory:/memory_reg"
INFO: [Synth 8-7030] Implemented Non-Cascaded Block Ram (cascade_height = 1) of width 32 for RAM "Memory:/memory_reg"
INFO: [Synth 8-7030] Implemented Non-Cascaded Block Ram (cascade_height = 1) of width 32 for RAM "Memory:/memory_reg"
INFO: [Synth 8-7030] Implemented Non-Cascaded Block Ram (cascade_height = 1) of width 32 for RAM "Memory:/memory_reg"
INFO: [Synth 8-7030] Implemented Non-Cascaded Block Ram (cascade_height = 1) of width 32 for RAM "Memory:/memory_reg"
INFO: [Synth 8-7030] Implemented Non-Cascaded Block Ram (cascade_height = 1) of width 32 for RAM "Memory:/memory_reg"
---------------------------------------------------------------------------------
Finished RTL Optimization Phase 2 : Time (s): cpu = 00:00:02 ; elapsed = 00:00:07 . Memory (MB): peak = 976.172 ; gain = 516.664
---------------------------------------------------------------------------------
No constraint files found.
---------------------------------------------------------------------------------
Start RTL Component Statistics 
---------------------------------------------------------------------------------
Detailed RTL Component Info : 
+---Adders : 
	   2 Input   32 Bit       Adders := 6     
	   3 Input   32 Bit       Adders := 1     
+---XORs : 
	   2 Input     32 Bit         XORs := 1     
+---Registers : 
	               32 Bit    Registers := 34    
	               15 Bit    Registers := 2     
	                5 Bit    Registers := 6     
	                4 Bit    Registers := 1     
	                3 Bit    Registers := 1     
	                2 Bit    Registers := 4     
	                1 Bit    Registers := 13    
+---RAMs : 
	             512K Bit	(16384 X 32 bit)          RAMs := 1     
	             1024 Bit	(32 X 32 bit)          RAMs := 1     
+---Muxes : 
	   2 Input   32 Bit        Muxes := 5     
	   9 Input   32 Bit        Muxes := 2     
	  16 Input   32 Bit        Muxes := 1     
	   4 Input   32 Bit        Muxes := 1     
	   5 Input   32 Bit        Muxes := 1     
	   2 Input   31 Bit        Muxes := 1     
	  11 Input    6 Bit        Muxes := 1     
	   2 Input    4 Bit        Muxes := 1     
	   6 Input    4 Bit        Muxes := 1     
	   6 Input    2 Bit        Muxes := 2     
	   9 Input    1 Bit        Muxes := 1     
	   6 Input    1 Bit        Muxes := 4     
---------------------------------------------------------------------------------
Finished RTL Component Statistics 
---------------------------------------------------------------------------------
---------------------------------------------------------------------------------
Start Part Resource Summary
---------------------------------------------------------------------------------
Part Resources:
DSPs: 90 (col length:60)
BRAMs: 100 (col length: RAMB18 60 RAMB36 30)
---------------------------------------------------------------------------------
Finished Part Resource Summary
---------------------------------------------------------------------------------
No constraint files found.
---------------------------------------------------------------------------------
Start Cross Boundary and Area Optimization
---------------------------------------------------------------------------------
WARNING: [Synth 8-7080] Parallel synthesis criteria is not met
WARNING: [Synth 8-7129] Port PC_SEL[2] in module ProgramCounter is either unconnected or has no load
WARNING: [Synth 8-7129] Port PC_SEL[1] in module ProgramCounter is either unconnected or has no load
WARNING: [Synth 8-7129] Port PC_SEL[0] in module ProgramCounter is either unconnected or has no load
WARNING: [Synth 8-7129] Port INTR in module otter_mcu_pipeline is either unconnected or has no load
INFO: [Synth 8-7030] Implemented Non-Cascaded Block Ram (cascade_height = 1) of width 32 for RAM "otter_mcu_pipeline/otter_memory/memory_reg"
INFO: [Synth 8-7030] Implemented Non-Cascaded Block Ram (cascade_height = 1) of width 32 for RAM "otter_mcu_pipeline/otter_memory/memory_reg"
INFO: [Synth 8-7030] Implemented Non-Cascaded Block Ram (cascade_height = 1) of width 32 for RAM "otter_mcu_pipeline/otter_memory/memory_reg"
INFO: [Synth 8-7030] Implemented Non-Cascaded Block Ram (cascade_height = 1) of width 32 for RAM "otter_mcu_pipeline/otter_memory/memory_reg"
INFO: [Synth 8-7030] Implemented Non-Cascaded Block Ram (cascade_height = 1) of width 32 for RAM "otter_mcu_pipeline/otter_memory/memory_reg"
INFO: [Synth 8-7030] Implemented Non-Cascaded Block Ram (cascade_height = 1) of width 32 for RAM "otter_mcu_pipeline/otter_memory/memory_reg"
INFO: [Synth 8-7030] Implemented Non-Cascaded Block Ram (cascade_height = 1) of width 32 for RAM "otter_mcu_pipeline/otter_memory/memory_reg"
INFO: [Synth 8-7030] Implemented Non-Cascaded Block Ram (cascade_height = 1) of width 32 for RAM "otter_mcu_pipeline/otter_memory/memory_reg"
INFO: [Synth 8-7030] Implemented Non-Cascaded Block Ram (cascade_height = 1) of width 32 for RAM "otter_mcu_pipeline/otter_memory/memory_reg"
INFO: [Synth 8-7030] Implemented Non-Cascaded Block Ram (cascade_height = 1) of width 32 for RAM "otter_mcu_pipeline/otter_memory/memory_reg"
INFO: [Synth 8-7030] Implemented Non-Cascaded Block Ram (cascade_height = 1) of width 32 for RAM "otter_mcu_pipeline/otter_memory/memory_reg"
INFO: [Synth 8-7030] Implemented Non-Cascaded Block Ram (cascade_height = 1) of width 32 for RAM "otter_mcu_pipeline/otter_memory/memory_reg"
INFO: [Synth 8-7030] Implemented Non-Cascaded Block Ram (cascade_height = 1) of width 32 for RAM "otter_mcu_pipeline/otter_memory/memory_reg"
INFO: [Synth 8-7030] Implemented Non-Cascaded Block Ram (cascade_height = 1) of width 32 for RAM "otter_mcu_pipeline/otter_memory/memory_reg"
INFO: [Synth 8-7030] Implemented Non-Cascaded Block Ram (cascade_height = 1) of width 32 for RAM "otter_mcu_pipeline/otter_memory/memory_reg"
INFO: [Synth 8-7030] Implemented Non-Cascaded Block Ram (cascade_height = 1) of width 32 for RAM "otter_mcu_pipeline/otter_memory/memory_reg"
CRITICAL WARNING: [Synth 8-6859] multi-driven net on pin MUX_A[31] with 1st driver pin 'otter_PC/pc_register/PCP4_reg[31]/Q' [C:/Users/samue/OneDrive/Desktop/CPE_333/Github/CPE333/Otter333/Otter333.srcs/sources_1/imports/Hardware/Program Counter/Program Counter.srcs/sources_1/new/PCregister.sv:33]
CRITICAL WARNING: [Synth 8-6859] multi-driven net on pin MUX_A[31] with 2nd driver pin 'GND' [C:/Users/samue/OneDrive/Desktop/CPE_333/Github/CPE333/Otter333/Otter333.srcs/sources_1/imports/Hardware/Program Counter/Program Counter.srcs/sources_1/new/PCregister.sv:33]
CRITICAL WARNING: [Synth 8-6858] multi-driven net MUX_A[31] is connected to at least one constant driver which has been preserved, other driver is ignored [C:/Users/samue/OneDrive/Desktop/CPE_333/Github/CPE333/Otter333/Otter333.srcs/sources_1/imports/Hardware/Program Counter/Program Counter.srcs/sources_1/new/PCregister.sv:33]
CRITICAL WARNING: [Synth 8-6859] multi-driven net on pin MUX_A[30] with 1st driver pin 'otter_PC/pc_register/PCP4_reg[30]/Q' [C:/Users/samue/OneDrive/Desktop/CPE_333/Github/CPE333/Otter333/Otter333.srcs/sources_1/imports/Hardware/Program Counter/Program Counter.srcs/sources_1/new/PCregister.sv:33]
CRITICAL WARNING: [Synth 8-6859] multi-driven net on pin MUX_A[30] with 2nd driver pin 'GND' [C:/Users/samue/OneDrive/Desktop/CPE_333/Github/CPE333/Otter333/Otter333.srcs/sources_1/imports/Hardware/Program Counter/Program Counter.srcs/sources_1/new/PCregister.sv:33]
CRITICAL WARNING: [Synth 8-6858] multi-driven net MUX_A[30] is connected to at least one constant driver which has been preserved, other driver is ignored [C:/Users/samue/OneDrive/Desktop/CPE_333/Github/CPE333/Otter333/Otter333.srcs/sources_1/imports/Hardware/Program Counter/Program Counter.srcs/sources_1/new/PCregister.sv:33]
CRITICAL WARNING: [Synth 8-6859] multi-driven net on pin MUX_A[29] with 1st driver pin 'otter_PC/pc_register/PCP4_reg[29]/Q' [C:/Users/samue/OneDrive/Desktop/CPE_333/Github/CPE333/Otter333/Otter333.srcs/sources_1/imports/Hardware/Program Counter/Program Counter.srcs/sources_1/new/PCregister.sv:33]
CRITICAL WARNING: [Synth 8-6859] multi-driven net on pin MUX_A[29] with 2nd driver pin 'GND' [C:/Users/samue/OneDrive/Desktop/CPE_333/Github/CPE333/Otter333/Otter333.srcs/sources_1/imports/Hardware/Program Counter/Program Counter.srcs/sources_1/new/PCregister.sv:33]
CRITICAL WARNING: [Synth 8-6858] multi-driven net MUX_A[29] is connected to at least one constant driver which has been preserved, other driver is ignored [C:/Users/samue/OneDrive/Desktop/CPE_333/Github/CPE333/Otter333/Otter333.srcs/sources_1/imports/Hardware/Program Counter/Program Counter.srcs/sources_1/new/PCregister.sv:33]
CRITICAL WARNING: [Synth 8-6859] multi-driven net on pin MUX_A[28] with 1st driver pin 'otter_PC/pc_register/PCP4_reg[28]/Q' [C:/Users/samue/OneDrive/Desktop/CPE_333/Github/CPE333/Otter333/Otter333.srcs/sources_1/imports/Hardware/Program Counter/Program Counter.srcs/sources_1/new/PCregister.sv:33]
CRITICAL WARNING: [Synth 8-6859] multi-driven net on pin MUX_A[28] with 2nd driver pin 'GND' [C:/Users/samue/OneDrive/Desktop/CPE_333/Github/CPE333/Otter333/Otter333.srcs/sources_1/imports/Hardware/Program Counter/Program Counter.srcs/sources_1/new/PCregister.sv:33]
CRITICAL WARNING: [Synth 8-6858] multi-driven net MUX_A[28] is connected to at least one constant driver which has been preserved, other driver is ignored [C:/Users/samue/OneDrive/Desktop/CPE_333/Github/CPE333/Otter333/Otter333.srcs/sources_1/imports/Hardware/Program Counter/Program Counter.srcs/sources_1/new/PCregister.sv:33]
CRITICAL WARNING: [Synth 8-6859] multi-driven net on pin MUX_A[27] with 1st driver pin 'otter_PC/pc_register/PCP4_reg[27]/Q' [C:/Users/samue/OneDrive/Desktop/CPE_333/Github/CPE333/Otter333/Otter333.srcs/sources_1/imports/Hardware/Program Counter/Program Counter.srcs/sources_1/new/PCregister.sv:33]
CRITICAL WARNING: [Synth 8-6859] multi-driven net on pin MUX_A[27] with 2nd driver pin 'GND' [C:/Users/samue/OneDrive/Desktop/CPE_333/Github/CPE333/Otter333/Otter333.srcs/sources_1/imports/Hardware/Program Counter/Program Counter.srcs/sources_1/new/PCregister.sv:33]
CRITICAL WARNING: [Synth 8-6858] multi-driven net MUX_A[27] is connected to at least one constant driver which has been preserved, other driver is ignored [C:/Users/samue/OneDrive/Desktop/CPE_333/Github/CPE333/Otter333/Otter333.srcs/sources_1/imports/Hardware/Program Counter/Program Counter.srcs/sources_1/new/PCregister.sv:33]
CRITICAL WARNING: [Synth 8-6859] multi-driven net on pin MUX_A[26] with 1st driver pin 'otter_PC/pc_register/PCP4_reg[26]/Q' [C:/Users/samue/OneDrive/Desktop/CPE_333/Github/CPE333/Otter333/Otter333.srcs/sources_1/imports/Hardware/Program Counter/Program Counter.srcs/sources_1/new/PCregister.sv:33]
CRITICAL WARNING: [Synth 8-6859] multi-driven net on pin MUX_A[26] with 2nd driver pin 'GND' [C:/Users/samue/OneDrive/Desktop/CPE_333/Github/CPE333/Otter333/Otter333.srcs/sources_1/imports/Hardware/Program Counter/Program Counter.srcs/sources_1/new/PCregister.sv:33]
CRITICAL WARNING: [Synth 8-6858] multi-driven net MUX_A[26] is connected to at least one constant driver which has been preserved, other driver is ignored [C:/Users/samue/OneDrive/Desktop/CPE_333/Github/CPE333/Otter333/Otter333.srcs/sources_1/imports/Hardware/Program Counter/Program Counter.srcs/sources_1/new/PCregister.sv:33]
CRITICAL WARNING: [Synth 8-6859] multi-driven net on pin MUX_A[25] with 1st driver pin 'otter_PC/pc_register/PCP4_reg[25]/Q' [C:/Users/samue/OneDrive/Desktop/CPE_333/Github/CPE333/Otter333/Otter333.srcs/sources_1/imports/Hardware/Program Counter/Program Counter.srcs/sources_1/new/PCregister.sv:33]
CRITICAL WARNING: [Synth 8-6859] multi-driven net on pin MUX_A[25] with 2nd driver pin 'GND' [C:/Users/samue/OneDrive/Desktop/CPE_333/Github/CPE333/Otter333/Otter333.srcs/sources_1/imports/Hardware/Program Counter/Program Counter.srcs/sources_1/new/PCregister.sv:33]
CRITICAL WARNING: [Synth 8-6858] multi-driven net MUX_A[25] is connected to at least one constant driver which has been preserved, other driver is ignored [C:/Users/samue/OneDrive/Desktop/CPE_333/Github/CPE333/Otter333/Otter333.srcs/sources_1/imports/Hardware/Program Counter/Program Counter.srcs/sources_1/new/PCregister.sv:33]
CRITICAL WARNING: [Synth 8-6859] multi-driven net on pin MUX_A[24] with 1st driver pin 'otter_PC/pc_register/PCP4_reg[24]/Q' [C:/Users/samue/OneDrive/Desktop/CPE_333/Github/CPE333/Otter333/Otter333.srcs/sources_1/imports/Hardware/Program Counter/Program Counter.srcs/sources_1/new/PCregister.sv:33]
CRITICAL WARNING: [Synth 8-6859] multi-driven net on pin MUX_A[24] with 2nd driver pin 'GND' [C:/Users/samue/OneDrive/Desktop/CPE_333/Github/CPE333/Otter333/Otter333.srcs/sources_1/imports/Hardware/Program Counter/Program Counter.srcs/sources_1/new/PCregister.sv:33]
CRITICAL WARNING: [Synth 8-6858] multi-driven net MUX_A[24] is connected to at least one constant driver which has been preserved, other driver is ignored [C:/Users/samue/OneDrive/Desktop/CPE_333/Github/CPE333/Otter333/Otter333.srcs/sources_1/imports/Hardware/Program Counter/Program Counter.srcs/sources_1/new/PCregister.sv:33]
CRITICAL WARNING: [Synth 8-6859] multi-driven net on pin MUX_A[23] with 1st driver pin 'otter_PC/pc_register/PCP4_reg[23]/Q' [C:/Users/samue/OneDrive/Desktop/CPE_333/Github/CPE333/Otter333/Otter333.srcs/sources_1/imports/Hardware/Program Counter/Program Counter.srcs/sources_1/new/PCregister.sv:33]
CRITICAL WARNING: [Synth 8-6859] multi-driven net on pin MUX_A[23] with 2nd driver pin 'GND' [C:/Users/samue/OneDrive/Desktop/CPE_333/Github/CPE333/Otter333/Otter333.srcs/sources_1/imports/Hardware/Program Counter/Program Counter.srcs/sources_1/new/PCregister.sv:33]
CRITICAL WARNING: [Synth 8-6858] multi-driven net MUX_A[23] is connected to at least one constant driver which has been preserved, other driver is ignored [C:/Users/samue/OneDrive/Desktop/CPE_333/Github/CPE333/Otter333/Otter333.srcs/sources_1/imports/Hardware/Program Counter/Program Counter.srcs/sources_1/new/PCregister.sv:33]
CRITICAL WARNING: [Synth 8-6859] multi-driven net on pin MUX_A[22] with 1st driver pin 'otter_PC/pc_register/PCP4_reg[22]/Q' [C:/Users/samue/OneDrive/Desktop/CPE_333/Github/CPE333/Otter333/Otter333.srcs/sources_1/imports/Hardware/Program Counter/Program Counter.srcs/sources_1/new/PCregister.sv:33]
CRITICAL WARNING: [Synth 8-6859] multi-driven net on pin MUX_A[22] with 2nd driver pin 'GND' [C:/Users/samue/OneDrive/Desktop/CPE_333/Github/CPE333/Otter333/Otter333.srcs/sources_1/imports/Hardware/Program Counter/Program Counter.srcs/sources_1/new/PCregister.sv:33]
CRITICAL WARNING: [Synth 8-6858] multi-driven net MUX_A[22] is connected to at least one constant driver which has been preserved, other driver is ignored [C:/Users/samue/OneDrive/Desktop/CPE_333/Github/CPE333/Otter333/Otter333.srcs/sources_1/imports/Hardware/Program Counter/Program Counter.srcs/sources_1/new/PCregister.sv:33]
CRITICAL WARNING: [Synth 8-6859] multi-driven net on pin MUX_A[21] with 1st driver pin 'otter_PC/pc_register/PCP4_reg[21]/Q' [C:/Users/samue/OneDrive/Desktop/CPE_333/Github/CPE333/Otter333/Otter333.srcs/sources_1/imports/Hardware/Program Counter/Program Counter.srcs/sources_1/new/PCregister.sv:33]
CRITICAL WARNING: [Synth 8-6859] multi-driven net on pin MUX_A[21] with 2nd driver pin 'GND' [C:/Users/samue/OneDrive/Desktop/CPE_333/Github/CPE333/Otter333/Otter333.srcs/sources_1/imports/Hardware/Program Counter/Program Counter.srcs/sources_1/new/PCregister.sv:33]
CRITICAL WARNING: [Synth 8-6858] multi-driven net MUX_A[21] is connected to at least one constant driver which has been preserved, other driver is ignored [C:/Users/samue/OneDrive/Desktop/CPE_333/Github/CPE333/Otter333/Otter333.srcs/sources_1/imports/Hardware/Program Counter/Program Counter.srcs/sources_1/new/PCregister.sv:33]
CRITICAL WARNING: [Synth 8-6859] multi-driven net on pin MUX_A[20] with 1st driver pin 'otter_PC/pc_register/PCP4_reg[20]/Q' [C:/Users/samue/OneDrive/Desktop/CPE_333/Github/CPE333/Otter333/Otter333.srcs/sources_1/imports/Hardware/Program Counter/Program Counter.srcs/sources_1/new/PCregister.sv:33]
CRITICAL WARNING: [Synth 8-6859] multi-driven net on pin MUX_A[20] with 2nd driver pin 'GND' [C:/Users/samue/OneDrive/Desktop/CPE_333/Github/CPE333/Otter333/Otter333.srcs/sources_1/imports/Hardware/Program Counter/Program Counter.srcs/sources_1/new/PCregister.sv:33]
CRITICAL WARNING: [Synth 8-6858] multi-driven net MUX_A[20] is connected to at least one constant driver which has been preserved, other driver is ignored [C:/Users/samue/OneDrive/Desktop/CPE_333/Github/CPE333/Otter333/Otter333.srcs/sources_1/imports/Hardware/Program Counter/Program Counter.srcs/sources_1/new/PCregister.sv:33]
CRITICAL WARNING: [Synth 8-6859] multi-driven net on pin MUX_A[19] with 1st driver pin 'otter_PC/pc_register/PCP4_reg[19]/Q' [C:/Users/samue/OneDrive/Desktop/CPE_333/Github/CPE333/Otter333/Otter333.srcs/sources_1/imports/Hardware/Program Counter/Program Counter.srcs/sources_1/new/PCregister.sv:33]
CRITICAL WARNING: [Synth 8-6859] multi-driven net on pin MUX_A[19] with 2nd driver pin 'GND' [C:/Users/samue/OneDrive/Desktop/CPE_333/Github/CPE333/Otter333/Otter333.srcs/sources_1/imports/Hardware/Program Counter/Program Counter.srcs/sources_1/new/PCregister.sv:33]
CRITICAL WARNING: [Synth 8-6858] multi-driven net MUX_A[19] is connected to at least one constant driver which has been preserved, other driver is ignored [C:/Users/samue/OneDrive/Desktop/CPE_333/Github/CPE333/Otter333/Otter333.srcs/sources_1/imports/Hardware/Program Counter/Program Counter.srcs/sources_1/new/PCregister.sv:33]
CRITICAL WARNING: [Synth 8-6859] multi-driven net on pin MUX_A[18] with 1st driver pin 'otter_PC/pc_register/PCP4_reg[18]/Q' [C:/Users/samue/OneDrive/Desktop/CPE_333/Github/CPE333/Otter333/Otter333.srcs/sources_1/imports/Hardware/Program Counter/Program Counter.srcs/sources_1/new/PCregister.sv:33]
CRITICAL WARNING: [Synth 8-6859] multi-driven net on pin MUX_A[18] with 2nd driver pin 'GND' [C:/Users/samue/OneDrive/Desktop/CPE_333/Github/CPE333/Otter333/Otter333.srcs/sources_1/imports/Hardware/Program Counter/Program Counter.srcs/sources_1/new/PCregister.sv:33]
CRITICAL WARNING: [Synth 8-6858] multi-driven net MUX_A[18] is connected to at least one constant driver which has been preserved, other driver is ignored [C:/Users/samue/OneDrive/Desktop/CPE_333/Github/CPE333/Otter333/Otter333.srcs/sources_1/imports/Hardware/Program Counter/Program Counter.srcs/sources_1/new/PCregister.sv:33]
CRITICAL WARNING: [Synth 8-6859] multi-driven net on pin MUX_A[17] with 1st driver pin 'otter_PC/pc_register/PCP4_reg[17]/Q' [C:/Users/samue/OneDrive/Desktop/CPE_333/Github/CPE333/Otter333/Otter333.srcs/sources_1/imports/Hardware/Program Counter/Program Counter.srcs/sources_1/new/PCregister.sv:33]
CRITICAL WARNING: [Synth 8-6859] multi-driven net on pin MUX_A[17] with 2nd driver pin 'GND' [C:/Users/samue/OneDrive/Desktop/CPE_333/Github/CPE333/Otter333/Otter333.srcs/sources_1/imports/Hardware/Program Counter/Program Counter.srcs/sources_1/new/PCregister.sv:33]
CRITICAL WARNING: [Synth 8-6858] multi-driven net MUX_A[17] is connected to at least one constant driver which has been preserved, other driver is ignored [C:/Users/samue/OneDrive/Desktop/CPE_333/Github/CPE333/Otter333/Otter333.srcs/sources_1/imports/Hardware/Program Counter/Program Counter.srcs/sources_1/new/PCregister.sv:33]
CRITICAL WARNING: [Synth 8-6859] multi-driven net on pin MUX_A[16] with 1st driver pin 'otter_PC/pc_register/PCP4_reg[16]/Q' [C:/Users/samue/OneDrive/Desktop/CPE_333/Github/CPE333/Otter333/Otter333.srcs/sources_1/imports/Hardware/Program Counter/Program Counter.srcs/sources_1/new/PCregister.sv:33]
CRITICAL WARNING: [Synth 8-6859] multi-driven net on pin MUX_A[16] with 2nd driver pin 'GND' [C:/Users/samue/OneDrive/Desktop/CPE_333/Github/CPE333/Otter333/Otter333.srcs/sources_1/imports/Hardware/Program Counter/Program Counter.srcs/sources_1/new/PCregister.sv:33]
CRITICAL WARNING: [Synth 8-6858] multi-driven net MUX_A[16] is connected to at least one constant driver which has been preserved, other driver is ignored [C:/Users/samue/OneDrive/Desktop/CPE_333/Github/CPE333/Otter333/Otter333.srcs/sources_1/imports/Hardware/Program Counter/Program Counter.srcs/sources_1/new/PCregister.sv:33]
CRITICAL WARNING: [Synth 8-6859] multi-driven net on pin MUX_A[15] with 1st driver pin 'otter_PC/pc_register/PCP4_reg[15]/Q' [C:/Users/samue/OneDrive/Desktop/CPE_333/Github/CPE333/Otter333/Otter333.srcs/sources_1/imports/Hardware/Program Counter/Program Counter.srcs/sources_1/new/PCregister.sv:33]
CRITICAL WARNING: [Synth 8-6859] multi-driven net on pin MUX_A[15] with 2nd driver pin 'GND' [C:/Users/samue/OneDrive/Desktop/CPE_333/Github/CPE333/Otter333/Otter333.srcs/sources_1/imports/Hardware/Program Counter/Program Counter.srcs/sources_1/new/PCregister.sv:33]
CRITICAL WARNING: [Synth 8-6858] multi-driven net MUX_A[15] is connected to at least one constant driver which has been preserved, other driver is ignored [C:/Users/samue/OneDrive/Desktop/CPE_333/Github/CPE333/Otter333/Otter333.srcs/sources_1/imports/Hardware/Program Counter/Program Counter.srcs/sources_1/new/PCregister.sv:33]
CRITICAL WARNING: [Synth 8-6859] multi-driven net on pin MUX_A[14] with 1st driver pin 'otter_PC/pc_register/PCP4_reg[14]/Q' [C:/Users/samue/OneDrive/Desktop/CPE_333/Github/CPE333/Otter333/Otter333.srcs/sources_1/imports/Hardware/Program Counter/Program Counter.srcs/sources_1/new/PCregister.sv:33]
CRITICAL WARNING: [Synth 8-6859] multi-driven net on pin MUX_A[14] with 2nd driver pin 'GND' [C:/Users/samue/OneDrive/Desktop/CPE_333/Github/CPE333/Otter333/Otter333.srcs/sources_1/imports/Hardware/Program Counter/Program Counter.srcs/sources_1/new/PCregister.sv:33]
CRITICAL WARNING: [Synth 8-6858] multi-driven net MUX_A[14] is connected to at least one constant driver which has been preserved, other driver is ignored [C:/Users/samue/OneDrive/Desktop/CPE_333/Github/CPE333/Otter333/Otter333.srcs/sources_1/imports/Hardware/Program Counter/Program Counter.srcs/sources_1/new/PCregister.sv:33]
CRITICAL WARNING: [Synth 8-6859] multi-driven net on pin MUX_A[13] with 1st driver pin 'otter_PC/pc_register/PCP4_reg[13]/Q' [C:/Users/samue/OneDrive/Desktop/CPE_333/Github/CPE333/Otter333/Otter333.srcs/sources_1/imports/Hardware/Program Counter/Program Counter.srcs/sources_1/new/PCregister.sv:33]
CRITICAL WARNING: [Synth 8-6859] multi-driven net on pin MUX_A[13] with 2nd driver pin 'GND' [C:/Users/samue/OneDrive/Desktop/CPE_333/Github/CPE333/Otter333/Otter333.srcs/sources_1/imports/Hardware/Program Counter/Program Counter.srcs/sources_1/new/PCregister.sv:33]
CRITICAL WARNING: [Synth 8-6858] multi-driven net MUX_A[13] is connected to at least one constant driver which has been preserved, other driver is ignored [C:/Users/samue/OneDrive/Desktop/CPE_333/Github/CPE333/Otter333/Otter333.srcs/sources_1/imports/Hardware/Program Counter/Program Counter.srcs/sources_1/new/PCregister.sv:33]
CRITICAL WARNING: [Synth 8-6859] multi-driven net on pin MUX_A[12] with 1st driver pin 'otter_PC/pc_register/PCP4_reg[12]/Q' [C:/Users/samue/OneDrive/Desktop/CPE_333/Github/CPE333/Otter333/Otter333.srcs/sources_1/imports/Hardware/Program Counter/Program Counter.srcs/sources_1/new/PCregister.sv:33]
CRITICAL WARNING: [Synth 8-6859] multi-driven net on pin MUX_A[12] with 2nd driver pin 'GND' [C:/Users/samue/OneDrive/Desktop/CPE_333/Github/CPE333/Otter333/Otter333.srcs/sources_1/imports/Hardware/Program Counter/Program Counter.srcs/sources_1/new/PCregister.sv:33]
CRITICAL WARNING: [Synth 8-6858] multi-driven net MUX_A[12] is connected to at least one constant driver which has been preserved, other driver is ignored [C:/Users/samue/OneDrive/Desktop/CPE_333/Github/CPE333/Otter333/Otter333.srcs/sources_1/imports/Hardware/Program Counter/Program Counter.srcs/sources_1/new/PCregister.sv:33]
CRITICAL WARNING: [Synth 8-6859] multi-driven net on pin MUX_A[11] with 1st driver pin 'otter_PC/pc_register/PCP4_reg[11]/Q' [C:/Users/samue/OneDrive/Desktop/CPE_333/Github/CPE333/Otter333/Otter333.srcs/sources_1/imports/Hardware/Program Counter/Program Counter.srcs/sources_1/new/PCregister.sv:33]
CRITICAL WARNING: [Synth 8-6859] multi-driven net on pin MUX_A[11] with 2nd driver pin 'GND' [C:/Users/samue/OneDrive/Desktop/CPE_333/Github/CPE333/Otter333/Otter333.srcs/sources_1/imports/Hardware/Program Counter/Program Counter.srcs/sources_1/new/PCregister.sv:33]
CRITICAL WARNING: [Synth 8-6858] multi-driven net MUX_A[11] is connected to at least one constant driver which has been preserved, other driver is ignored [C:/Users/samue/OneDrive/Desktop/CPE_333/Github/CPE333/Otter333/Otter333.srcs/sources_1/imports/Hardware/Program Counter/Program Counter.srcs/sources_1/new/PCregister.sv:33]
CRITICAL WARNING: [Synth 8-6859] multi-driven net on pin MUX_A[10] with 1st driver pin 'otter_PC/pc_register/PCP4_reg[10]/Q' [C:/Users/samue/OneDrive/Desktop/CPE_333/Github/CPE333/Otter333/Otter333.srcs/sources_1/imports/Hardware/Program Counter/Program Counter.srcs/sources_1/new/PCregister.sv:33]
CRITICAL WARNING: [Synth 8-6859] multi-driven net on pin MUX_A[10] with 2nd driver pin 'GND' [C:/Users/samue/OneDrive/Desktop/CPE_333/Github/CPE333/Otter333/Otter333.srcs/sources_1/imports/Hardware/Program Counter/Program Counter.srcs/sources_1/new/PCregister.sv:33]
CRITICAL WARNING: [Synth 8-6858] multi-driven net MUX_A[10] is connected to at least one constant driver which has been preserved, other driver is ignored [C:/Users/samue/OneDrive/Desktop/CPE_333/Github/CPE333/Otter333/Otter333.srcs/sources_1/imports/Hardware/Program Counter/Program Counter.srcs/sources_1/new/PCregister.sv:33]
CRITICAL WARNING: [Synth 8-6859] multi-driven net on pin MUX_A[9] with 1st driver pin 'otter_PC/pc_register/PCP4_reg[9]/Q' [C:/Users/samue/OneDrive/Desktop/CPE_333/Github/CPE333/Otter333/Otter333.srcs/sources_1/imports/Hardware/Program Counter/Program Counter.srcs/sources_1/new/PCregister.sv:33]
CRITICAL WARNING: [Synth 8-6859] multi-driven net on pin MUX_A[9] with 2nd driver pin 'GND' [C:/Users/samue/OneDrive/Desktop/CPE_333/Github/CPE333/Otter333/Otter333.srcs/sources_1/imports/Hardware/Program Counter/Program Counter.srcs/sources_1/new/PCregister.sv:33]
CRITICAL WARNING: [Synth 8-6858] multi-driven net MUX_A[9] is connected to at least one constant driver which has been preserved, other driver is ignored [C:/Users/samue/OneDrive/Desktop/CPE_333/Github/CPE333/Otter333/Otter333.srcs/sources_1/imports/Hardware/Program Counter/Program Counter.srcs/sources_1/new/PCregister.sv:33]
CRITICAL WARNING: [Synth 8-6859] multi-driven net on pin MUX_A[8] with 1st driver pin 'otter_PC/pc_register/PCP4_reg[8]/Q' [C:/Users/samue/OneDrive/Desktop/CPE_333/Github/CPE333/Otter333/Otter333.srcs/sources_1/imports/Hardware/Program Counter/Program Counter.srcs/sources_1/new/PCregister.sv:33]
CRITICAL WARNING: [Synth 8-6859] multi-driven net on pin MUX_A[8] with 2nd driver pin 'GND' [C:/Users/samue/OneDrive/Desktop/CPE_333/Github/CPE333/Otter333/Otter333.srcs/sources_1/imports/Hardware/Program Counter/Program Counter.srcs/sources_1/new/PCregister.sv:33]
CRITICAL WARNING: [Synth 8-6858] multi-driven net MUX_A[8] is connected to at least one constant driver which has been preserved, other driver is ignored [C:/Users/samue/OneDrive/Desktop/CPE_333/Github/CPE333/Otter333/Otter333.srcs/sources_1/imports/Hardware/Program Counter/Program Counter.srcs/sources_1/new/PCregister.sv:33]
CRITICAL WARNING: [Synth 8-6859] multi-driven net on pin MUX_A[7] with 1st driver pin 'otter_PC/pc_register/PCP4_reg[7]/Q' [C:/Users/samue/OneDrive/Desktop/CPE_333/Github/CPE333/Otter333/Otter333.srcs/sources_1/imports/Hardware/Program Counter/Program Counter.srcs/sources_1/new/PCregister.sv:33]
CRITICAL WARNING: [Synth 8-6859] multi-driven net on pin MUX_A[7] with 2nd driver pin 'GND' [C:/Users/samue/OneDrive/Desktop/CPE_333/Github/CPE333/Otter333/Otter333.srcs/sources_1/imports/Hardware/Program Counter/Program Counter.srcs/sources_1/new/PCregister.sv:33]
CRITICAL WARNING: [Synth 8-6858] multi-driven net MUX_A[7] is connected to at least one constant driver which has been preserved, other driver is ignored [C:/Users/samue/OneDrive/Desktop/CPE_333/Github/CPE333/Otter333/Otter333.srcs/sources_1/imports/Hardware/Program Counter/Program Counter.srcs/sources_1/new/PCregister.sv:33]
CRITICAL WARNING: [Synth 8-6859] multi-driven net on pin MUX_A[6] with 1st driver pin 'otter_PC/pc_register/PCP4_reg[6]/Q' [C:/Users/samue/OneDrive/Desktop/CPE_333/Github/CPE333/Otter333/Otter333.srcs/sources_1/imports/Hardware/Program Counter/Program Counter.srcs/sources_1/new/PCregister.sv:33]
CRITICAL WARNING: [Synth 8-6859] multi-driven net on pin MUX_A[6] with 2nd driver pin 'GND' [C:/Users/samue/OneDrive/Desktop/CPE_333/Github/CPE333/Otter333/Otter333.srcs/sources_1/imports/Hardware/Program Counter/Program Counter.srcs/sources_1/new/PCregister.sv:33]
CRITICAL WARNING: [Synth 8-6858] multi-driven net MUX_A[6] is connected to at least one constant driver which has been preserved, other driver is ignored [C:/Users/samue/OneDrive/Desktop/CPE_333/Github/CPE333/Otter333/Otter333.srcs/sources_1/imports/Hardware/Program Counter/Program Counter.srcs/sources_1/new/PCregister.sv:33]
CRITICAL WARNING: [Synth 8-6859] multi-driven net on pin MUX_A[5] with 1st driver pin 'otter_PC/pc_register/PCP4_reg[5]/Q' [C:/Users/samue/OneDrive/Desktop/CPE_333/Github/CPE333/Otter333/Otter333.srcs/sources_1/imports/Hardware/Program Counter/Program Counter.srcs/sources_1/new/PCregister.sv:33]
CRITICAL WARNING: [Synth 8-6859] multi-driven net on pin MUX_A[5] with 2nd driver pin 'GND' [C:/Users/samue/OneDrive/Desktop/CPE_333/Github/CPE333/Otter333/Otter333.srcs/sources_1/imports/Hardware/Program Counter/Program Counter.srcs/sources_1/new/PCregister.sv:33]
CRITICAL WARNING: [Synth 8-6858] multi-driven net MUX_A[5] is connected to at least one constant driver which has been preserved, other driver is ignored [C:/Users/samue/OneDrive/Desktop/CPE_333/Github/CPE333/Otter333/Otter333.srcs/sources_1/imports/Hardware/Program Counter/Program Counter.srcs/sources_1/new/PCregister.sv:33]
CRITICAL WARNING: [Synth 8-6859] multi-driven net on pin MUX_A[4] with 1st driver pin 'otter_PC/pc_register/PCP4_reg[4]/Q' [C:/Users/samue/OneDrive/Desktop/CPE_333/Github/CPE333/Otter333/Otter333.srcs/sources_1/imports/Hardware/Program Counter/Program Counter.srcs/sources_1/new/PCregister.sv:33]
CRITICAL WARNING: [Synth 8-6859] multi-driven net on pin MUX_A[4] with 2nd driver pin 'GND' [C:/Users/samue/OneDrive/Desktop/CPE_333/Github/CPE333/Otter333/Otter333.srcs/sources_1/imports/Hardware/Program Counter/Program Counter.srcs/sources_1/new/PCregister.sv:33]
CRITICAL WARNING: [Synth 8-6858] multi-driven net MUX_A[4] is connected to at least one constant driver which has been preserved, other driver is ignored [C:/Users/samue/OneDrive/Desktop/CPE_333/Github/CPE333/Otter333/Otter333.srcs/sources_1/imports/Hardware/Program Counter/Program Counter.srcs/sources_1/new/PCregister.sv:33]
CRITICAL WARNING: [Synth 8-6859] multi-driven net on pin MUX_A[3] with 1st driver pin 'otter_PC/pc_register/PCP4_reg[3]/Q' [C:/Users/samue/OneDrive/Desktop/CPE_333/Github/CPE333/Otter333/Otter333.srcs/sources_1/imports/Hardware/Program Counter/Program Counter.srcs/sources_1/new/PCregister.sv:33]
CRITICAL WARNING: [Synth 8-6859] multi-driven net on pin MUX_A[3] with 2nd driver pin 'GND' [C:/Users/samue/OneDrive/Desktop/CPE_333/Github/CPE333/Otter333/Otter333.srcs/sources_1/imports/Hardware/Program Counter/Program Counter.srcs/sources_1/new/PCregister.sv:33]
CRITICAL WARNING: [Synth 8-6858] multi-driven net MUX_A[3] is connected to at least one constant driver which has been preserved, other driver is ignored [C:/Users/samue/OneDrive/Desktop/CPE_333/Github/CPE333/Otter333/Otter333.srcs/sources_1/imports/Hardware/Program Counter/Program Counter.srcs/sources_1/new/PCregister.sv:33]
CRITICAL WARNING: [Synth 8-6859] multi-driven net on pin MUX_A[2] with 1st driver pin 'otter_PC/pc_register/PCP4_reg[2]/Q' [C:/Users/samue/OneDrive/Desktop/CPE_333/Github/CPE333/Otter333/Otter333.srcs/sources_1/imports/Hardware/Program Counter/Program Counter.srcs/sources_1/new/PCregister.sv:33]
CRITICAL WARNING: [Synth 8-6859] multi-driven net on pin MUX_A[2] with 2nd driver pin 'GND' [C:/Users/samue/OneDrive/Desktop/CPE_333/Github/CPE333/Otter333/Otter333.srcs/sources_1/imports/Hardware/Program Counter/Program Counter.srcs/sources_1/new/PCregister.sv:33]
CRITICAL WARNING: [Synth 8-6858] multi-driven net MUX_A[2] is connected to at least one constant driver which has been preserved, other driver is ignored [C:/Users/samue/OneDrive/Desktop/CPE_333/Github/CPE333/Otter333/Otter333.srcs/sources_1/imports/Hardware/Program Counter/Program Counter.srcs/sources_1/new/PCregister.sv:33]
CRITICAL WARNING: [Synth 8-6859] multi-driven net on pin MUX_A[1] with 1st driver pin 'otter_PC/pc_register/PCP4_reg[1]/Q' [C:/Users/samue/OneDrive/Desktop/CPE_333/Github/CPE333/Otter333/Otter333.srcs/sources_1/imports/Hardware/Program Counter/Program Counter.srcs/sources_1/new/PCregister.sv:33]
CRITICAL WARNING: [Synth 8-6859] multi-driven net on pin MUX_A[1] with 2nd driver pin 'GND' [C:/Users/samue/OneDrive/Desktop/CPE_333/Github/CPE333/Otter333/Otter333.srcs/sources_1/imports/Hardware/Program Counter/Program Counter.srcs/sources_1/new/PCregister.sv:33]
CRITICAL WARNING: [Synth 8-6858] multi-driven net MUX_A[1] is connected to at least one constant driver which has been preserved, other driver is ignored [C:/Users/samue/OneDrive/Desktop/CPE_333/Github/CPE333/Otter333/Otter333.srcs/sources_1/imports/Hardware/Program Counter/Program Counter.srcs/sources_1/new/PCregister.sv:33]
CRITICAL WARNING: [Synth 8-6859] multi-driven net on pin MUX_A[0] with 1st driver pin 'otter_PC/pc_register/PCP4_reg[0]/Q' [C:/Users/samue/OneDrive/Desktop/CPE_333/Github/CPE333/Otter333/Otter333.srcs/sources_1/imports/Hardware/Program Counter/Program Counter.srcs/sources_1/new/PCregister.sv:33]
CRITICAL WARNING: [Synth 8-6859] multi-driven net on pin MUX_A[0] with 2nd driver pin 'GND' [C:/Users/samue/OneDrive/Desktop/CPE_333/Github/CPE333/Otter333/Otter333.srcs/sources_1/imports/Hardware/Program Counter/Program Counter.srcs/sources_1/new/PCregister.sv:33]
CRITICAL WARNING: [Synth 8-6858] multi-driven net MUX_A[0] is connected to at least one constant driver which has been preserved, other driver is ignored [C:/Users/samue/OneDrive/Desktop/CPE_333/Github/CPE333/Otter333/Otter333.srcs/sources_1/imports/Hardware/Program Counter/Program Counter.srcs/sources_1/new/PCregister.sv:33]
WARNING: [Synth 8-3332] Sequential element (otter_memory/memory_reg_mux_sel_b_pos_0) is unused and will be removed from module otter_mcu_pipeline.
CRITICAL WARNING: [Synth 8-6859] multi-driven net on pin \decode_struct_reg[memRead2]  with 1st driver pin 'decode_struct_reg[memRead2]/Q' [C:/Users/samue/OneDrive/Desktop/CPE_333/Github/CPE333/Otter333/Otter333.srcs/sources_1/imports/CPE333/otter_mcu_pipeline.sv:190]
CRITICAL WARNING: [Synth 8-6859] multi-driven net on pin \decode_struct_reg[memRead2]  with 2nd driver pin 'GND' [C:/Users/samue/OneDrive/Desktop/CPE_333/Github/CPE333/Otter333/Otter333.srcs/sources_1/imports/CPE333/otter_mcu_pipeline.sv:190]
CRITICAL WARNING: [Synth 8-6858] multi-driven net \decode_struct_reg[memRead2]  is connected to at least one constant driver which has been preserved, other driver is ignored [C:/Users/samue/OneDrive/Desktop/CPE_333/Github/CPE333/Otter333/Otter333.srcs/sources_1/imports/CPE333/otter_mcu_pipeline.sv:190]
CRITICAL WARNING: [Synth 8-6859] multi-driven net on pin \decode_struct_reg[PC_SEL] [2] with 1st driver pin 'decode_struct_reg[PC_SEL][2]/Q' [C:/Users/samue/OneDrive/Desktop/CPE_333/Github/CPE333/Otter333/Otter333.srcs/sources_1/imports/CPE333/otter_mcu_pipeline.sv:190]
CRITICAL WARNING: [Synth 8-6859] multi-driven net on pin \decode_struct_reg[PC_SEL] [2] with 2nd driver pin 'GND' [C:/Users/samue/OneDrive/Desktop/CPE_333/Github/CPE333/Otter333/Otter333.srcs/sources_1/imports/CPE333/otter_mcu_pipeline.sv:190]
CRITICAL WARNING: [Synth 8-6858] multi-driven net \decode_struct_reg[PC_SEL] [2] is connected to at least one constant driver which has been preserved, other driver is ignored [C:/Users/samue/OneDrive/Desktop/CPE_333/Github/CPE333/Otter333/Otter333.srcs/sources_1/imports/CPE333/otter_mcu_pipeline.sv:190]
CRITICAL WARNING: [Synth 8-6859] multi-driven net on pin \decode_struct_reg[PC_SEL] [0] with 1st driver pin 'decode_struct_reg[PC_SEL][0]/Q' [C:/Users/samue/OneDrive/Desktop/CPE_333/Github/CPE333/Otter333/Otter333.srcs/sources_1/imports/CPE333/otter_mcu_pipeline.sv:190]
CRITICAL WARNING: [Synth 8-6859] multi-driven net on pin \decode_struct_reg[PC_SEL] [0] with 2nd driver pin 'GND' [C:/Users/samue/OneDrive/Desktop/CPE_333/Github/CPE333/Otter333/Otter333.srcs/sources_1/imports/CPE333/otter_mcu_pipeline.sv:190]
CRITICAL WARNING: [Synth 8-6858] multi-driven net \decode_struct_reg[PC_SEL] [0] is connected to at least one constant driver which has been preserved, other driver is ignored [C:/Users/samue/OneDrive/Desktop/CPE_333/Github/CPE333/Otter333/Otter333.srcs/sources_1/imports/CPE333/otter_mcu_pipeline.sv:190]
---------------------------------------------------------------------------------
Finished Cross Boundary and Area Optimization : Time (s): cpu = 00:00:04 ; elapsed = 00:00:15 . Memory (MB): peak = 1202.617 ; gain = 743.109
---------------------------------------------------------------------------------
---------------------------------------------------------------------------------
Start ROM, RAM, DSP, Shift Register and Retiming Reporting
---------------------------------------------------------------------------------

Block RAM: Preliminary Mapping Report (see note below)
+-------------------+-------------------------+------------------------+---+---+------------------------+---+---+------------------+--------+--------+
|Module Name        | RTL Object              | PORT A (Depth x Width) | W | R | PORT B (Depth x Width) | W | R | Ports driving FF | RAMB18 | RAMB36 | 
+-------------------+-------------------------+------------------------+---+---+------------------------+---+---+------------------+--------+--------+
|otter_mcu_pipeline | otter_memory/memory_reg | 16 K x 32(READ_FIRST)  | W | R | 16 K x 32(WRITE_FIRST) |   | R | Port A and B     | 0      | 16     | 
+-------------------+-------------------------+------------------------+---+---+------------------------+---+---+------------------+--------+--------+

Note: The table above is a preliminary report that shows the Block RAMs at the current stage of the synthesis flow. Some Block RAMs may be reimplemented as non Block RAM primitives later in the synthesis flow. Multiple instantiated Block RAMs are reported only once. 

Distributed RAM: Preliminary Mapping Report (see note below)
+-------------------+---------------------------+-----------+----------------------+--------------+
|Module Name        | RTL Object                | Inference | Size (Depth x Width) | Primitives   | 
+-------------------+---------------------------+-----------+----------------------+--------------+
|otter_mcu_pipeline | otter_reg_file/memory_reg | Implied   | 32 x 32              | RAM32M x 12  | 
+-------------------+---------------------------+-----------+----------------------+--------------+

Note: The table above is a preliminary report that shows the Distributed RAMs at the current stage of the synthesis flow. Some Distributed RAMs may be reimplemented as non Distributed RAM primitives later in the synthesis flow. Multiple instantiated RAMs are reported only once.
---------------------------------------------------------------------------------
Finished ROM, RAM, DSP, Shift Register and Retiming Reporting
---------------------------------------------------------------------------------
No constraint files found.
---------------------------------------------------------------------------------
Start Timing Optimization
---------------------------------------------------------------------------------
---------------------------------------------------------------------------------
Finished Timing Optimization : Time (s): cpu = 00:00:04 ; elapsed = 00:00:15 . Memory (MB): peak = 1202.617 ; gain = 743.109
---------------------------------------------------------------------------------
---------------------------------------------------------------------------------
Start ROM, RAM, DSP, Shift Register and Retiming Reporting
---------------------------------------------------------------------------------

Block RAM: Final Mapping Report
+-------------------+-------------------------+------------------------+---+---+------------------------+---+---+------------------+--------+--------+
|Module Name        | RTL Object              | PORT A (Depth x Width) | W | R | PORT B (Depth x Width) | W | R | Ports driving FF | RAMB18 | RAMB36 | 
+-------------------+-------------------------+------------------------+---+---+------------------------+---+---+------------------+--------+--------+
|otter_mcu_pipeline | otter_memory/memory_reg | 16 K x 32(READ_FIRST)  | W | R | 16 K x 32(WRITE_FIRST) |   | R | Port A and B     | 0      | 16     | 
+-------------------+-------------------------+------------------------+---+---+------------------------+---+---+------------------+--------+--------+


Distributed RAM: Final Mapping Report
+-------------------+---------------------------+-----------+----------------------+--------------+
|Module Name        | RTL Object                | Inference | Size (Depth x Width) | Primitives   | 
+-------------------+---------------------------+-----------+----------------------+--------------+
|otter_mcu_pipeline | otter_reg_file/memory_reg | Implied   | 32 x 32              | RAM32M x 12  | 
+-------------------+---------------------------+-----------+----------------------+--------------+

---------------------------------------------------------------------------------
Finished ROM, RAM, DSP, Shift Register and Retiming Reporting
---------------------------------------------------------------------------------
---------------------------------------------------------------------------------
Start Technology Mapping
---------------------------------------------------------------------------------
WARNING: [Synth 8-3332] Sequential element (i_0) is unused and will be removed from module otter_mcu_pipeline.
WARNING: [Synth 8-3332] Sequential element (i_330) is unused and will be removed from module otter_mcu_pipeline.
WARNING: [Synth 8-3332] Sequential element (i_331) is unused and will be removed from module otter_mcu_pipeline.
WARNING: [Synth 8-3332] Sequential element (i_332) is unused and will be removed from module otter_mcu_pipeline.
WARNING: [Synth 8-3332] Sequential element (i_333) is unused and will be removed from module otter_mcu_pipeline.
WARNING: [Synth 8-3332] Sequential element (i_334) is unused and will be removed from module otter_mcu_pipeline.
WARNING: [Synth 8-3332] Sequential element (i_335) is unused and will be removed from module otter_mcu_pipeline.
WARNING: [Synth 8-3332] Sequential element (i_336) is unused and will be removed from module otter_mcu_pipeline.
WARNING: [Synth 8-3332] Sequential element (i_337) is unused and will be removed from module otter_mcu_pipeline.
WARNING: [Synth 8-3332] Sequential element (i_338) is unused and will be removed from module otter_mcu_pipeline.
WARNING: [Synth 8-3332] Sequential element (i_339) is unused and will be removed from module otter_mcu_pipeline.
WARNING: [Synth 8-3332] Sequential element (i_340) is unused and will be removed from module otter_mcu_pipeline.
WARNING: [Synth 8-3332] Sequential element (i_341) is unused and will be removed from module otter_mcu_pipeline.
WARNING: [Synth 8-3332] Sequential element (i_342) is unused and will be removed from module otter_mcu_pipeline.
WARNING: [Synth 8-3332] Sequential element (i_343) is unused and will be removed from module otter_mcu_pipeline.
WARNING: [Synth 8-3332] Sequential element (i_344) is unused and will be removed from module otter_mcu_pipeline.
WARNING: [Synth 8-3332] Sequential element (i_345) is unused and will be removed from module otter_mcu_pipeline.
WARNING: [Synth 8-3332] Sequential element (i_346) is unused and will be removed from module otter_mcu_pipeline.
WARNING: [Synth 8-3332] Sequential element (i_347) is unused and will be removed from module otter_mcu_pipeline.
WARNING: [Synth 8-3332] Sequential element (i_348) is unused and will be removed from module otter_mcu_pipeline.
WARNING: [Synth 8-3332] Sequential element (i_349) is unused and will be removed from module otter_mcu_pipeline.
WARNING: [Synth 8-3332] Sequential element (i_350) is unused and will be removed from module otter_mcu_pipeline.
WARNING: [Synth 8-3332] Sequential element (i_351) is unused and will be removed from module otter_mcu_pipeline.
WARNING: [Synth 8-3332] Sequential element (i_352) is unused and will be removed from module otter_mcu_pipeline.
WARNING: [Synth 8-3332] Sequential element (i_353) is unused and will be removed from module otter_mcu_pipeline.
WARNING: [Synth 8-3332] Sequential element (i_354) is unused and will be removed from module otter_mcu_pipeline.
WARNING: [Synth 8-3332] Sequential element (i_355) is unused and will be removed from module otter_mcu_pipeline.
WARNING: [Synth 8-3332] Sequential element (i_356) is unused and will be removed from module otter_mcu_pipeline.
WARNING: [Synth 8-3332] Sequential element (i_357) is unused and will be removed from module otter_mcu_pipeline.
WARNING: [Synth 8-3332] Sequential element (i_358) is unused and will be removed from module otter_mcu_pipeline.
WARNING: [Synth 8-3332] Sequential element (i_359) is unused and will be removed from module otter_mcu_pipeline.
WARNING: [Synth 8-3332] Sequential element (i_360) is unused and will be removed from module otter_mcu_pipeline.
WARNING: [Synth 8-3332] Sequential element (i_361) is unused and will be removed from module otter_mcu_pipeline.
INFO: [Synth 8-7052] The timing for the instance otter_memory/memory_reg_bram_0 (implemented as a Block RAM) might be sub-optimal as no optional output register could be merged into the ram block. Providing additional output register may help in improving timing.
---------------------------------------------------------------------------------
Finished Technology Mapping : Time (s): cpu = 00:00:04 ; elapsed = 00:00:15 . Memory (MB): peak = 1202.617 ; gain = 743.109
---------------------------------------------------------------------------------
---------------------------------------------------------------------------------
Start IO Insertion
---------------------------------------------------------------------------------
---------------------------------------------------------------------------------
Start Flattening Before IO Insertion
---------------------------------------------------------------------------------
---------------------------------------------------------------------------------
Finished Flattening Before IO Insertion
---------------------------------------------------------------------------------
---------------------------------------------------------------------------------
Start Final Netlist Cleanup
---------------------------------------------------------------------------------
---------------------------------------------------------------------------------
Finished Final Netlist Cleanup
---------------------------------------------------------------------------------
---------------------------------------------------------------------------------
Finished IO Insertion : Time (s): cpu = 00:00:05 ; elapsed = 00:00:19 . Memory (MB): peak = 1202.617 ; gain = 743.109
---------------------------------------------------------------------------------
---------------------------------------------------------------------------------
Start Renaming Generated Instances
---------------------------------------------------------------------------------
---------------------------------------------------------------------------------
Finished Renaming Generated Instances : Time (s): cpu = 00:00:05 ; elapsed = 00:00:19 . Memory (MB): peak = 1202.617 ; gain = 743.109
---------------------------------------------------------------------------------
CRITICAL WARNING: [Synth 8-6859] multi-driven net on pin decode_struct[rs2][1] with 1st driver pin 'otter_reg_file/memory_reg_r1_0_31_0_5/DOA[1]' [C:/Users/samue/OneDrive/Desktop/CPE_333/Github/CPE333/Otter333/Otter333.srcs/sources_1/imports/Hardware/RegFile/RegFile.srcs/sources_1/new/RegFile.sv:42]
CRITICAL WARNING: [Synth 8-6859] multi-driven net on pin decode_struct[rs2][1] with 2nd driver pin 'decode_struct_reg[rs2][1]/Q' [C:/Users/samue/OneDrive/Desktop/CPE_333/Github/CPE333/Otter333/Otter333.srcs/sources_1/imports/CPE333/otter_mcu_pipeline.sv:190]
CRITICAL WARNING: [Synth 8-6859] multi-driven net on pin decode_struct[rs2][0] with 1st driver pin 'otter_reg_file/memory_reg_r1_0_31_0_5/DOA[0]' [C:/Users/samue/OneDrive/Desktop/CPE_333/Github/CPE333/Otter333/Otter333.srcs/sources_1/imports/Hardware/RegFile/RegFile.srcs/sources_1/new/RegFile.sv:42]
CRITICAL WARNING: [Synth 8-6859] multi-driven net on pin decode_struct[rs2][0] with 2nd driver pin 'decode_struct_reg[rs2][0]/Q' [C:/Users/samue/OneDrive/Desktop/CPE_333/Github/CPE333/Otter333/Otter333.srcs/sources_1/imports/CPE333/otter_mcu_pipeline.sv:190]
CRITICAL WARNING: [Synth 8-6859] multi-driven net on pin decode_struct[rs2][3] with 1st driver pin 'otter_reg_file/memory_reg_r1_0_31_0_5/DOB[1]' [C:/Users/samue/OneDrive/Desktop/CPE_333/Github/CPE333/Otter333/Otter333.srcs/sources_1/imports/Hardware/RegFile/RegFile.srcs/sources_1/new/RegFile.sv:42]
CRITICAL WARNING: [Synth 8-6859] multi-driven net on pin decode_struct[rs2][3] with 2nd driver pin 'decode_struct_reg[rs2][3]/Q' [C:/Users/samue/OneDrive/Desktop/CPE_333/Github/CPE333/Otter333/Otter333.srcs/sources_1/imports/CPE333/otter_mcu_pipeline.sv:190]
CRITICAL WARNING: [Synth 8-6859] multi-driven net on pin decode_struct[rs2][2] with 1st driver pin 'otter_reg_file/memory_reg_r1_0_31_0_5/DOB[0]' [C:/Users/samue/OneDrive/Desktop/CPE_333/Github/CPE333/Otter333/Otter333.srcs/sources_1/imports/Hardware/RegFile/RegFile.srcs/sources_1/new/RegFile.sv:42]
CRITICAL WARNING: [Synth 8-6859] multi-driven net on pin decode_struct[rs2][2] with 2nd driver pin 'decode_struct_reg[rs2][2]/Q' [C:/Users/samue/OneDrive/Desktop/CPE_333/Github/CPE333/Otter333/Otter333.srcs/sources_1/imports/CPE333/otter_mcu_pipeline.sv:190]
CRITICAL WARNING: [Synth 8-6859] multi-driven net on pin decode_struct[rs2][5] with 1st driver pin 'otter_reg_file/memory_reg_r1_0_31_0_5/DOC[1]' [C:/Users/samue/OneDrive/Desktop/CPE_333/Github/CPE333/Otter333/Otter333.srcs/sources_1/imports/Hardware/RegFile/RegFile.srcs/sources_1/new/RegFile.sv:42]
CRITICAL WARNING: [Synth 8-6859] multi-driven net on pin decode_struct[rs2][5] with 2nd driver pin 'decode_struct_reg[rs2][5]/Q' [C:/Users/samue/OneDrive/Desktop/CPE_333/Github/CPE333/Otter333/Otter333.srcs/sources_1/imports/CPE333/otter_mcu_pipeline.sv:190]
CRITICAL WARNING: [Synth 8-6859] multi-driven net on pin decode_struct[rs2][4] with 1st driver pin 'otter_reg_file/memory_reg_r1_0_31_0_5/DOC[0]' [C:/Users/samue/OneDrive/Desktop/CPE_333/Github/CPE333/Otter333/Otter333.srcs/sources_1/imports/Hardware/RegFile/RegFile.srcs/sources_1/new/RegFile.sv:42]
CRITICAL WARNING: [Synth 8-6859] multi-driven net on pin decode_struct[rs2][4] with 2nd driver pin 'decode_struct_reg[rs2][4]/Q' [C:/Users/samue/OneDrive/Desktop/CPE_333/Github/CPE333/Otter333/Otter333.srcs/sources_1/imports/CPE333/otter_mcu_pipeline.sv:190]
CRITICAL WARNING: [Synth 8-6859] multi-driven net on pin write_struct[RF_MUX_out][1] with 1st driver pin 'memory_reg_r1_0_31_0_5_i_2/O' [C:/Users/samue/OneDrive/Desktop/CPE_333/Github/CPE333/Otter333/Otter333.srcs/sources_1/imports/Hardware/MUX/RF_MUX.sv:33]
CRITICAL WARNING: [Synth 8-6859] multi-driven net on pin write_struct[RF_MUX_out][1] with 2nd driver pin 'write_struct_reg[RF_MUX_out][1]/Q' [C:/Users/samue/OneDrive/Desktop/CPE_333/Github/CPE333/Otter333/Otter333.srcs/sources_1/imports/CPE333/otter_mcu_pipeline.sv:274]
CRITICAL WARNING: [Synth 8-6859] multi-driven net on pin write_struct[RF_MUX_out][0] with 1st driver pin 'memory_reg_r1_0_31_0_5_i_3/O' [C:/Users/samue/OneDrive/Desktop/CPE_333/Github/CPE333/Otter333/Otter333.srcs/sources_1/imports/Hardware/MUX/RF_MUX.sv:33]
CRITICAL WARNING: [Synth 8-6859] multi-driven net on pin write_struct[RF_MUX_out][0] with 2nd driver pin 'write_struct_reg[RF_MUX_out][0]/Q' [C:/Users/samue/OneDrive/Desktop/CPE_333/Github/CPE333/Otter333/Otter333.srcs/sources_1/imports/CPE333/otter_mcu_pipeline.sv:274]
CRITICAL WARNING: [Synth 8-6859] multi-driven net on pin write_struct[RF_MUX_out][3] with 1st driver pin 'memory_reg_r1_0_31_0_5_i_4/O' [C:/Users/samue/OneDrive/Desktop/CPE_333/Github/CPE333/Otter333/Otter333.srcs/sources_1/imports/Hardware/MUX/RF_MUX.sv:33]
CRITICAL WARNING: [Synth 8-6859] multi-driven net on pin write_struct[RF_MUX_out][3] with 2nd driver pin 'write_struct_reg[RF_MUX_out][3]/Q' [C:/Users/samue/OneDrive/Desktop/CPE_333/Github/CPE333/Otter333/Otter333.srcs/sources_1/imports/CPE333/otter_mcu_pipeline.sv:274]
CRITICAL WARNING: [Synth 8-6859] multi-driven net on pin write_struct[RF_MUX_out][2] with 1st driver pin 'memory_reg_r1_0_31_0_5_i_5/O' [C:/Users/samue/OneDrive/Desktop/CPE_333/Github/CPE333/Otter333/Otter333.srcs/sources_1/imports/Hardware/MUX/RF_MUX.sv:33]
CRITICAL WARNING: [Synth 8-6859] multi-driven net on pin write_struct[RF_MUX_out][2] with 2nd driver pin 'write_struct_reg[RF_MUX_out][2]/Q' [C:/Users/samue/OneDrive/Desktop/CPE_333/Github/CPE333/Otter333/Otter333.srcs/sources_1/imports/CPE333/otter_mcu_pipeline.sv:274]
CRITICAL WARNING: [Synth 8-6859] multi-driven net on pin write_struct[RF_MUX_out][5] with 1st driver pin 'memory_reg_r1_0_31_0_5_i_6/O' [C:/Users/samue/OneDrive/Desktop/CPE_333/Github/CPE333/Otter333/Otter333.srcs/sources_1/imports/Hardware/MUX/RF_MUX.sv:33]
CRITICAL WARNING: [Synth 8-6859] multi-driven net on pin write_struct[RF_MUX_out][5] with 2nd driver pin 'write_struct_reg[RF_MUX_out][5]/Q' [C:/Users/samue/OneDrive/Desktop/CPE_333/Github/CPE333/Otter333/Otter333.srcs/sources_1/imports/CPE333/otter_mcu_pipeline.sv:274]
CRITICAL WARNING: [Synth 8-6859] multi-driven net on pin write_struct[RF_MUX_out][4] with 1st driver pin 'memory_reg_r1_0_31_0_5_i_7/O' [C:/Users/samue/OneDrive/Desktop/CPE_333/Github/CPE333/Otter333/Otter333.srcs/sources_1/imports/Hardware/MUX/RF_MUX.sv:33]
CRITICAL WARNING: [Synth 8-6859] multi-driven net on pin write_struct[RF_MUX_out][4] with 2nd driver pin 'write_struct_reg[RF_MUX_out][4]/Q' [C:/Users/samue/OneDrive/Desktop/CPE_333/Github/CPE333/Otter333/Otter333.srcs/sources_1/imports/CPE333/otter_mcu_pipeline.sv:274]
CRITICAL WARNING: [Synth 8-6859] multi-driven net on pin decode_struct[rs2][7] with 1st driver pin 'otter_reg_file/memory_reg_r1_0_31_6_11/DOA[1]' [C:/Users/samue/OneDrive/Desktop/CPE_333/Github/CPE333/Otter333/Otter333.srcs/sources_1/imports/Hardware/RegFile/RegFile.srcs/sources_1/new/RegFile.sv:42]
CRITICAL WARNING: [Synth 8-6859] multi-driven net on pin decode_struct[rs2][7] with 2nd driver pin 'decode_struct_reg[rs2][7]/Q' [C:/Users/samue/OneDrive/Desktop/CPE_333/Github/CPE333/Otter333/Otter333.srcs/sources_1/imports/CPE333/otter_mcu_pipeline.sv:190]
CRITICAL WARNING: [Synth 8-6859] multi-driven net on pin decode_struct[rs2][6] with 1st driver pin 'otter_reg_file/memory_reg_r1_0_31_6_11/DOA[0]' [C:/Users/samue/OneDrive/Desktop/CPE_333/Github/CPE333/Otter333/Otter333.srcs/sources_1/imports/Hardware/RegFile/RegFile.srcs/sources_1/new/RegFile.sv:42]
CRITICAL WARNING: [Synth 8-6859] multi-driven net on pin decode_struct[rs2][6] with 2nd driver pin 'decode_struct_reg[rs2][6]/Q' [C:/Users/samue/OneDrive/Desktop/CPE_333/Github/CPE333/Otter333/Otter333.srcs/sources_1/imports/CPE333/otter_mcu_pipeline.sv:190]
INFO: [Common 17-14] Message 'Synth 8-6859' appears 100 times and further instances of the messages will be disabled. Use the Tcl command set_msg_config to change the current settings.

Report Check Netlist: 
+------+------------------+-------+---------+-------+------------------+
|      |Item              |Errors |Warnings |Status |Description       |
+------+------------------+-------+---------+-------+------------------+
|1     |multi_driven_nets |      0|      195|Failed |Multi driven nets |
+------+------------------+-------+---------+-------+------------------+
---------------------------------------------------------------------------------
Start Rebuilding User Hierarchy
---------------------------------------------------------------------------------
---------------------------------------------------------------------------------
Finished Rebuilding User Hierarchy : Time (s): cpu = 00:00:05 ; elapsed = 00:00:19 . Memory (MB): peak = 1202.617 ; gain = 743.109
---------------------------------------------------------------------------------
---------------------------------------------------------------------------------
Start Renaming Generated Ports
---------------------------------------------------------------------------------
---------------------------------------------------------------------------------
Finished Renaming Generated Ports : Time (s): cpu = 00:00:05 ; elapsed = 00:00:19 . Memory (MB): peak = 1202.617 ; gain = 743.109
---------------------------------------------------------------------------------
---------------------------------------------------------------------------------
Start Handling Custom Attributes
---------------------------------------------------------------------------------
---------------------------------------------------------------------------------
Finished Handling Custom Attributes : Time (s): cpu = 00:00:05 ; elapsed = 00:00:19 . Memory (MB): peak = 1202.617 ; gain = 743.109
---------------------------------------------------------------------------------
---------------------------------------------------------------------------------
Start Renaming Generated Nets
---------------------------------------------------------------------------------
---------------------------------------------------------------------------------
Finished Renaming Generated Nets : Time (s): cpu = 00:00:05 ; elapsed = 00:00:19 . Memory (MB): peak = 1202.617 ; gain = 743.109
---------------------------------------------------------------------------------
---------------------------------------------------------------------------------
Start ROM, RAM, DSP, Shift Register and Retiming Reporting
---------------------------------------------------------------------------------

Static Shift Register Report:
+-------------------+------------------------------+--------+-------+--------------+--------------------+-------------------+--------+---------+
|Module Name        | RTL Name                     | Length | Width | Reset Signal | Pull out first Reg | Pull out last Reg | SRL16E | SRLC32E | 
+-------------------+------------------------------+--------+-------+--------------+--------------------+-------------------+--------+---------+
|otter_mcu_pipeline | mem_struct_reg[IOBUS_wr]     | 3      | 1     | NO           | NO                 | YES               | 1      | 0       | 
|otter_mcu_pipeline | write_struct_reg[regWrite]   | 3      | 2     | NO           | NO                 | YES               | 2      | 0       | 
|otter_mcu_pipeline | write_struct_reg[rd_addr][4] | 4      | 5     | NO           | YES                | YES               | 5      | 0       | 
+-------------------+------------------------------+--------+-------+--------------+--------------------+-------------------+--------+---------+

---------------------------------------------------------------------------------
Finished ROM, RAM, DSP, Shift Register and Retiming Reporting
---------------------------------------------------------------------------------
---------------------------------------------------------------------------------
Start Writing Synthesis Report
---------------------------------------------------------------------------------

Report BlackBoxes: 
+-+--------------+----------+
| |BlackBox name |Instances |
+-+--------------+----------+
+-+--------------+----------+

Report Cell Usage: 
+------+---------+------+
|      |Cell     |Count |
+------+---------+------+
|1     |BUF      |     1|
|2     |BUFG     |     1|
|3     |CARRY4   |    24|
|4     |LUT1     |     1|
|5     |LUT2     |   100|
|6     |LUT3     |   117|
|7     |LUT4     |    91|
|8     |LUT5     |   131|
|9     |LUT6     |   297|
|10    |MUXF7    |     1|
|11    |RAM32M   |    10|
|12    |RAM32X1D |     4|
|13    |RAMB36E1 |     1|
|14    |SRL16E   |     8|
|15    |FDRE     |   438|
|16    |IBUF     |     1|
|17    |OBUF     |    65|
+------+---------+------+

Report Instance Areas: 
+------+-----------------+--------+------+
|      |Instance         |Module  |Cells |
+------+-----------------+--------+------+
|1     |top              |        |  1291|
|2     |  otter_ALU      |ALU     |   613|
|3     |  otter_memory   |Memory  |    40|
|4     |  otter_reg_file |RegFile |    47|
+------+-----------------+--------+------+
---------------------------------------------------------------------------------
Finished Writing Synthesis Report : Time (s): cpu = 00:00:05 ; elapsed = 00:00:19 . Memory (MB): peak = 1202.617 ; gain = 743.109
---------------------------------------------------------------------------------
Synthesis finished with 0 errors, 499 critical warnings and 150 warnings.
Synthesis Optimization Runtime : Time (s): cpu = 00:00:05 ; elapsed = 00:00:19 . Memory (MB): peak = 1202.617 ; gain = 743.109
Synthesis Optimization Complete : Time (s): cpu = 00:00:05 ; elapsed = 00:00:19 . Memory (MB): peak = 1202.617 ; gain = 743.109
INFO: [Project 1-571] Translating synthesized netlist
Netlist sorting complete. Time (s): cpu = 00:00:00 ; elapsed = 00:00:00.013 . Memory (MB): peak = 1203.191 ; gain = 0.000
INFO: [Netlist 29-17] Analyzing 41 Unisim elements for replacement
INFO: [Netlist 29-28] Unisim Transformation completed in 0 CPU seconds
INFO: [Project 1-570] Preparing netlist for logic optimization
INFO: [Opt 31-138] Pushed 0 inverter(s) to 0 load pin(s).
Netlist sorting complete. Time (s): cpu = 00:00:00 ; elapsed = 00:00:00.001 . Memory (MB): peak = 1264.672 ; gain = 0.000
INFO: [Project 1-111] Unisim Transformation Summary:
  A total of 15 instances were transformed.
  BUF => LUT1: 1 instance 
  RAM32M => RAM32M (RAMD32(x6), RAMS32(x2)): 10 instances
  RAM32X1D => RAM32X1D (RAMD32(x2)): 4 instances

Synth Design complete | Checksum: 8a4e743c
INFO: [Common 17-83] Releasing license: Synthesis
82 Infos, 150 Warnings, 136 Critical Warnings and 0 Errors encountered.
synth_design completed successfully
synth_design: Time (s): cpu = 00:00:05 ; elapsed = 00:00:21 . Memory (MB): peak = 1264.672 ; gain = 811.879
INFO: [runtcl-6] Synthesis results are not added to the cache due to CRITICAL_WARNING
INFO: [Common 17-1381] The checkpoint 'C:/Users/samue/OneDrive/Desktop/CPE_333/Github/CPE333/Otter333/Otter333.runs/synth_1/otter_mcu_pipeline.dcp' has been generated.
INFO: [runtcl-4] Executing : report_utilization -file otter_mcu_pipeline_utilization_synth.rpt -pb otter_mcu_pipeline_utilization_synth.pb
INFO: [Common 17-206] Exiting Vivado at Mon May 13 16:31:42 2024...
