
*** Running vivado
    with args -log Pipeline_Otter.vds -m64 -product Vivado -mode batch -messageDb vivado.pb -notrace -source Pipeline_Otter.tcl


ECHO is off.
ECHO is off.

****** Vivado v2023.1 (64-bit)
  **** SW Build 3865809 on Sun May  7 15:05:29 MDT 2023
  **** IP Build 3864474 on Sun May  7 20:36:21 MDT 2023
  **** SharedData Build 3865790 on Sun May 07 13:33:03 MDT 2023
    ** Copyright 1986-2022 Xilinx, Inc. All Rights Reserved.
    ** Copyright 2022-2023 Advanced Micro Devices, Inc. All Rights Reserved.

source Pipeline_Otter.tcl -notrace
create_project: Time (s): cpu = 00:00:26 ; elapsed = 00:00:27 . Memory (MB): peak = 475.598 ; gain = 163.582
Command: read_checkpoint -auto_incremental -incremental Z:/Desktop/CPE333/RetryOtter333/RetryOtter333.srcs/utils_1/imports/synth_1/Pipeline_Otter.dcp
INFO: [Vivado 12-5825] Read reference checkpoint from Z:/Desktop/CPE333/RetryOtter333/RetryOtter333.srcs/utils_1/imports/synth_1/Pipeline_Otter.dcp for incremental synthesis
INFO: [Vivado 12-7989] Please ensure there are no constraint changes
Command: synth_design -top Pipeline_Otter -part xc7a35ticpg236-1L
Starting synth_design
Attempting to get a license for feature 'Synthesis' and/or device 'xc7a35ti'
INFO: [Common 17-349] Got license for feature 'Synthesis' and/or device 'xc7a35ti'
INFO: [Designutils 20-5440] No compile time benefit to using incremental synthesis; A full resynthesis will be run
INFO: [Designutils 20-4379] Flow is switching to default flow due to incremental criteria not met. If you would like to alter this behaviour and have the flow terminate instead, please set the following parameter config_implementation {autoIncr.Synth.RejectBehavior Terminate}
INFO: [Synth 8-7079] Multithreading enabled for synth_design using a maximum of 2 processes.
INFO: [Synth 8-7078] Launching helper process for spawning children vivado processes
INFO: [Synth 8-7075] Helper process launched with PID 9296
INFO: [Synth 8-11241] undeclared symbol 'intTaken', assumed default net type 'wire' [Z:/Desktop/CPE333/RetryOtter333/RetryOtter333.srcs/sources_1/new/Pipeline_Otter.sv:157]
INFO: [Synth 8-11241] undeclared symbol 'memory_struct', assumed default net type 'wire' [Z:/Desktop/CPE333/RetryOtter333/RetryOtter333.srcs/sources_1/new/Pipeline_Otter.sv:172]
---------------------------------------------------------------------------------
Starting Synthesize : Time (s): cpu = 00:00:20 ; elapsed = 00:00:21 . Memory (MB): peak = 918.840 ; gain = 410.910
---------------------------------------------------------------------------------
INFO: [Synth 8-6157] synthesizing module 'Pipeline_Otter' [Z:/Desktop/CPE333/RetryOtter333/RetryOtter333.srcs/sources_1/new/Pipeline_Otter.sv:12]
INFO: [Synth 8-6157] synthesizing module 'PCTOP' [Z:/Desktop/CPE333/RetryOtter333/RetryOtter333.srcs/sources_1/new/PCTOP.sv:22]
INFO: [Synth 8-6157] synthesizing module 'PC_MUX' [Z:/Desktop/CPE333/RetryOtter333/RetryOtter333.srcs/sources_1/new/PC_Mux.sv:23]
INFO: [Synth 8-226] default block is never used [Z:/Desktop/CPE333/RetryOtter333/RetryOtter333.srcs/sources_1/new/PC_Mux.sv:38]
INFO: [Synth 8-6155] done synthesizing module 'PC_MUX' (0#1) [Z:/Desktop/CPE333/RetryOtter333/RetryOtter333.srcs/sources_1/new/PC_Mux.sv:23]
INFO: [Synth 8-6157] synthesizing module 'PC' [Z:/Desktop/CPE333/RetryOtter333/RetryOtter333.srcs/sources_1/new/PC.sv:23]
INFO: [Synth 8-6155] done synthesizing module 'PC' (0#1) [Z:/Desktop/CPE333/RetryOtter333/RetryOtter333.srcs/sources_1/new/PC.sv:23]
INFO: [Synth 8-6155] done synthesizing module 'PCTOP' (0#1) [Z:/Desktop/CPE333/RetryOtter333/RetryOtter333.srcs/sources_1/new/PCTOP.sv:22]
INFO: [Synth 8-6157] synthesizing module 'Memory' [Z:/Desktop/CPE333/RetryOtter333/RetryOtter333.srcs/sources_1/new/Memory.sv:48]
INFO: [Synth 8-3876] $readmem data file 'lab2redo.mem' is read successfully [Z:/Desktop/CPE333/RetryOtter333/RetryOtter333.srcs/sources_1/new/Memory.sv:74]
INFO: [Synth 8-155] case statement is not full and has no default [Z:/Desktop/CPE333/RetryOtter333/RetryOtter333.srcs/sources_1/new/Memory.sv:95]
INFO: [Synth 8-6155] done synthesizing module 'Memory' (0#1) [Z:/Desktop/CPE333/RetryOtter333/RetryOtter333.srcs/sources_1/new/Memory.sv:48]
INFO: [Synth 8-6157] synthesizing module 'Decoder' [Z:/Desktop/CPE333/RetryOtter333/RetryOtter333.srcs/sources_1/new/Decoder.sv:23]
INFO: [Synth 8-155] case statement is not full and has no default [Z:/Desktop/CPE333/RetryOtter333/RetryOtter333.srcs/sources_1/new/Decoder.sv:196]
INFO: [Synth 8-6155] done synthesizing module 'Decoder' (0#1) [Z:/Desktop/CPE333/RetryOtter333/RetryOtter333.srcs/sources_1/new/Decoder.sv:23]
INFO: [Synth 8-6157] synthesizing module 'HDU' [Z:/Desktop/CPE333/RetryOtter333/RetryOtter333.srcs/sources_1/new/HDU.sv:67]
WARNING: [Synth 8-6090] variable 'ID_out' is written by both blocking and non-blocking assignments, entire logic could be removed [Z:/Desktop/CPE333/RetryOtter333/RetryOtter333.srcs/sources_1/new/HDU.sv:119]
WARNING: [Synth 8-6090] variable 'ID_out' is written by both blocking and non-blocking assignments, entire logic could be removed [Z:/Desktop/CPE333/RetryOtter333/RetryOtter333.srcs/sources_1/new/HDU.sv:121]
WARNING: [Synth 8-6090] variable 'ID_out' is written by both blocking and non-blocking assignments, entire logic could be removed [Z:/Desktop/CPE333/RetryOtter333/RetryOtter333.srcs/sources_1/new/HDU.sv:122]
WARNING: [Synth 8-6090] variable 'ID_out' is written by both blocking and non-blocking assignments, entire logic could be removed [Z:/Desktop/CPE333/RetryOtter333/RetryOtter333.srcs/sources_1/new/HDU.sv:125]
WARNING: [Synth 8-6090] variable 'ID_out' is written by both blocking and non-blocking assignments, entire logic could be removed [Z:/Desktop/CPE333/RetryOtter333/RetryOtter333.srcs/sources_1/new/HDU.sv:126]
INFO: [Synth 8-6155] done synthesizing module 'HDU' (0#1) [Z:/Desktop/CPE333/RetryOtter333/RetryOtter333.srcs/sources_1/new/HDU.sv:67]
INFO: [Synth 8-6157] synthesizing module 'RegFile' [Z:/Desktop/CPE333/RetryOtter333/RetryOtter333.srcs/sources_1/new/RegRile.sv:23]
INFO: [Synth 8-6155] done synthesizing module 'RegFile' (0#1) [Z:/Desktop/CPE333/RetryOtter333/RetryOtter333.srcs/sources_1/new/RegRile.sv:23]
INFO: [Synth 8-6157] synthesizing module 'ImmedGen' [Z:/Desktop/CPE333/RetryOtter333/RetryOtter333.srcs/sources_1/new/ImmedGen.v:15]
INFO: [Synth 8-6155] done synthesizing module 'ImmedGen' (0#1) [Z:/Desktop/CPE333/RetryOtter333/RetryOtter333.srcs/sources_1/new/ImmedGen.v:15]
INFO: [Synth 8-6157] synthesizing module 'MUXA' [Z:/Desktop/CPE333/RetryOtter333/RetryOtter333.srcs/sources_1/new/MuxA.v:15]
INFO: [Synth 8-6155] done synthesizing module 'MUXA' (0#1) [Z:/Desktop/CPE333/RetryOtter333/RetryOtter333.srcs/sources_1/new/MuxA.v:15]
INFO: [Synth 8-6157] synthesizing module 'MUXB' [Z:/Desktop/CPE333/RetryOtter333/RetryOtter333.srcs/sources_1/new/MuxB.v:15]
INFO: [Synth 8-6155] done synthesizing module 'MUXB' (0#1) [Z:/Desktop/CPE333/RetryOtter333/RetryOtter333.srcs/sources_1/new/MuxB.v:15]
INFO: [Synth 8-6157] synthesizing module 'MUX' [Z:/Desktop/CPE333/RetryOtter333/RetryOtter333.srcs/sources_1/new/MUX.sv:23]
INFO: [Synth 8-6155] done synthesizing module 'MUX' (0#1) [Z:/Desktop/CPE333/RetryOtter333/RetryOtter333.srcs/sources_1/new/MUX.sv:23]
INFO: [Synth 8-6157] synthesizing module 'ALU' [Z:/Desktop/CPE333/RetryOtter333/RetryOtter333.srcs/sources_1/new/ALU.sv:14]
INFO: [Synth 8-6155] done synthesizing module 'ALU' (0#1) [Z:/Desktop/CPE333/RetryOtter333/RetryOtter333.srcs/sources_1/new/ALU.sv:14]
INFO: [Synth 8-6157] synthesizing module 'BranchCondGen' [Z:/Desktop/CPE333/RetryOtter333/RetryOtter333.srcs/sources_1/new/BranchCondGen.sv:15]
INFO: [Synth 8-6155] done synthesizing module 'BranchCondGen' (0#1) [Z:/Desktop/CPE333/RetryOtter333/RetryOtter333.srcs/sources_1/new/BranchCondGen.sv:15]
INFO: [Synth 8-6157] synthesizing module 'BranchAddGen' [Z:/Desktop/CPE333/RetryOtter333/RetryOtter333.srcs/sources_1/new/BranchAddGen.sv:15]
INFO: [Synth 8-6155] done synthesizing module 'BranchAddGen' (0#1) [Z:/Desktop/CPE333/RetryOtter333/RetryOtter333.srcs/sources_1/new/BranchAddGen.sv:15]
INFO: [Synth 8-6157] synthesizing module 'RFMUX' [Z:/Desktop/CPE333/RetryOtter333/RetryOtter333.srcs/sources_1/new/RFMUX.sv:23]
INFO: [Synth 8-6155] done synthesizing module 'RFMUX' (0#1) [Z:/Desktop/CPE333/RetryOtter333/RetryOtter333.srcs/sources_1/new/RFMUX.sv:23]
INFO: [Synth 8-6155] done synthesizing module 'Pipeline_Otter' (0#1) [Z:/Desktop/CPE333/RetryOtter333/RetryOtter333.srcs/sources_1/new/Pipeline_Otter.sv:12]
WARNING: [Synth 8-87] always_comb on 'FmuxA_reg' did not result in combinational logic [Z:/Desktop/CPE333/RetryOtter333/RetryOtter333.srcs/sources_1/new/HDU.sv:84]
WARNING: [Synth 8-87] always_comb on 'PC_WE_reg' did not result in combinational logic [Z:/Desktop/CPE333/RetryOtter333/RetryOtter333.srcs/sources_1/new/HDU.sv:86]
WARNING: [Synth 8-87] always_comb on 'FmuxASel_reg' did not result in combinational logic [Z:/Desktop/CPE333/RetryOtter333/RetryOtter333.srcs/sources_1/new/HDU.sv:87]
WARNING: [Synth 8-87] always_comb on 'FlushFlag_reg' did not result in combinational logic [Z:/Desktop/CPE333/RetryOtter333/RetryOtter333.srcs/sources_1/new/HDU.sv:120]
WARNING: [Synth 8-6014] Unused sequential element mem_struct_reg[regWrite] was removed.  [Z:/Desktop/CPE333/RetryOtter333/RetryOtter333.srcs/sources_1/new/Pipeline_Otter.sv:75]
WARNING: [Synth 8-87] always_comb on 'PC_WE_reg' did not result in combinational logic [Z:/Desktop/CPE333/RetryOtter333/RetryOtter333.srcs/sources_1/new/Pipeline_Otter.sv:47]
WARNING: [Synth 8-87] always_comb on 'flushCount_reg' did not result in combinational logic [Z:/Desktop/CPE333/RetryOtter333/RetryOtter333.srcs/sources_1/new/Pipeline_Otter.sv:184]
WARNING: [Synth 8-3848] Net fetch_struct[alu_fun] in module/entity Pipeline_Otter does not have driver. [Z:/Desktop/CPE333/RetryOtter333/RetryOtter333.srcs/sources_1/new/Pipeline_Otter.sv:37]
WARNING: [Synth 8-3848] Net fetch_struct[rs1_used] in module/entity Pipeline_Otter does not have driver. [Z:/Desktop/CPE333/RetryOtter333/RetryOtter333.srcs/sources_1/new/Pipeline_Otter.sv:37]
WARNING: [Synth 8-3848] Net fetch_struct[rs2_used] in module/entity Pipeline_Otter does not have driver. [Z:/Desktop/CPE333/RetryOtter333/RetryOtter333.srcs/sources_1/new/Pipeline_Otter.sv:37]
WARNING: [Synth 8-3848] Net fetch_struct[rd_used] in module/entity Pipeline_Otter does not have driver. [Z:/Desktop/CPE333/RetryOtter333/RetryOtter333.srcs/sources_1/new/Pipeline_Otter.sv:37]
WARNING: [Synth 8-3848] Net fetch_struct[memWrite] in module/entity Pipeline_Otter does not have driver. [Z:/Desktop/CPE333/RetryOtter333/RetryOtter333.srcs/sources_1/new/Pipeline_Otter.sv:37]
WARNING: [Synth 8-3848] Net fetch_struct[memRead2] in module/entity Pipeline_Otter does not have driver. [Z:/Desktop/CPE333/RetryOtter333/RetryOtter333.srcs/sources_1/new/Pipeline_Otter.sv:37]
WARNING: [Synth 8-3848] Net fetch_struct[regWrite] in module/entity Pipeline_Otter does not have driver. [Z:/Desktop/CPE333/RetryOtter333/RetryOtter333.srcs/sources_1/new/Pipeline_Otter.sv:37]
WARNING: [Synth 8-3848] Net fetch_struct[rf_SEL] in module/entity Pipeline_Otter does not have driver. [Z:/Desktop/CPE333/RetryOtter333/RetryOtter333.srcs/sources_1/new/Pipeline_Otter.sv:37]
WARNING: [Synth 8-3848] Net fetch_struct[JALR] in module/entity Pipeline_Otter does not have driver. [Z:/Desktop/CPE333/RetryOtter333/RetryOtter333.srcs/sources_1/new/Pipeline_Otter.sv:37]
WARNING: [Synth 8-3848] Net fetch_struct[BRANCH] in module/entity Pipeline_Otter does not have driver. [Z:/Desktop/CPE333/RetryOtter333/RetryOtter333.srcs/sources_1/new/Pipeline_Otter.sv:37]
WARNING: [Synth 8-3848] Net fetch_struct[JAL] in module/entity Pipeline_Otter does not have driver. [Z:/Desktop/CPE333/RetryOtter333/RetryOtter333.srcs/sources_1/new/Pipeline_Otter.sv:37]
WARNING: [Synth 8-3848] Net fetch_struct[alu_result] in module/entity Pipeline_Otter does not have driver. [Z:/Desktop/CPE333/RetryOtter333/RetryOtter333.srcs/sources_1/new/Pipeline_Otter.sv:37]
WARNING: [Synth 8-3848] Net fetch_struct[rs1] in module/entity Pipeline_Otter does not have driver. [Z:/Desktop/CPE333/RetryOtter333/RetryOtter333.srcs/sources_1/new/Pipeline_Otter.sv:37]
WARNING: [Synth 8-3848] Net fetch_struct[rs2] in module/entity Pipeline_Otter does not have driver. [Z:/Desktop/CPE333/RetryOtter333/RetryOtter333.srcs/sources_1/new/Pipeline_Otter.sv:37]
WARNING: [Synth 8-3848] Net fetch_struct[PC_SEL] in module/entity Pipeline_Otter does not have driver. [Z:/Desktop/CPE333/RetryOtter333/RetryOtter333.srcs/sources_1/new/Pipeline_Otter.sv:37]
WARNING: [Synth 8-3848] Net fetch_struct[muxB_out] in module/entity Pipeline_Otter does not have driver. [Z:/Desktop/CPE333/RetryOtter333/RetryOtter333.srcs/sources_1/new/Pipeline_Otter.sv:37]
WARNING: [Synth 8-3848] Net fetch_struct[muxA_out] in module/entity Pipeline_Otter does not have driver. [Z:/Desktop/CPE333/RetryOtter333/RetryOtter333.srcs/sources_1/new/Pipeline_Otter.sv:37]
WARNING: [Synth 8-3848] Net execute_struct[rs1_used] in module/entity Pipeline_Otter does not have driver. [Z:/Desktop/CPE333/RetryOtter333/RetryOtter333.srcs/sources_1/new/Pipeline_Otter.sv:39]
WARNING: [Synth 8-3848] Net execute_struct[rs2_used] in module/entity Pipeline_Otter does not have driver. [Z:/Desktop/CPE333/RetryOtter333/RetryOtter333.srcs/sources_1/new/Pipeline_Otter.sv:39]
WARNING: [Synth 8-3848] Net execute_struct[rd_used] in module/entity Pipeline_Otter does not have driver. [Z:/Desktop/CPE333/RetryOtter333/RetryOtter333.srcs/sources_1/new/Pipeline_Otter.sv:39]
WARNING: [Synth 8-3848] Net decode_struct[JALR] in module/entity Pipeline_Otter does not have driver. [Z:/Desktop/CPE333/RetryOtter333/RetryOtter333.srcs/sources_1/new/Pipeline_Otter.sv:38]
WARNING: [Synth 8-3848] Net decode_struct[BRANCH] in module/entity Pipeline_Otter does not have driver. [Z:/Desktop/CPE333/RetryOtter333/RetryOtter333.srcs/sources_1/new/Pipeline_Otter.sv:38]
WARNING: [Synth 8-3848] Net decode_struct[JAL] in module/entity Pipeline_Otter does not have driver. [Z:/Desktop/CPE333/RetryOtter333/RetryOtter333.srcs/sources_1/new/Pipeline_Otter.sv:38]
WARNING: [Synth 8-3848] Net memory_struct in module/entity Pipeline_Otter does not have driver. [Z:/Desktop/CPE333/RetryOtter333/RetryOtter333.srcs/sources_1/new/Pipeline_Otter.sv:172]
WARNING: [Synth 8-3848] Net write_struct[rs1_used] in module/entity Pipeline_Otter does not have driver. [Z:/Desktop/CPE333/RetryOtter333/RetryOtter333.srcs/sources_1/new/Pipeline_Otter.sv:41]
WARNING: [Synth 8-3848] Net write_struct[rs2_used] in module/entity Pipeline_Otter does not have driver. [Z:/Desktop/CPE333/RetryOtter333/RetryOtter333.srcs/sources_1/new/Pipeline_Otter.sv:41]
WARNING: [Synth 8-3848] Net write_struct[rd_used] in module/entity Pipeline_Otter does not have driver. [Z:/Desktop/CPE333/RetryOtter333/RetryOtter333.srcs/sources_1/new/Pipeline_Otter.sv:41]
WARNING: [Synth 8-3848] Net csr_rd in module/entity Pipeline_Otter does not have driver. [Z:/Desktop/CPE333/RetryOtter333/RetryOtter333.srcs/sources_1/new/Pipeline_Otter.sv:24]
WARNING: [Synth 8-3848] Net intTaken in module/entity Pipeline_Otter does not have driver. [Z:/Desktop/CPE333/RetryOtter333/RetryOtter333.srcs/sources_1/new/Pipeline_Otter.sv:157]
WARNING: [Synth 8-3848] Net csr_pc_mtvec in module/entity Pipeline_Otter does not have driver. [Z:/Desktop/CPE333/RetryOtter333/RetryOtter333.srcs/sources_1/new/Pipeline_Otter.sv:24]
WARNING: [Synth 8-3848] Net csr_pc_mepc in module/entity Pipeline_Otter does not have driver. [Z:/Desktop/CPE333/RetryOtter333/RetryOtter333.srcs/sources_1/new/Pipeline_Otter.sv:24]
WARNING: [Synth 8-7129] Port Instruction[6] in module ImmedGen is either unconnected or has no load
WARNING: [Synth 8-7129] Port Instruction[5] in module ImmedGen is either unconnected or has no load
WARNING: [Synth 8-7129] Port Instruction[4] in module ImmedGen is either unconnected or has no load
WARNING: [Synth 8-7129] Port Instruction[3] in module ImmedGen is either unconnected or has no load
WARNING: [Synth 8-7129] Port Instruction[2] in module ImmedGen is either unconnected or has no load
WARNING: [Synth 8-7129] Port Instruction[1] in module ImmedGen is either unconnected or has no load
WARNING: [Synth 8-7129] Port Instruction[0] in module ImmedGen is either unconnected or has no load
WARNING: [Synth 8-7129] Port EX[pc][31] in module HDU is either unconnected or has no load
WARNING: [Synth 8-7129] Port EX[pc][30] in module HDU is either unconnected or has no load
WARNING: [Synth 8-7129] Port EX[pc][29] in module HDU is either unconnected or has no load
WARNING: [Synth 8-7129] Port EX[pc][28] in module HDU is either unconnected or has no load
WARNING: [Synth 8-7129] Port EX[pc][27] in module HDU is either unconnected or has no load
WARNING: [Synth 8-7129] Port EX[pc][26] in module HDU is either unconnected or has no load
WARNING: [Synth 8-7129] Port EX[pc][25] in module HDU is either unconnected or has no load
WARNING: [Synth 8-7129] Port EX[pc][24] in module HDU is either unconnected or has no load
WARNING: [Synth 8-7129] Port EX[pc][23] in module HDU is either unconnected or has no load
WARNING: [Synth 8-7129] Port EX[pc][22] in module HDU is either unconnected or has no load
WARNING: [Synth 8-7129] Port EX[pc][21] in module HDU is either unconnected or has no load
WARNING: [Synth 8-7129] Port EX[pc][20] in module HDU is either unconnected or has no load
WARNING: [Synth 8-7129] Port EX[pc][19] in module HDU is either unconnected or has no load
WARNING: [Synth 8-7129] Port EX[pc][18] in module HDU is either unconnected or has no load
WARNING: [Synth 8-7129] Port EX[pc][17] in module HDU is either unconnected or has no load
WARNING: [Synth 8-7129] Port EX[pc][16] in module HDU is either unconnected or has no load
WARNING: [Synth 8-7129] Port EX[pc][15] in module HDU is either unconnected or has no load
WARNING: [Synth 8-7129] Port EX[pc][14] in module HDU is either unconnected or has no load
WARNING: [Synth 8-7129] Port EX[pc][13] in module HDU is either unconnected or has no load
WARNING: [Synth 8-7129] Port EX[pc][12] in module HDU is either unconnected or has no load
WARNING: [Synth 8-7129] Port EX[pc][11] in module HDU is either unconnected or has no load
WARNING: [Synth 8-7129] Port EX[pc][10] in module HDU is either unconnected or has no load
WARNING: [Synth 8-7129] Port EX[pc][9] in module HDU is either unconnected or has no load
WARNING: [Synth 8-7129] Port EX[pc][8] in module HDU is either unconnected or has no load
WARNING: [Synth 8-7129] Port EX[pc][7] in module HDU is either unconnected or has no load
WARNING: [Synth 8-7129] Port EX[pc][6] in module HDU is either unconnected or has no load
WARNING: [Synth 8-7129] Port EX[pc][5] in module HDU is either unconnected or has no load
WARNING: [Synth 8-7129] Port EX[pc][4] in module HDU is either unconnected or has no load
WARNING: [Synth 8-7129] Port EX[pc][3] in module HDU is either unconnected or has no load
WARNING: [Synth 8-7129] Port EX[pc][2] in module HDU is either unconnected or has no load
WARNING: [Synth 8-7129] Port EX[pc][1] in module HDU is either unconnected or has no load
WARNING: [Synth 8-7129] Port EX[pc][0] in module HDU is either unconnected or has no load
WARNING: [Synth 8-7129] Port EX[opcode][6] in module HDU is either unconnected or has no load
WARNING: [Synth 8-7129] Port EX[opcode][5] in module HDU is either unconnected or has no load
WARNING: [Synth 8-7129] Port EX[opcode][4] in module HDU is either unconnected or has no load
WARNING: [Synth 8-7129] Port EX[opcode][3] in module HDU is either unconnected or has no load
WARNING: [Synth 8-7129] Port EX[opcode][2] in module HDU is either unconnected or has no load
WARNING: [Synth 8-7129] Port EX[opcode][1] in module HDU is either unconnected or has no load
WARNING: [Synth 8-7129] Port EX[opcode][0] in module HDU is either unconnected or has no load
WARNING: [Synth 8-7129] Port EX[rd_addr][4] in module HDU is either unconnected or has no load
WARNING: [Synth 8-7129] Port EX[rd_addr][3] in module HDU is either unconnected or has no load
WARNING: [Synth 8-7129] Port EX[rd_addr][2] in module HDU is either unconnected or has no load
WARNING: [Synth 8-7129] Port EX[rd_addr][1] in module HDU is either unconnected or has no load
WARNING: [Synth 8-7129] Port EX[rd_addr][0] in module HDU is either unconnected or has no load
WARNING: [Synth 8-7129] Port EX[alu_fun][3] in module HDU is either unconnected or has no load
WARNING: [Synth 8-7129] Port EX[alu_fun][2] in module HDU is either unconnected or has no load
WARNING: [Synth 8-7129] Port EX[alu_fun][1] in module HDU is either unconnected or has no load
WARNING: [Synth 8-7129] Port EX[alu_fun][0] in module HDU is either unconnected or has no load
WARNING: [Synth 8-7129] Port EX[rd_used] in module HDU is either unconnected or has no load
WARNING: [Synth 8-7129] Port EX[memWrite] in module HDU is either unconnected or has no load
WARNING: [Synth 8-7129] Port EX[memRead2] in module HDU is either unconnected or has no load
WARNING: [Synth 8-7129] Port EX[regWrite] in module HDU is either unconnected or has no load
WARNING: [Synth 8-7129] Port EX[rf_SEL][1] in module HDU is either unconnected or has no load
WARNING: [Synth 8-7129] Port EX[rf_SEL][0] in module HDU is either unconnected or has no load
WARNING: [Synth 8-7129] Port EX[ir][31] in module HDU is either unconnected or has no load
WARNING: [Synth 8-7129] Port EX[ir][30] in module HDU is either unconnected or has no load
WARNING: [Synth 8-7129] Port EX[ir][29] in module HDU is either unconnected or has no load
WARNING: [Synth 8-7129] Port EX[ir][28] in module HDU is either unconnected or has no load
WARNING: [Synth 8-7129] Port EX[ir][27] in module HDU is either unconnected or has no load
WARNING: [Synth 8-7129] Port EX[ir][26] in module HDU is either unconnected or has no load
WARNING: [Synth 8-7129] Port EX[ir][25] in module HDU is either unconnected or has no load
WARNING: [Synth 8-7129] Port EX[ir][24] in module HDU is either unconnected or has no load
WARNING: [Synth 8-7129] Port EX[ir][23] in module HDU is either unconnected or has no load
WARNING: [Synth 8-7129] Port EX[ir][22] in module HDU is either unconnected or has no load
WARNING: [Synth 8-7129] Port EX[ir][21] in module HDU is either unconnected or has no load
WARNING: [Synth 8-7129] Port EX[ir][20] in module HDU is either unconnected or has no load
WARNING: [Synth 8-7129] Port EX[ir][19] in module HDU is either unconnected or has no load
WARNING: [Synth 8-7129] Port EX[ir][18] in module HDU is either unconnected or has no load
WARNING: [Synth 8-7129] Port EX[ir][17] in module HDU is either unconnected or has no load
WARNING: [Synth 8-7129] Port EX[ir][16] in module HDU is either unconnected or has no load
WARNING: [Synth 8-7129] Port EX[ir][15] in module HDU is either unconnected or has no load
WARNING: [Synth 8-7129] Port EX[ir][14] in module HDU is either unconnected or has no load
WARNING: [Synth 8-7129] Port EX[ir][13] in module HDU is either unconnected or has no load
WARNING: [Synth 8-7129] Port EX[ir][12] in module HDU is either unconnected or has no load
WARNING: [Synth 8-7129] Port EX[ir][11] in module HDU is either unconnected or has no load
WARNING: [Synth 8-7129] Port EX[ir][10] in module HDU is either unconnected or has no load
WARNING: [Synth 8-7129] Port EX[ir][9] in module HDU is either unconnected or has no load
WARNING: [Synth 8-7129] Port EX[ir][8] in module HDU is either unconnected or has no load
WARNING: [Synth 8-7129] Port EX[ir][7] in module HDU is either unconnected or has no load
WARNING: [Synth 8-7129] Port EX[ir][6] in module HDU is either unconnected or has no load
WARNING: [Synth 8-7129] Port EX[ir][5] in module HDU is either unconnected or has no load
WARNING: [Synth 8-7129] Port EX[ir][4] in module HDU is either unconnected or has no load
WARNING: [Synth 8-7129] Port EX[ir][3] in module HDU is either unconnected or has no load
WARNING: [Synth 8-7129] Port EX[ir][2] in module HDU is either unconnected or has no load
WARNING: [Synth 8-7129] Port EX[ir][1] in module HDU is either unconnected or has no load
WARNING: [Synth 8-7129] Port EX[ir][0] in module HDU is either unconnected or has no load
WARNING: [Synth 8-7129] Port EX[memDout2][31] in module HDU is either unconnected or has no load
WARNING: [Synth 8-7129] Port EX[memDout2][30] in module HDU is either unconnected or has no load
WARNING: [Synth 8-7129] Port EX[memDout2][29] in module HDU is either unconnected or has no load
WARNING: [Synth 8-7129] Port EX[memDout2][28] in module HDU is either unconnected or has no load
WARNING: [Synth 8-7129] Port EX[memDout2][27] in module HDU is either unconnected or has no load
WARNING: [Synth 8-7129] Port EX[memDout2][26] in module HDU is either unconnected or has no load
WARNING: [Synth 8-7129] Port EX[memDout2][25] in module HDU is either unconnected or has no load
INFO: [Common 17-14] Message 'Synth 8-7129' appears 100 times and further instances of the messages will be disabled. Use the Tcl command set_msg_config to change the current settings.
---------------------------------------------------------------------------------
Finished Synthesize : Time (s): cpu = 00:00:27 ; elapsed = 00:00:28 . Memory (MB): peak = 1026.672 ; gain = 518.742
---------------------------------------------------------------------------------
---------------------------------------------------------------------------------
Finished Constraint Validation : Time (s): cpu = 00:00:28 ; elapsed = 00:00:30 . Memory (MB): peak = 1026.672 ; gain = 518.742
---------------------------------------------------------------------------------
---------------------------------------------------------------------------------
Start Loading Part and Timing Information
---------------------------------------------------------------------------------
Loading part: xc7a35ticpg236-1L
---------------------------------------------------------------------------------
Finished Loading Part and Timing Information : Time (s): cpu = 00:00:28 ; elapsed = 00:00:30 . Memory (MB): peak = 1026.672 ; gain = 518.742
---------------------------------------------------------------------------------
INFO: [Device 21-403] Loading part xc7a35ticpg236-1L
INFO: [Synth 8-7030] Implemented Non-Cascaded Block Ram (cascade_height = 1) of width 32 for RAM "Memory:/memory_reg"
INFO: [Synth 8-7030] Implemented Non-Cascaded Block Ram (cascade_height = 1) of width 32 for RAM "Memory:/memory_reg"
INFO: [Synth 8-7030] Implemented Non-Cascaded Block Ram (cascade_height = 1) of width 32 for RAM "Memory:/memory_reg"
INFO: [Synth 8-7030] Implemented Non-Cascaded Block Ram (cascade_height = 1) of width 32 for RAM "Memory:/memory_reg"
INFO: [Synth 8-7030] Implemented Non-Cascaded Block Ram (cascade_height = 1) of width 32 for RAM "Memory:/memory_reg"
INFO: [Synth 8-7030] Implemented Non-Cascaded Block Ram (cascade_height = 1) of width 32 for RAM "Memory:/memory_reg"
INFO: [Synth 8-7030] Implemented Non-Cascaded Block Ram (cascade_height = 1) of width 32 for RAM "Memory:/memory_reg"
INFO: [Synth 8-7030] Implemented Non-Cascaded Block Ram (cascade_height = 1) of width 32 for RAM "Memory:/memory_reg"
INFO: [Synth 8-7030] Implemented Non-Cascaded Block Ram (cascade_height = 1) of width 32 for RAM "Memory:/memory_reg"
INFO: [Synth 8-7030] Implemented Non-Cascaded Block Ram (cascade_height = 1) of width 32 for RAM "Memory:/memory_reg"
INFO: [Synth 8-7030] Implemented Non-Cascaded Block Ram (cascade_height = 1) of width 32 for RAM "Memory:/memory_reg"
INFO: [Synth 8-7030] Implemented Non-Cascaded Block Ram (cascade_height = 1) of width 32 for RAM "Memory:/memory_reg"
INFO: [Synth 8-7030] Implemented Non-Cascaded Block Ram (cascade_height = 1) of width 32 for RAM "Memory:/memory_reg"
INFO: [Synth 8-7030] Implemented Non-Cascaded Block Ram (cascade_height = 1) of width 32 for RAM "Memory:/memory_reg"
INFO: [Synth 8-7030] Implemented Non-Cascaded Block Ram (cascade_height = 1) of width 32 for RAM "Memory:/memory_reg"
INFO: [Synth 8-7030] Implemented Non-Cascaded Block Ram (cascade_height = 1) of width 32 for RAM "Memory:/memory_reg"
WARNING: [Synth 8-327] inferring latch for variable 'FmuxA_reg' [Z:/Desktop/CPE333/RetryOtter333/RetryOtter333.srcs/sources_1/new/HDU.sv:84]
WARNING: [Synth 8-327] inferring latch for variable 'PC_WE_reg' [Z:/Desktop/CPE333/RetryOtter333/RetryOtter333.srcs/sources_1/new/HDU.sv:86]
WARNING: [Synth 8-327] inferring latch for variable 'FlushFlag_reg' [Z:/Desktop/CPE333/RetryOtter333/RetryOtter333.srcs/sources_1/new/HDU.sv:120]
WARNING: [Synth 8-327] inferring latch for variable 'flushCount_reg' [Z:/Desktop/CPE333/RetryOtter333/RetryOtter333.srcs/sources_1/new/Pipeline_Otter.sv:184]
WARNING: [Synth 8-327] inferring latch for variable 'PC_WE_reg' [Z:/Desktop/CPE333/RetryOtter333/RetryOtter333.srcs/sources_1/new/Pipeline_Otter.sv:47]
---------------------------------------------------------------------------------
Finished RTL Optimization Phase 2 : Time (s): cpu = 00:00:33 ; elapsed = 00:00:33 . Memory (MB): peak = 1034.902 ; gain = 526.973
---------------------------------------------------------------------------------
No constraint files found.
---------------------------------------------------------------------------------
Start RTL Component Statistics 
---------------------------------------------------------------------------------
Detailed RTL Component Info : 
+---Adders : 
	   2 Input   32 Bit       Adders := 6     
	   3 Input   32 Bit       Adders := 1     
	   2 Input    3 Bit       Adders := 1     
+---XORs : 
	   2 Input     32 Bit         XORs := 1     
+---Registers : 
	               32 Bit    Registers := 43    
	                7 Bit    Registers := 4     
	                5 Bit    Registers := 12    
	                4 Bit    Registers := 3     
	                3 Bit    Registers := 3     
	                2 Bit    Registers := 3     
	                1 Bit    Registers := 12    
+---RAMs : 
	             512K Bit	(16384 X 32 bit)          RAMs := 1     
	             1024 Bit	(32 X 32 bit)          RAMs := 1     
+---Muxes : 
	   9 Input   32 Bit        Muxes := 2     
	  16 Input   32 Bit        Muxes := 1     
	   2 Input   32 Bit        Muxes := 6     
	   4 Input   32 Bit        Muxes := 1     
	   5 Input   32 Bit        Muxes := 1     
	   2 Input   31 Bit        Muxes := 1     
	  11 Input    6 Bit        Muxes := 1     
	   2 Input    4 Bit        Muxes := 2     
	   4 Input    4 Bit        Muxes := 1     
	  11 Input    4 Bit        Muxes := 1     
	   2 Input    3 Bit        Muxes := 5     
	   4 Input    3 Bit        Muxes := 2     
	  11 Input    3 Bit        Muxes := 2     
	   2 Input    2 Bit        Muxes := 1     
	   4 Input    2 Bit        Muxes := 1     
	  11 Input    2 Bit        Muxes := 2     
	   9 Input    1 Bit        Muxes := 1     
	   2 Input    1 Bit        Muxes := 5     
	   4 Input    1 Bit        Muxes := 1     
	  11 Input    1 Bit        Muxes := 3     
	   3 Input    1 Bit        Muxes := 1     
---------------------------------------------------------------------------------
Finished RTL Component Statistics 
---------------------------------------------------------------------------------
---------------------------------------------------------------------------------
Start Part Resource Summary
---------------------------------------------------------------------------------
Part Resources:
DSPs: 90 (col length:60)
BRAMs: 100 (col length: RAMB18 60 RAMB36 30)
---------------------------------------------------------------------------------
Finished Part Resource Summary
---------------------------------------------------------------------------------
No constraint files found.
---------------------------------------------------------------------------------
Start Cross Boundary and Area Optimization
---------------------------------------------------------------------------------
WARNING: [Synth 8-7080] Parallel synthesis criteria is not met
INFO: [Synth 8-7030] Implemented Non-Cascaded Block Ram (cascade_height = 1) of width 32 for RAM "Pipeline_Otter/Otter_Memory/memory_reg"
INFO: [Synth 8-7030] Implemented Non-Cascaded Block Ram (cascade_height = 1) of width 32 for RAM "Pipeline_Otter/Otter_Memory/memory_reg"
INFO: [Synth 8-7030] Implemented Non-Cascaded Block Ram (cascade_height = 1) of width 32 for RAM "Pipeline_Otter/Otter_Memory/memory_reg"
INFO: [Synth 8-7030] Implemented Non-Cascaded Block Ram (cascade_height = 1) of width 32 for RAM "Pipeline_Otter/Otter_Memory/memory_reg"
INFO: [Synth 8-7030] Implemented Non-Cascaded Block Ram (cascade_height = 1) of width 32 for RAM "Pipeline_Otter/Otter_Memory/memory_reg"
INFO: [Synth 8-7030] Implemented Non-Cascaded Block Ram (cascade_height = 1) of width 32 for RAM "Pipeline_Otter/Otter_Memory/memory_reg"
INFO: [Synth 8-7030] Implemented Non-Cascaded Block Ram (cascade_height = 1) of width 32 for RAM "Pipeline_Otter/Otter_Memory/memory_reg"
INFO: [Synth 8-7030] Implemented Non-Cascaded Block Ram (cascade_height = 1) of width 32 for RAM "Pipeline_Otter/Otter_Memory/memory_reg"
INFO: [Synth 8-7030] Implemented Non-Cascaded Block Ram (cascade_height = 1) of width 32 for RAM "Pipeline_Otter/Otter_Memory/memory_reg"
INFO: [Synth 8-7030] Implemented Non-Cascaded Block Ram (cascade_height = 1) of width 32 for RAM "Pipeline_Otter/Otter_Memory/memory_reg"
INFO: [Synth 8-7030] Implemented Non-Cascaded Block Ram (cascade_height = 1) of width 32 for RAM "Pipeline_Otter/Otter_Memory/memory_reg"
INFO: [Synth 8-7030] Implemented Non-Cascaded Block Ram (cascade_height = 1) of width 32 for RAM "Pipeline_Otter/Otter_Memory/memory_reg"
INFO: [Synth 8-7030] Implemented Non-Cascaded Block Ram (cascade_height = 1) of width 32 for RAM "Pipeline_Otter/Otter_Memory/memory_reg"
INFO: [Synth 8-7030] Implemented Non-Cascaded Block Ram (cascade_height = 1) of width 32 for RAM "Pipeline_Otter/Otter_Memory/memory_reg"
INFO: [Synth 8-7030] Implemented Non-Cascaded Block Ram (cascade_height = 1) of width 32 for RAM "Pipeline_Otter/Otter_Memory/memory_reg"
INFO: [Synth 8-7030] Implemented Non-Cascaded Block Ram (cascade_height = 1) of width 32 for RAM "Pipeline_Otter/Otter_Memory/memory_reg"
WARNING: [Synth 8-264] enable of latch \otterHazards/FmuxA_reg[31]  is always disabled
WARNING: [Synth 8-264] enable of latch \otterHazards/FmuxA_reg[31]  is always disabled
WARNING: [Synth 8-264] enable of latch \otterHazards/FmuxA_reg[0]  is always disabled
WARNING: [Synth 8-264] enable of latch \otterHazards/FmuxA_reg[0]  is always disabled
WARNING: [Synth 8-264] enable of latch \otterHazards/FmuxA_reg[1]  is always disabled
WARNING: [Synth 8-264] enable of latch \otterHazards/FmuxA_reg[1]  is always disabled
WARNING: [Synth 8-264] enable of latch \otterHazards/FmuxA_reg[2]  is always disabled
WARNING: [Synth 8-264] enable of latch \otterHazards/FmuxA_reg[2]  is always disabled
WARNING: [Synth 8-264] enable of latch \otterHazards/FmuxA_reg[3]  is always disabled
WARNING: [Synth 8-264] enable of latch \otterHazards/FmuxA_reg[3]  is always disabled
WARNING: [Synth 8-264] enable of latch \otterHazards/FmuxA_reg[4]  is always disabled
WARNING: [Synth 8-264] enable of latch \otterHazards/FmuxA_reg[4]  is always disabled
WARNING: [Synth 8-264] enable of latch \otterHazards/FmuxA_reg[5]  is always disabled
WARNING: [Synth 8-264] enable of latch \otterHazards/FmuxA_reg[5]  is always disabled
WARNING: [Synth 8-264] enable of latch \otterHazards/FmuxA_reg[6]  is always disabled
WARNING: [Synth 8-264] enable of latch \otterHazards/FmuxA_reg[6]  is always disabled
WARNING: [Synth 8-264] enable of latch \otterHazards/FmuxA_reg[7]  is always disabled
WARNING: [Synth 8-264] enable of latch \otterHazards/FmuxA_reg[7]  is always disabled
WARNING: [Synth 8-264] enable of latch \otterHazards/FmuxA_reg[8]  is always disabled
WARNING: [Synth 8-264] enable of latch \otterHazards/FmuxA_reg[8]  is always disabled
WARNING: [Synth 8-264] enable of latch \otterHazards/FmuxA_reg[9]  is always disabled
WARNING: [Synth 8-264] enable of latch \otterHazards/FmuxA_reg[9]  is always disabled
WARNING: [Synth 8-264] enable of latch \otterHazards/FmuxA_reg[10]  is always disabled
WARNING: [Synth 8-264] enable of latch \otterHazards/FmuxA_reg[10]  is always disabled
WARNING: [Synth 8-264] enable of latch \otterHazards/FmuxA_reg[11]  is always disabled
WARNING: [Synth 8-264] enable of latch \otterHazards/FmuxA_reg[11]  is always disabled
WARNING: [Synth 8-264] enable of latch \otterHazards/FmuxA_reg[12]  is always disabled
WARNING: [Synth 8-264] enable of latch \otterHazards/FmuxA_reg[12]  is always disabled
WARNING: [Synth 8-264] enable of latch \otterHazards/FmuxA_reg[13]  is always disabled
WARNING: [Synth 8-264] enable of latch \otterHazards/FmuxA_reg[13]  is always disabled
WARNING: [Synth 8-264] enable of latch \otterHazards/FmuxA_reg[14]  is always disabled
WARNING: [Synth 8-264] enable of latch \otterHazards/FmuxA_reg[14]  is always disabled
WARNING: [Synth 8-264] enable of latch \otterHazards/FmuxA_reg[15]  is always disabled
WARNING: [Synth 8-264] enable of latch \otterHazards/FmuxA_reg[15]  is always disabled
WARNING: [Synth 8-264] enable of latch \otterHazards/FmuxA_reg[16]  is always disabled
WARNING: [Synth 8-264] enable of latch \otterHazards/FmuxA_reg[16]  is always disabled
WARNING: [Synth 8-264] enable of latch \otterHazards/FmuxA_reg[17]  is always disabled
WARNING: [Synth 8-264] enable of latch \otterHazards/FmuxA_reg[17]  is always disabled
WARNING: [Synth 8-264] enable of latch \otterHazards/FmuxA_reg[18]  is always disabled
WARNING: [Synth 8-264] enable of latch \otterHazards/FmuxA_reg[18]  is always disabled
WARNING: [Synth 8-264] enable of latch \otterHazards/FmuxA_reg[19]  is always disabled
WARNING: [Synth 8-264] enable of latch \otterHazards/FmuxA_reg[19]  is always disabled
WARNING: [Synth 8-264] enable of latch \otterHazards/FmuxA_reg[20]  is always disabled
WARNING: [Synth 8-264] enable of latch \otterHazards/FmuxA_reg[20]  is always disabled
WARNING: [Synth 8-264] enable of latch \otterHazards/FmuxA_reg[21]  is always disabled
WARNING: [Synth 8-264] enable of latch \otterHazards/FmuxA_reg[21]  is always disabled
WARNING: [Synth 8-264] enable of latch \otterHazards/FmuxA_reg[22]  is always disabled
WARNING: [Synth 8-264] enable of latch \otterHazards/FmuxA_reg[22]  is always disabled
WARNING: [Synth 8-264] enable of latch \otterHazards/FmuxA_reg[23]  is always disabled
WARNING: [Synth 8-264] enable of latch \otterHazards/FmuxA_reg[23]  is always disabled
WARNING: [Synth 8-264] enable of latch \otterHazards/FmuxA_reg[24]  is always disabled
WARNING: [Synth 8-264] enable of latch \otterHazards/FmuxA_reg[24]  is always disabled
WARNING: [Synth 8-264] enable of latch \otterHazards/FmuxA_reg[25]  is always disabled
WARNING: [Synth 8-264] enable of latch \otterHazards/FmuxA_reg[25]  is always disabled
WARNING: [Synth 8-264] enable of latch \otterHazards/FmuxA_reg[26]  is always disabled
WARNING: [Synth 8-264] enable of latch \otterHazards/FmuxA_reg[26]  is always disabled
WARNING: [Synth 8-264] enable of latch \otterHazards/FmuxA_reg[27]  is always disabled
WARNING: [Synth 8-264] enable of latch \otterHazards/FmuxA_reg[27]  is always disabled
WARNING: [Synth 8-264] enable of latch \otterHazards/FmuxA_reg[28]  is always disabled
WARNING: [Synth 8-264] enable of latch \otterHazards/FmuxA_reg[28]  is always disabled
WARNING: [Synth 8-264] enable of latch \otterHazards/FmuxA_reg[29]  is always disabled
WARNING: [Synth 8-264] enable of latch \otterHazards/FmuxA_reg[29]  is always disabled
WARNING: [Synth 8-264] enable of latch \otterHazards/FmuxA_reg[30]  is always disabled
WARNING: [Synth 8-264] enable of latch \otterHazards/FmuxA_reg[30]  is always disabled
WARNING: [Synth 8-264] enable of latch \otterHazards/FmuxA_reg[31]  is always disabled
WARNING: [Synth 8-264] enable of latch \otterHazards/FmuxA_reg[31]  is always disabled
WARNING: [Synth 8-264] enable of latch \otterHazards/FmuxA_reg[0]  is always disabled
WARNING: [Synth 8-264] enable of latch \otterHazards/FmuxA_reg[0]  is always disabled
WARNING: [Synth 8-264] enable of latch \otterHazards/FmuxA_reg[1]  is always disabled
WARNING: [Synth 8-264] enable of latch \otterHazards/FmuxA_reg[1]  is always disabled
WARNING: [Synth 8-264] enable of latch \otterHazards/FmuxA_reg[2]  is always disabled
WARNING: [Synth 8-264] enable of latch \otterHazards/FmuxA_reg[2]  is always disabled
WARNING: [Synth 8-264] enable of latch \otterHazards/FmuxA_reg[3]  is always disabled
WARNING: [Synth 8-264] enable of latch \otterHazards/FmuxA_reg[3]  is always disabled
WARNING: [Synth 8-264] enable of latch \otterHazards/FmuxA_reg[4]  is always disabled
WARNING: [Synth 8-264] enable of latch \otterHazards/FmuxA_reg[4]  is always disabled
WARNING: [Synth 8-264] enable of latch \otterHazards/FmuxA_reg[5]  is always disabled
WARNING: [Synth 8-264] enable of latch \otterHazards/FmuxA_reg[5]  is always disabled
WARNING: [Synth 8-264] enable of latch \otterHazards/FmuxA_reg[6]  is always disabled
WARNING: [Synth 8-264] enable of latch \otterHazards/FmuxA_reg[6]  is always disabled
WARNING: [Synth 8-264] enable of latch \otterHazards/FmuxA_reg[7]  is always disabled
WARNING: [Synth 8-264] enable of latch \otterHazards/FmuxA_reg[7]  is always disabled
WARNING: [Synth 8-264] enable of latch \otterHazards/FmuxA_reg[8]  is always disabled
WARNING: [Synth 8-264] enable of latch \otterHazards/FmuxA_reg[8]  is always disabled
WARNING: [Synth 8-264] enable of latch \otterHazards/FmuxA_reg[9]  is always disabled
WARNING: [Synth 8-264] enable of latch \otterHazards/FmuxA_reg[9]  is always disabled
WARNING: [Synth 8-264] enable of latch \otterHazards/FmuxA_reg[10]  is always disabled
WARNING: [Synth 8-264] enable of latch \otterHazards/FmuxA_reg[10]  is always disabled
WARNING: [Synth 8-264] enable of latch \otterHazards/FmuxA_reg[11]  is always disabled
WARNING: [Synth 8-264] enable of latch \otterHazards/FmuxA_reg[11]  is always disabled
WARNING: [Synth 8-264] enable of latch \otterHazards/FmuxA_reg[12]  is always disabled
WARNING: [Synth 8-264] enable of latch \otterHazards/FmuxA_reg[12]  is always disabled
WARNING: [Synth 8-264] enable of latch \otterHazards/FmuxA_reg[13]  is always disabled
WARNING: [Synth 8-264] enable of latch \otterHazards/FmuxA_reg[13]  is always disabled
WARNING: [Synth 8-264] enable of latch \otterHazards/FmuxA_reg[14]  is always disabled
WARNING: [Synth 8-264] enable of latch \otterHazards/FmuxA_reg[14]  is always disabled
WARNING: [Synth 8-264] enable of latch \otterHazards/FmuxA_reg[15]  is always disabled
WARNING: [Synth 8-264] enable of latch \otterHazards/FmuxA_reg[15]  is always disabled
WARNING: [Synth 8-264] enable of latch \otterHazards/FmuxA_reg[16]  is always disabled
WARNING: [Synth 8-264] enable of latch \otterHazards/FmuxA_reg[16]  is always disabled
INFO: [Common 17-14] Message 'Synth 8-264' appears 100 times and further instances of the messages will be disabled. Use the Tcl command set_msg_config to change the current settings.
---------------------------------------------------------------------------------
Finished Cross Boundary and Area Optimization : Time (s): cpu = 00:01:14 ; elapsed = 00:01:16 . Memory (MB): peak = 1255.359 ; gain = 747.430
---------------------------------------------------------------------------------
---------------------------------------------------------------------------------
Start ROM, RAM, DSP, Shift Register and Retiming Reporting
---------------------------------------------------------------------------------

Block RAM: Preliminary Mapping Report (see note below)
+---------------+-------------------------+------------------------+---+---+------------------------+---+---+------------------+--------+--------+
|Module Name    | RTL Object              | PORT A (Depth x Width) | W | R | PORT B (Depth x Width) | W | R | Ports driving FF | RAMB18 | RAMB36 | 
+---------------+-------------------------+------------------------+---+---+------------------------+---+---+------------------+--------+--------+
|Pipeline_Otter | Otter_Memory/memory_reg | 16 K x 32(READ_FIRST)  | W | R | 16 K x 32(WRITE_FIRST) |   | R | Port A and B     | 0      | 16     | 
+---------------+-------------------------+------------------------+---+---+------------------------+---+---+------------------+--------+--------+

Note: The table above is a preliminary report that shows the Block RAMs at the current stage of the synthesis flow. Some Block RAMs may be reimplemented as non Block RAM primitives later in the synthesis flow. Multiple instantiated Block RAMs are reported only once. 

Distributed RAM: Preliminary Mapping Report (see note below)
+---------------+------------------------+-----------+----------------------+--------------+
|Module Name    | RTL Object             | Inference | Size (Depth x Width) | Primitives   | 
+---------------+------------------------+-----------+----------------------+--------------+
|Pipeline_Otter | otter_reg_file/ram_reg | Implied   | 32 x 32              | RAM32M x 12  | 
+---------------+------------------------+-----------+----------------------+--------------+

Note: The table above is a preliminary report that shows the Distributed RAMs at the current stage of the synthesis flow. Some Distributed RAMs may be reimplemented as non Distributed RAM primitives later in the synthesis flow. Multiple instantiated RAMs are reported only once.
---------------------------------------------------------------------------------
Finished ROM, RAM, DSP, Shift Register and Retiming Reporting
---------------------------------------------------------------------------------
No constraint files found.
---------------------------------------------------------------------------------
Start Timing Optimization
---------------------------------------------------------------------------------
---------------------------------------------------------------------------------
Finished Timing Optimization : Time (s): cpu = 00:01:15 ; elapsed = 00:01:17 . Memory (MB): peak = 1255.359 ; gain = 747.430
---------------------------------------------------------------------------------
---------------------------------------------------------------------------------
Start ROM, RAM, DSP, Shift Register and Retiming Reporting
---------------------------------------------------------------------------------

Block RAM: Final Mapping Report
+---------------+-------------------------+------------------------+---+---+------------------------+---+---+------------------+--------+--------+
|Module Name    | RTL Object              | PORT A (Depth x Width) | W | R | PORT B (Depth x Width) | W | R | Ports driving FF | RAMB18 | RAMB36 | 
+---------------+-------------------------+------------------------+---+---+------------------------+---+---+------------------+--------+--------+
|Pipeline_Otter | Otter_Memory/memory_reg | 16 K x 32(READ_FIRST)  | W | R | 16 K x 32(WRITE_FIRST) |   | R | Port A and B     | 0      | 16     | 
+---------------+-------------------------+------------------------+---+---+------------------------+---+---+------------------+--------+--------+


Distributed RAM: Final Mapping Report
+---------------+------------------------+-----------+----------------------+--------------+
|Module Name    | RTL Object             | Inference | Size (Depth x Width) | Primitives   | 
+---------------+------------------------+-----------+----------------------+--------------+
|Pipeline_Otter | otter_reg_file/ram_reg | Implied   | 32 x 32              | RAM32M x 12  | 
+---------------+------------------------+-----------+----------------------+--------------+

---------------------------------------------------------------------------------
Finished ROM, RAM, DSP, Shift Register and Retiming Reporting
---------------------------------------------------------------------------------
---------------------------------------------------------------------------------
Start Technology Mapping
---------------------------------------------------------------------------------
WARNING: [Synth 8-3332] Sequential element (otterHazards/FmuxA_reg[31]) is unused and will be removed from module Pipeline_Otter.
WARNING: [Synth 8-3332] Sequential element (otterHazards/FmuxA_reg[30]) is unused and will be removed from module Pipeline_Otter.
WARNING: [Synth 8-3332] Sequential element (otterHazards/FmuxA_reg[29]) is unused and will be removed from module Pipeline_Otter.
WARNING: [Synth 8-3332] Sequential element (otterHazards/FmuxA_reg[28]) is unused and will be removed from module Pipeline_Otter.
WARNING: [Synth 8-3332] Sequential element (otterHazards/FmuxA_reg[27]) is unused and will be removed from module Pipeline_Otter.
WARNING: [Synth 8-3332] Sequential element (otterHazards/FmuxA_reg[26]) is unused and will be removed from module Pipeline_Otter.
WARNING: [Synth 8-3332] Sequential element (otterHazards/FmuxA_reg[25]) is unused and will be removed from module Pipeline_Otter.
WARNING: [Synth 8-3332] Sequential element (otterHazards/FmuxA_reg[24]) is unused and will be removed from module Pipeline_Otter.
WARNING: [Synth 8-3332] Sequential element (otterHazards/FmuxA_reg[23]) is unused and will be removed from module Pipeline_Otter.
WARNING: [Synth 8-3332] Sequential element (otterHazards/FmuxA_reg[22]) is unused and will be removed from module Pipeline_Otter.
WARNING: [Synth 8-3332] Sequential element (otterHazards/FmuxA_reg[21]) is unused and will be removed from module Pipeline_Otter.
WARNING: [Synth 8-3332] Sequential element (otterHazards/FmuxA_reg[20]) is unused and will be removed from module Pipeline_Otter.
WARNING: [Synth 8-3332] Sequential element (otterHazards/FmuxA_reg[19]) is unused and will be removed from module Pipeline_Otter.
WARNING: [Synth 8-3332] Sequential element (otterHazards/FmuxA_reg[18]) is unused and will be removed from module Pipeline_Otter.
WARNING: [Synth 8-3332] Sequential element (otterHazards/FmuxA_reg[17]) is unused and will be removed from module Pipeline_Otter.
WARNING: [Synth 8-3332] Sequential element (otterHazards/FmuxA_reg[16]) is unused and will be removed from module Pipeline_Otter.
WARNING: [Synth 8-3332] Sequential element (otterHazards/FmuxA_reg[15]) is unused and will be removed from module Pipeline_Otter.
WARNING: [Synth 8-3332] Sequential element (otterHazards/FmuxA_reg[14]) is unused and will be removed from module Pipeline_Otter.
WARNING: [Synth 8-3332] Sequential element (otterHazards/FmuxA_reg[13]) is unused and will be removed from module Pipeline_Otter.
WARNING: [Synth 8-3332] Sequential element (otterHazards/FmuxA_reg[12]) is unused and will be removed from module Pipeline_Otter.
WARNING: [Synth 8-3332] Sequential element (otterHazards/FmuxA_reg[11]) is unused and will be removed from module Pipeline_Otter.
WARNING: [Synth 8-3332] Sequential element (otterHazards/FmuxA_reg[10]) is unused and will be removed from module Pipeline_Otter.
WARNING: [Synth 8-3332] Sequential element (otterHazards/FmuxA_reg[9]) is unused and will be removed from module Pipeline_Otter.
WARNING: [Synth 8-3332] Sequential element (otterHazards/FmuxA_reg[8]) is unused and will be removed from module Pipeline_Otter.
WARNING: [Synth 8-3332] Sequential element (otterHazards/FmuxA_reg[7]) is unused and will be removed from module Pipeline_Otter.
WARNING: [Synth 8-3332] Sequential element (otterHazards/FmuxA_reg[6]) is unused and will be removed from module Pipeline_Otter.
WARNING: [Synth 8-3332] Sequential element (otterHazards/FmuxA_reg[5]) is unused and will be removed from module Pipeline_Otter.
WARNING: [Synth 8-3332] Sequential element (otterHazards/FmuxA_reg[4]) is unused and will be removed from module Pipeline_Otter.
WARNING: [Synth 8-3332] Sequential element (otterHazards/FmuxA_reg[3]) is unused and will be removed from module Pipeline_Otter.
WARNING: [Synth 8-3332] Sequential element (otterHazards/FmuxA_reg[2]) is unused and will be removed from module Pipeline_Otter.
WARNING: [Synth 8-3332] Sequential element (otterHazards/FmuxA_reg[1]) is unused and will be removed from module Pipeline_Otter.
WARNING: [Synth 8-3332] Sequential element (otterHazards/FmuxA_reg[0]) is unused and will be removed from module Pipeline_Otter.
INFO: [Synth 8-7052] The timing for the instance Otter_Memory/memory_reg_bram_0 (implemented as a Block RAM) might be sub-optimal as no optional output register could be merged into the ram block. Providing additional output register may help in improving timing.
INFO: [Synth 8-7052] The timing for the instance Otter_Memory/memory_reg_bram_0 (implemented as a Block RAM) might be sub-optimal as no optional output register could be merged into the ram block. Providing additional output register may help in improving timing.
INFO: [Synth 8-7052] The timing for the instance Otter_Memory/memory_reg_bram_1 (implemented as a Block RAM) might be sub-optimal as no optional output register could be merged into the ram block. Providing additional output register may help in improving timing.
INFO: [Synth 8-7052] The timing for the instance Otter_Memory/memory_reg_bram_1 (implemented as a Block RAM) might be sub-optimal as no optional output register could be merged into the ram block. Providing additional output register may help in improving timing.
INFO: [Synth 8-7052] The timing for the instance Otter_Memory/memory_reg_bram_2 (implemented as a Block RAM) might be sub-optimal as no optional output register could be merged into the ram block. Providing additional output register may help in improving timing.
INFO: [Synth 8-7052] The timing for the instance Otter_Memory/memory_reg_bram_2 (implemented as a Block RAM) might be sub-optimal as no optional output register could be merged into the ram block. Providing additional output register may help in improving timing.
INFO: [Synth 8-7052] The timing for the instance Otter_Memory/memory_reg_bram_3 (implemented as a Block RAM) might be sub-optimal as no optional output register could be merged into the ram block. Providing additional output register may help in improving timing.
INFO: [Synth 8-7052] The timing for the instance Otter_Memory/memory_reg_bram_3 (implemented as a Block RAM) might be sub-optimal as no optional output register could be merged into the ram block. Providing additional output register may help in improving timing.
INFO: [Synth 8-7052] The timing for the instance Otter_Memory/memory_reg_bram_4 (implemented as a Block RAM) might be sub-optimal as no optional output register could be merged into the ram block. Providing additional output register may help in improving timing.
INFO: [Synth 8-7052] The timing for the instance Otter_Memory/memory_reg_bram_4 (implemented as a Block RAM) might be sub-optimal as no optional output register could be merged into the ram block. Providing additional output register may help in improving timing.
INFO: [Synth 8-7052] The timing for the instance Otter_Memory/memory_reg_bram_5 (implemented as a Block RAM) might be sub-optimal as no optional output register could be merged into the ram block. Providing additional output register may help in improving timing.
INFO: [Synth 8-7052] The timing for the instance Otter_Memory/memory_reg_bram_5 (implemented as a Block RAM) might be sub-optimal as no optional output register could be merged into the ram block. Providing additional output register may help in improving timing.
INFO: [Synth 8-7052] The timing for the instance Otter_Memory/memory_reg_bram_6 (implemented as a Block RAM) might be sub-optimal as no optional output register could be merged into the ram block. Providing additional output register may help in improving timing.
INFO: [Synth 8-7052] The timing for the instance Otter_Memory/memory_reg_bram_6 (implemented as a Block RAM) might be sub-optimal as no optional output register could be merged into the ram block. Providing additional output register may help in improving timing.
INFO: [Synth 8-7052] The timing for the instance Otter_Memory/memory_reg_bram_7 (implemented as a Block RAM) might be sub-optimal as no optional output register could be merged into the ram block. Providing additional output register may help in improving timing.
INFO: [Synth 8-7052] The timing for the instance Otter_Memory/memory_reg_bram_7 (implemented as a Block RAM) might be sub-optimal as no optional output register could be merged into the ram block. Providing additional output register may help in improving timing.
INFO: [Synth 8-7052] The timing for the instance Otter_Memory/memory_reg_bram_8 (implemented as a Block RAM) might be sub-optimal as no optional output register could be merged into the ram block. Providing additional output register may help in improving timing.
INFO: [Synth 8-7052] The timing for the instance Otter_Memory/memory_reg_bram_8 (implemented as a Block RAM) might be sub-optimal as no optional output register could be merged into the ram block. Providing additional output register may help in improving timing.
INFO: [Synth 8-7052] The timing for the instance Otter_Memory/memory_reg_bram_9 (implemented as a Block RAM) might be sub-optimal as no optional output register could be merged into the ram block. Providing additional output register may help in improving timing.
INFO: [Synth 8-7052] The timing for the instance Otter_Memory/memory_reg_bram_9 (implemented as a Block RAM) might be sub-optimal as no optional output register could be merged into the ram block. Providing additional output register may help in improving timing.
INFO: [Synth 8-7052] The timing for the instance Otter_Memory/memory_reg_bram_10 (implemented as a Block RAM) might be sub-optimal as no optional output register could be merged into the ram block. Providing additional output register may help in improving timing.
INFO: [Synth 8-7052] The timing for the instance Otter_Memory/memory_reg_bram_10 (implemented as a Block RAM) might be sub-optimal as no optional output register could be merged into the ram block. Providing additional output register may help in improving timing.
INFO: [Synth 8-7052] The timing for the instance Otter_Memory/memory_reg_bram_11 (implemented as a Block RAM) might be sub-optimal as no optional output register could be merged into the ram block. Providing additional output register may help in improving timing.
INFO: [Synth 8-7052] The timing for the instance Otter_Memory/memory_reg_bram_11 (implemented as a Block RAM) might be sub-optimal as no optional output register could be merged into the ram block. Providing additional output register may help in improving timing.
INFO: [Synth 8-7052] The timing for the instance Otter_Memory/memory_reg_bram_12 (implemented as a Block RAM) might be sub-optimal as no optional output register could be merged into the ram block. Providing additional output register may help in improving timing.
INFO: [Synth 8-7052] The timing for the instance Otter_Memory/memory_reg_bram_12 (implemented as a Block RAM) might be sub-optimal as no optional output register could be merged into the ram block. Providing additional output register may help in improving timing.
INFO: [Synth 8-7052] The timing for the instance Otter_Memory/memory_reg_bram_13 (implemented as a Block RAM) might be sub-optimal as no optional output register could be merged into the ram block. Providing additional output register may help in improving timing.
INFO: [Synth 8-7052] The timing for the instance Otter_Memory/memory_reg_bram_13 (implemented as a Block RAM) might be sub-optimal as no optional output register could be merged into the ram block. Providing additional output register may help in improving timing.
INFO: [Synth 8-7052] The timing for the instance Otter_Memory/memory_reg_bram_14 (implemented as a Block RAM) might be sub-optimal as no optional output register could be merged into the ram block. Providing additional output register may help in improving timing.
INFO: [Synth 8-7052] The timing for the instance Otter_Memory/memory_reg_bram_14 (implemented as a Block RAM) might be sub-optimal as no optional output register could be merged into the ram block. Providing additional output register may help in improving timing.
INFO: [Synth 8-7052] The timing for the instance Otter_Memory/memory_reg_bram_15 (implemented as a Block RAM) might be sub-optimal as no optional output register could be merged into the ram block. Providing additional output register may help in improving timing.
INFO: [Synth 8-7052] The timing for the instance Otter_Memory/memory_reg_bram_15 (implemented as a Block RAM) might be sub-optimal as no optional output register could be merged into the ram block. Providing additional output register may help in improving timing.
---------------------------------------------------------------------------------
Finished Technology Mapping : Time (s): cpu = 00:01:17 ; elapsed = 00:01:19 . Memory (MB): peak = 1255.359 ; gain = 747.430
---------------------------------------------------------------------------------
---------------------------------------------------------------------------------
Start IO Insertion
---------------------------------------------------------------------------------
---------------------------------------------------------------------------------
Start Flattening Before IO Insertion
---------------------------------------------------------------------------------
---------------------------------------------------------------------------------
Finished Flattening Before IO Insertion
---------------------------------------------------------------------------------
---------------------------------------------------------------------------------
Start Final Netlist Cleanup
---------------------------------------------------------------------------------
---------------------------------------------------------------------------------
Finished Final Netlist Cleanup
---------------------------------------------------------------------------------
---------------------------------------------------------------------------------
Finished IO Insertion : Time (s): cpu = 00:01:35 ; elapsed = 00:01:37 . Memory (MB): peak = 1255.359 ; gain = 747.430
---------------------------------------------------------------------------------
---------------------------------------------------------------------------------
Start Renaming Generated Instances
---------------------------------------------------------------------------------
---------------------------------------------------------------------------------
Finished Renaming Generated Instances : Time (s): cpu = 00:01:35 ; elapsed = 00:01:37 . Memory (MB): peak = 1255.359 ; gain = 747.430
---------------------------------------------------------------------------------
CRITICAL WARNING: [Synth 8-6859] multi-driven net on pin PC_WE with 1st driver pin 'otterHazards/PC_WE_reg/Q' [Z:/Desktop/CPE333/RetryOtter333/RetryOtter333.srcs/sources_1/new/HDU.sv:86]
CRITICAL WARNING: [Synth 8-6859] multi-driven net on pin PC_WE with 2nd driver pin 'PC_WE_reg/Q' [Z:/Desktop/CPE333/RetryOtter333/RetryOtter333.srcs/sources_1/new/Pipeline_Otter.sv:47]
CRITICAL WARNING: [Synth 8-6859] multi-driven net on pin flushCount[1] with 1st driver pin 'flushCount_reg[1]__0/Q' [Z:/Desktop/CPE333/RetryOtter333/RetryOtter333.srcs/sources_1/new/Pipeline_Otter.sv:184]
CRITICAL WARNING: [Synth 8-6859] multi-driven net on pin flushCount[1] with 2nd driver pin 'flushCount_reg[1]/Q' [Z:/Desktop/CPE333/RetryOtter333/RetryOtter333.srcs/sources_1/new/Pipeline_Otter.sv:401]
CRITICAL WARNING: [Synth 8-6859] multi-driven net on pin flushCount[0] with 1st driver pin 'flushCount_reg[0]__0/Q' [Z:/Desktop/CPE333/RetryOtter333/RetryOtter333.srcs/sources_1/new/Pipeline_Otter.sv:184]
CRITICAL WARNING: [Synth 8-6859] multi-driven net on pin flushCount[0] with 2nd driver pin 'flushCount_reg[0]/Q' [Z:/Desktop/CPE333/RetryOtter333/RetryOtter333.srcs/sources_1/new/Pipeline_Otter.sv:401]
CRITICAL WARNING: [Synth 8-6859] multi-driven net on pin flushCount[2] with 1st driver pin 'flushCount_reg[2]__0/Q' [Z:/Desktop/CPE333/RetryOtter333/RetryOtter333.srcs/sources_1/new/Pipeline_Otter.sv:184]
CRITICAL WARNING: [Synth 8-6859] multi-driven net on pin flushCount[2] with 2nd driver pin 'flushCount_reg[2]/Q' [Z:/Desktop/CPE333/RetryOtter333/RetryOtter333.srcs/sources_1/new/Pipeline_Otter.sv:401]

Report Check Netlist: 
+------+------------------+-------+---------+-------+------------------+
|      |Item              |Errors |Warnings |Status |Description       |
+------+------------------+-------+---------+-------+------------------+
|1     |multi_driven_nets |      0|        4|Failed |Multi driven nets |
+------+------------------+-------+---------+-------+------------------+
---------------------------------------------------------------------------------
Start Rebuilding User Hierarchy
---------------------------------------------------------------------------------
---------------------------------------------------------------------------------
Finished Rebuilding User Hierarchy : Time (s): cpu = 00:01:35 ; elapsed = 00:01:37 . Memory (MB): peak = 1255.359 ; gain = 747.430
---------------------------------------------------------------------------------
---------------------------------------------------------------------------------
Start Renaming Generated Ports
---------------------------------------------------------------------------------
---------------------------------------------------------------------------------
Finished Renaming Generated Ports : Time (s): cpu = 00:01:35 ; elapsed = 00:01:37 . Memory (MB): peak = 1255.359 ; gain = 747.430
---------------------------------------------------------------------------------
---------------------------------------------------------------------------------
Start Handling Custom Attributes
---------------------------------------------------------------------------------
---------------------------------------------------------------------------------
Finished Handling Custom Attributes : Time (s): cpu = 00:01:35 ; elapsed = 00:01:37 . Memory (MB): peak = 1255.359 ; gain = 747.430
---------------------------------------------------------------------------------
---------------------------------------------------------------------------------
Start Renaming Generated Nets
---------------------------------------------------------------------------------
---------------------------------------------------------------------------------
Finished Renaming Generated Nets : Time (s): cpu = 00:01:35 ; elapsed = 00:01:37 . Memory (MB): peak = 1255.359 ; gain = 747.430
---------------------------------------------------------------------------------
---------------------------------------------------------------------------------
Start ROM, RAM, DSP, Shift Register and Retiming Reporting
---------------------------------------------------------------------------------

Static Shift Register Report:
+---------------+------------------------------+--------+-------+--------------+--------------------+-------------------+--------+---------+
|Module Name    | RTL Name                     | Length | Width | Reset Signal | Pull out first Reg | Pull out last Reg | SRL16E | SRLC32E | 
+---------------+------------------------------+--------+-------+--------------+--------------------+-------------------+--------+---------+
|Pipeline_Otter | mem_struct_reg[IOBUS_wr]     | 3      | 1     | NO           | NO                 | YES               | 1      | 0       | 
|Pipeline_Otter | mem_struct_reg[IOBUS_in][31] | 3      | 32    | NO           | YES                | NO                | 32     | 0       | 
|Pipeline_Otter | write_struct_reg[pc][31]     | 4      | 58    | NO           | NO                 | YES               | 58     | 0       | 
|Pipeline_Otter | write_struct_reg[pc][15]     | 3      | 6     | NO           | NO                 | YES               | 6      | 0       | 
|Pipeline_Otter | write_struct_reg[rd_addr][3] | 4      | 5     | NO           | YES                | YES               | 5      | 0       | 
+---------------+------------------------------+--------+-------+--------------+--------------------+-------------------+--------+---------+

---------------------------------------------------------------------------------
Finished ROM, RAM, DSP, Shift Register and Retiming Reporting
---------------------------------------------------------------------------------
---------------------------------------------------------------------------------
Start Writing Synthesis Report
---------------------------------------------------------------------------------

Report BlackBoxes: 
+-+--------------+----------+
| |BlackBox name |Instances |
+-+--------------+----------+
+-+--------------+----------+

Report Cell Usage: 
+------+---------+------+
|      |Cell     |Count |
+------+---------+------+
|1     |BUFG     |     2|
|2     |CARRY4   |    51|
|3     |LUT1     |     2|
|4     |LUT2     |    73|
|5     |LUT3     |    70|
|6     |LUT4     |   240|
|7     |LUT5     |   229|
|8     |LUT6     |   633|
|9     |MUXF7    |   131|
|10    |MUXF8    |    64|
|11    |RAM32M   |    10|
|12    |RAM32X1D |     4|
|13    |RAMB36E1 |    16|
|14    |SRL16E   |   102|
|15    |FDRE     |   478|
|16    |LD       |     6|
|17    |IBUF     |    34|
|18    |OBUF     |    65|
+------+---------+------+

Report Instance Areas: 
+------+-----------------+--------------+------+
|      |Instance         |Module        |Cells |
+------+-----------------+--------------+------+
|1     |top              |              |  2210|
|2     |  MyPCTOP        |PCTOP         |    55|
|3     |    MyPC         |PC            |    55|
|4     |  Otter_Memory   |Memory        |   745|
|5     |  otterHazards   |HDU           |     4|
|6     |  otter_ALU      |ALU           |   582|
|7     |  otter_cond_gen |BranchCondGen |    89|
|8     |  otter_reg_file |RegFile       |    50|
|9     |  otter_rf_mux   |RFMUX         |    41|
+------+-----------------+--------------+------+
---------------------------------------------------------------------------------
Finished Writing Synthesis Report : Time (s): cpu = 00:01:35 ; elapsed = 00:01:37 . Memory (MB): peak = 1255.359 ; gain = 747.430
---------------------------------------------------------------------------------
Synthesis finished with 0 errors, 8 critical warnings and 3273 warnings.
Synthesis Optimization Runtime : Time (s): cpu = 00:01:36 ; elapsed = 00:01:37 . Memory (MB): peak = 1255.359 ; gain = 747.430
Synthesis Optimization Complete : Time (s): cpu = 00:01:36 ; elapsed = 00:01:37 . Memory (MB): peak = 1255.359 ; gain = 747.430
INFO: [Project 1-571] Translating synthesized netlist
Netlist sorting complete. Time (s): cpu = 00:00:00 ; elapsed = 00:00:00.121 . Memory (MB): peak = 1255.621 ; gain = 0.000
INFO: [Netlist 29-17] Analyzing 282 Unisim elements for replacement
INFO: [Netlist 29-28] Unisim Transformation completed in 0 CPU seconds
INFO: [Project 1-570] Preparing netlist for logic optimization
INFO: [Opt 31-138] Pushed 0 inverter(s) to 0 load pin(s).
Netlist sorting complete. Time (s): cpu = 00:00:00 ; elapsed = 00:00:00.002 . Memory (MB): peak = 1319.062 ; gain = 0.000
INFO: [Project 1-111] Unisim Transformation Summary:
  A total of 20 instances were transformed.
  LD => LDCE: 6 instances
  RAM32M => RAM32M (RAMD32(x6), RAMS32(x2)): 10 instances
  RAM32X1D => RAM32X1D (RAMD32(x2)): 4 instances

Synth Design complete | Checksum: d0682314
INFO: [Common 17-83] Releasing license: Synthesis
120 Infos, 281 Warnings, 8 Critical Warnings and 0 Errors encountered.
synth_design completed successfully
synth_design: Time (s): cpu = 00:01:46 ; elapsed = 00:01:48 . Memory (MB): peak = 1319.062 ; gain = 818.617
INFO: [runtcl-6] Synthesis results are not added to the cache due to CRITICAL_WARNING
INFO: [Common 17-1381] The checkpoint 'Z:/Desktop/CPE333/RetryOtter333/RetryOtter333.runs/synth_1/Pipeline_Otter.dcp' has been generated.
INFO: [runtcl-4] Executing : report_utilization -file Pipeline_Otter_utilization_synth.rpt -pb Pipeline_Otter_utilization_synth.pb
INFO: [Common 17-206] Exiting Vivado at Sun May 19 18:11:31 2024...
