INFO: [VRFC 10-2263] Analyzing SystemVerilog file "C:/Users/samue/OneDrive/Desktop/CPE_333/CacheOtter/Sources/ALU.sv" into library xil_defaultlib
INFO: [VRFC 10-311] analyzing module ALU
INFO: [VRFC 10-2263] Analyzing SystemVerilog file "C:/Users/samue/OneDrive/Desktop/CPE_333/CacheOtter/Sources/BAG.sv" into library xil_defaultlib
INFO: [VRFC 10-311] analyzing module BAG
INFO: [VRFC 10-2263] Analyzing SystemVerilog file "C:/Users/samue/OneDrive/Desktop/CPE_333/CacheOtter/Sources/BCG.sv" into library xil_defaultlib
INFO: [VRFC 10-311] analyzing module BCG
INFO: [VRFC 10-2263] Analyzing SystemVerilog file "C:/Users/samue/OneDrive/Desktop/CPE_333/CacheOtter/Sources/BranchUnit.sv" into library xil_defaultlib
INFO: [VRFC 10-311] analyzing module BranchUnit
INFO: [VRFC 10-2263] Analyzing SystemVerilog file "C:/Users/samue/OneDrive/Desktop/CPE_333/CacheOtter/Sources/CU_DCDR.sv" into library xil_defaultlib
INFO: [VRFC 10-311] analyzing module CU_DCDR
INFO: [VRFC 10-2263] Analyzing SystemVerilog file "C:/Users/samue/OneDrive/Desktop/CPE_333/CacheOtter/CacheOtter.srcs/sources_1/new/CacheFsm.sv" into library xil_defaultlib
INFO: [VRFC 10-311] analyzing module CacheFSM
INFO: [VRFC 10-2263] Analyzing SystemVerilog file "C:/Users/samue/OneDrive/Desktop/CPE_333/CacheOtter/CacheOtter.srcs/sources_1/new/DataCache.sv" into library xil_defaultlib
INFO: [VRFC 10-311] analyzing module DataCache
INFO: [VRFC 10-2263] Analyzing SystemVerilog file "C:/Users/samue/OneDrive/Desktop/CPE_333/CacheOtter/CacheOtter.srcs/sources_1/new/DataCacheFSM.sv" into library xil_defaultlib
INFO: [VRFC 10-311] analyzing module DataCacheFSM
INFO: [VRFC 10-2263] Analyzing SystemVerilog file "C:/Users/samue/OneDrive/Desktop/CPE_333/CacheOtter/CacheOtter.srcs/sources_1/new/DataCacheMemory.sv" into library xil_defaultlib
INFO: [VRFC 10-311] analyzing module DataMemory
INFO: [VRFC 10-2263] Analyzing SystemVerilog file "C:/Users/samue/OneDrive/Desktop/CPE_333/CacheOtter/Sources/FiveStageOtter.sv" into library xil_defaultlib
INFO: [VRFC 10-311] analyzing module CacheOtter
INFO: [VRFC 10-2263] Analyzing SystemVerilog file "C:/Users/samue/OneDrive/Desktop/CPE_333/CacheOtter/Sources/FourMux.sv" into library xil_defaultlib
INFO: [VRFC 10-311] analyzing module FourMux
INFO: [VRFC 10-2263] Analyzing SystemVerilog file "C:/Users/samue/OneDrive/Desktop/CPE_333/CacheOtter/Sources/HazardUnit.sv" into library xil_defaultlib
INFO: [VRFC 10-311] analyzing module HazardUnit
INFO: [VRFC 10-2263] Analyzing SystemVerilog file "C:/Users/samue/OneDrive/Desktop/CPE_333/CacheOtter/Sources/ImmediateGenerator.sv" into library xil_defaultlib
INFO: [VRFC 10-311] analyzing module ImmediateGenerator
INFO: [VRFC 10-2263] Analyzing SystemVerilog file "C:/Users/samue/OneDrive/Desktop/CPE_333/CacheOtter/CacheOtter.srcs/sources_1/new/InstructionCache.sv" into library xil_defaultlib
INFO: [VRFC 10-311] analyzing module Cache
INFO: [VRFC 10-2263] Analyzing SystemVerilog file "C:/Users/samue/OneDrive/Desktop/CPE_333/CacheOtter/CacheOtter.srcs/sources_1/new/InstructionMemory.sv" into library xil_defaultlib
INFO: [VRFC 10-311] analyzing module InstructionMemory
INFO: [VRFC 10-2263] Analyzing SystemVerilog file "C:/Users/samue/OneDrive/Desktop/CPE_333/CacheOtter/Sources/PC.sv" into library xil_defaultlib
INFO: [VRFC 10-311] analyzing module PC
INFO: [VRFC 10-2263] Analyzing SystemVerilog file "C:/Users/samue/OneDrive/Desktop/CPE_333/CacheOtter/Sources/PC_MUX.sv" into library xil_defaultlib
INFO: [VRFC 10-311] analyzing module PC_MUX
INFO: [VRFC 10-2263] Analyzing SystemVerilog file "C:/Users/samue/OneDrive/Desktop/CPE_333/CacheOtter/Sources/PC_REG.sv" into library xil_defaultlib
INFO: [VRFC 10-311] analyzing module PC_REG
INFO: [VRFC 10-2263] Analyzing SystemVerilog file "C:/Users/samue/OneDrive/Desktop/CPE_333/CacheOtter/Sources/REG_FILE.sv" into library xil_defaultlib
INFO: [VRFC 10-311] analyzing module REG_FILE
INFO: [VRFC 10-2263] Analyzing SystemVerilog file "C:/Users/samue/OneDrive/Desktop/CPE_333/CacheOtter/Sources/TwoMux.sv" into library xil_defaultlib
INFO: [VRFC 10-311] analyzing module TwoMux
INFO: [VRFC 10-2263] Analyzing SystemVerilog file "C:/Users/samue/OneDrive/Desktop/CPE_333/CacheOtter/CacheOtter.srcs/sim_1/new/CacheOtter_tb.sv" into library xil_defaultlib
INFO: [VRFC 10-311] analyzing module CacheOtter_tb
