#-----------------------------------------------------------
# Vivado v2023.1 (64-bit)
# SW Build 3865809 on Sun May  7 15:05:29 MDT 2023
# IP Build 3864474 on Sun May  7 20:36:21 MDT 2023
# SharedData Build 3865790 on Sun May 07 13:33:03 MDT 2023
# Start of session at: Thu May 23 13:58:23 2024
# Process ID: 23292
# Current directory: C:/Users/samue/OneDrive/Desktop/CPE_333/Github/CPE333/RetryOtter333
# Command line: vivado.exe -gui_launcher_event rodinguilauncherevent24100 C:\Users\samue\OneDrive\Desktop\CPE_333\Github\CPE333\RetryOtter333\RetryOtter333.xpr
# Log file: C:/Users/samue/OneDrive/Desktop/CPE_333/Github/CPE333/RetryOtter333/vivado.log
# Journal file: C:/Users/samue/OneDrive/Desktop/CPE_333/Github/CPE333/RetryOtter333\vivado.jou
# Running On: MSI, OS: Windows, CPU Frequency: 2918 MHz, CPU Physical cores: 4, Host memory: 16867 MB
#-----------------------------------------------------------
start_gui
open_project C:/Users/samue/OneDrive/Desktop/CPE_333/Github/CPE333/RetryOtter333/RetryOtter333.xpr
WARNING: [Board 49-26] cannot add Board Part xilinx.com:k26c:part0:1.2 available at C:/Users/samue/Vivado/Vivado/2023.1/data/xhub/boards/XilinxBoardStore/boards/Xilinx/k26c/1.2/board.xml as part xck26-sfvc784-2lv-c specified in board_part file is either invalid or not available
WARNING: [Board 49-26] cannot add Board Part xilinx.com:k26c:part0:1.3 available at C:/Users/samue/Vivado/Vivado/2023.1/data/xhub/boards/XilinxBoardStore/boards/Xilinx/k26c/1.3/board.xml as part xck26-sfvc784-2lv-c specified in board_part file is either invalid or not available
WARNING: [Board 49-26] cannot add Board Part xilinx.com:k26c:part0:1.4 available at C:/Users/samue/Vivado/Vivado/2023.1/data/xhub/boards/XilinxBoardStore/boards/Xilinx/k26c/1.4/board.xml as part xck26-sfvc784-2lv-c specified in board_part file is either invalid or not available
WARNING: [Board 49-26] cannot add Board Part xilinx.com:k26i:part0:1.2 available at C:/Users/samue/Vivado/Vivado/2023.1/data/xhub/boards/XilinxBoardStore/boards/Xilinx/k26i/1.2/board.xml as part xck26-sfvc784-2lvi-i specified in board_part file is either invalid or not available
WARNING: [Board 49-26] cannot add Board Part xilinx.com:k26i:part0:1.3 available at C:/Users/samue/Vivado/Vivado/2023.1/data/xhub/boards/XilinxBoardStore/boards/Xilinx/k26i/1.3/board.xml as part xck26-sfvc784-2lvi-i specified in board_part file is either invalid or not available
WARNING: [Board 49-26] cannot add Board Part xilinx.com:k26i:part0:1.4 available at C:/Users/samue/Vivado/Vivado/2023.1/data/xhub/boards/XilinxBoardStore/boards/Xilinx/k26i/1.4/board.xml as part xck26-sfvc784-2lvi-i specified in board_part file is either invalid or not available
WARNING: [Board 49-26] cannot add Board Part xilinx.com:kc705:part0:1.6 available at C:/Users/samue/Vivado/Vivado/2023.1/data/xhub/boards/XilinxBoardStore/boards/Xilinx/kc705/1.6/board.xml as part xc7k325tffg900-2 specified in board_part file is either invalid or not available
WARNING: [Board 49-26] cannot add Board Part xilinx.com:kcu105:part0:1.6 available at C:/Users/samue/Vivado/Vivado/2023.1/data/xhub/boards/XilinxBoardStore/boards/Xilinx/kcu105/1.6/board.xml as part xcku040-ffva1156-2-e specified in board_part file is either invalid or not available
WARNING: [Board 49-26] cannot add Board Part xilinx.com:kcu105:part0:1.7 available at C:/Users/samue/Vivado/Vivado/2023.1/data/xhub/boards/XilinxBoardStore/boards/Xilinx/kcu105/1.7/board.xml as part xcku040-ffva1156-2-e specified in board_part file is either invalid or not available
WARNING: [Board 49-26] cannot add Board Part xilinx.com:kcu116:part0:1.4 available at C:/Users/samue/Vivado/Vivado/2023.1/data/xhub/boards/XilinxBoardStore/boards/Xilinx/kcu116/1.4/board.xml as part xcku5p-ffvb676-2-e specified in board_part file is either invalid or not available
WARNING: [Board 49-26] cannot add Board Part xilinx.com:kcu116:part0:1.5 available at C:/Users/samue/Vivado/Vivado/2023.1/data/xhub/boards/XilinxBoardStore/boards/Xilinx/kcu116/1.5/board.xml as part xcku5p-ffvb676-2-e specified in board_part file is either invalid or not available
WARNING: [Board 49-26] cannot add Board Part xilinx.com:kcu1500:part0:1.2 available at C:/Users/samue/Vivado/Vivado/2023.1/data/xhub/boards/XilinxBoardStore/boards/Xilinx/kcu1500/1.2/board.xml as part xcku115-flvb2104-2-e specified in board_part file is either invalid or not available
WARNING: [Board 49-26] cannot add Board Part xilinx.com:kr260_som:part0:1.0 available at C:/Users/samue/Vivado/Vivado/2023.1/data/xhub/boards/XilinxBoardStore/boards/Xilinx/kr260_som/1.0/board.xml as part xck26-sfvc784-2lv-c specified in board_part file is either invalid or not available
WARNING: [Board 49-26] cannot add Board Part xilinx.com:kr260_som:part0:1.1 available at C:/Users/samue/Vivado/Vivado/2023.1/data/xhub/boards/XilinxBoardStore/boards/Xilinx/kr260_som/1.1/board.xml as part xck26-sfvc784-2lv-c specified in board_part file is either invalid or not available
WARNING: [Board 49-26] cannot add Board Part xilinx.com:kv260_som:part0:1.2 available at C:/Users/samue/Vivado/Vivado/2023.1/data/xhub/boards/XilinxBoardStore/boards/Xilinx/kv260_som/1.2/board.xml as part xck26-sfvc784-2lv-c specified in board_part file is either invalid or not available
WARNING: [Board 49-26] cannot add Board Part xilinx.com:kv260_som:part0:1.3 available at C:/Users/samue/Vivado/Vivado/2023.1/data/xhub/boards/XilinxBoardStore/boards/Xilinx/kv260_som/1.3/board.xml as part xck26-sfvc784-2lv-c specified in board_part file is either invalid or not available
WARNING: [Board 49-26] cannot add Board Part xilinx.com:kv260_som:part0:1.4 available at C:/Users/samue/Vivado/Vivado/2023.1/data/xhub/boards/XilinxBoardStore/boards/Xilinx/kv260_som/1.4/board.xml as part xck26-sfvc784-2lv-c specified in board_part file is either invalid or not available
WARNING: [Board 49-26] cannot add Board Part xilinx.com:sp701:part0:1.0 available at C:/Users/samue/Vivado/Vivado/2023.1/data/xhub/boards/XilinxBoardStore/boards/Xilinx/sp701/1.0/board.xml as part xc7s100fgga676-2 specified in board_part file is either invalid or not available
WARNING: [Board 49-26] cannot add Board Part xilinx.com:sp701:part0:1.1 available at C:/Users/samue/Vivado/Vivado/2023.1/data/xhub/boards/XilinxBoardStore/boards/Xilinx/sp701/1.1/board.xml as part xc7s100fgga676-2 specified in board_part file is either invalid or not available
WARNING: [Board 49-26] cannot add Board Part xilinx.com:vc707:part0:1.4 available at C:/Users/samue/Vivado/Vivado/2023.1/data/xhub/boards/XilinxBoardStore/boards/Xilinx/vc707/1.4/board.xml as part xc7vx485tffg1761-2 specified in board_part file is either invalid or not available
WARNING: [Board 49-26] cannot add Board Part xilinx.com:vc709:part0:1.8 available at C:/Users/samue/Vivado/Vivado/2023.1/data/xhub/boards/XilinxBoardStore/boards/Xilinx/vc709/1.8/board.xml as part xc7vx690tffg1761-2 specified in board_part file is either invalid or not available
WARNING: [Board 49-26] cannot add Board Part xilinx.com:vck190:part0:2.2 available at C:/Users/samue/Vivado/Vivado/2023.1/data/xhub/boards/XilinxBoardStore/boards/Xilinx/vck190/production/2.2/board.xml as part xcvc1902-vsva2197-2mp-e-s specified in board_part file is either invalid or not available
WARNING: [Board 49-26] cannot add Board Part xilinx.com:vck190:part0:3.0 available at C:/Users/samue/Vivado/Vivado/2023.1/data/xhub/boards/XilinxBoardStore/boards/Xilinx/vck190/production/3.0/board.xml as part xcvc1902-vsva2197-2mp-e-s specified in board_part file is either invalid or not available
WARNING: [Board 49-26] cannot add Board Part xilinx.com:vck190:part0:3.1 available at C:/Users/samue/Vivado/Vivado/2023.1/data/xhub/boards/XilinxBoardStore/boards/Xilinx/vck190/production/3.1/board.xml as part xcvc1902-vsva2197-2mp-e-s specified in board_part file is either invalid or not available
WARNING: [Board 49-26] cannot add Board Part xilinx.com:vck190:part0:3.2 available at C:/Users/samue/Vivado/Vivado/2023.1/data/xhub/boards/XilinxBoardStore/boards/Xilinx/vck190/production/3.2/board.xml as part xcvc1902-vsva2197-2mp-e-s specified in board_part file is either invalid or not available
WARNING: [Board 49-26] cannot add Board Part xilinx.com:vck190_newl:part0:1.0 available at C:/Users/samue/Vivado/Vivado/2023.1/data/xhub/boards/XilinxBoardStore/boards/Xilinx/vck190_newl/production/1.0/board.xml as part xcvc1902-vsva2197-2mp-e-s specified in board_part file is either invalid or not available
WARNING: [Board 49-26] cannot add Board Part xilinx.com:vck190_newl:part0:1.1 available at C:/Users/samue/Vivado/Vivado/2023.1/data/xhub/boards/XilinxBoardStore/boards/Xilinx/vck190_newl/production/1.1/board.xml as part xcvc1902-vsva2197-2mp-e-s specified in board_part file is either invalid or not available
WARNING: [Board 49-26] cannot add Board Part xilinx.com:vcu108:part0:1.6 available at C:/Users/samue/Vivado/Vivado/2023.1/data/xhub/boards/XilinxBoardStore/boards/Xilinx/vcu108/1.6/board.xml as part xcvu095-ffva2104-2-e specified in board_part file is either invalid or not available
WARNING: [Board 49-26] cannot add Board Part xilinx.com:vcu108:part0:1.7 available at C:/Users/samue/Vivado/Vivado/2023.1/data/xhub/boards/XilinxBoardStore/boards/Xilinx/vcu108/1.7/board.xml as part xcvu095-ffva2104-2-e specified in board_part file is either invalid or not available
WARNING: [Board 49-26] cannot add Board Part xilinx.com:vcu110:part0:1.4 available at C:/Users/samue/Vivado/Vivado/2023.1/data/xhub/boards/XilinxBoardStore/boards/Xilinx/vcu110/1.4/board.xml as part xcvu190-flgc2104-2-e specified in board_part file is either invalid or not available
WARNING: [Board 49-26] cannot add Board Part xilinx.com:vcu118:part0:2.0 available at C:/Users/samue/Vivado/Vivado/2023.1/data/xhub/boards/XilinxBoardStore/boards/Xilinx/vcu118/2.0/board.xml as part xcvu9p-flga2104-2l-e specified in board_part file is either invalid or not available
WARNING: [Board 49-26] cannot add Board Part xilinx.com:vcu118:part0:2.3 available at C:/Users/samue/Vivado/Vivado/2023.1/data/xhub/boards/XilinxBoardStore/boards/Xilinx/vcu118/2.3/board.xml as part xcvu9p-flga2104-2l-e specified in board_part file is either invalid or not available
WARNING: [Board 49-26] cannot add Board Part xilinx.com:vcu118:part0:2.4 available at C:/Users/samue/Vivado/Vivado/2023.1/data/xhub/boards/XilinxBoardStore/boards/Xilinx/vcu118/2.4/board.xml as part xcvu9p-flga2104-2l-e specified in board_part file is either invalid or not available
WARNING: [Board 49-26] cannot add Board Part xilinx.com:vcu128:part0:1.0 available at C:/Users/samue/Vivado/Vivado/2023.1/data/xhub/boards/XilinxBoardStore/boards/Xilinx/vcu128/production/1.0/board.xml as part xcvu37p-fsvh2892-2l-e specified in board_part file is either invalid or not available
WARNING: [Board 49-26] cannot add Board Part xilinx.com:vcu129:part0:1.0 available at C:/Users/samue/Vivado/Vivado/2023.1/data/xhub/boards/XilinxBoardStore/boards/Xilinx/vcu129/production/1.0/board.xml as part xcvu29p-fsga2577-2l-e specified in board_part file is either invalid or not available
WARNING: [Board 49-26] cannot add Board Part xilinx.com:vcu1525:part0:1.3 available at C:/Users/samue/Vivado/Vivado/2023.1/data/xhub/boards/XilinxBoardStore/boards/Xilinx/vcu1525/1.3/board.xml as part xcvu9p-fsgd2104-2l-e specified in board_part file is either invalid or not available
WARNING: [Board 49-26] cannot add Board Part xilinx.com:vek280_es:part0:1.0 available at C:/Users/samue/Vivado/Vivado/2023.1/data/xhub/boards/XilinxBoardStore/boards/Xilinx/vek280/es/rev_a/1.0/board.xml as part xcve2802-vsvh1760-2lp-e-s-es1 specified in board_part file is either invalid or not available
WARNING: [Board 49-26] cannot add Board Part xilinx.com:vek280_es:part0:1.1 available at C:/Users/samue/Vivado/Vivado/2023.1/data/xhub/boards/XilinxBoardStore/boards/Xilinx/vek280/es/rev_a/1.1/board.xml as part xcve2802-vsvh1760-2lp-e-s-es1 specified in board_part file is either invalid or not available
WARNING: [Board 49-26] cannot add Board Part xilinx.com:vek280_es_revb:part0:1.0 available at C:/Users/samue/Vivado/Vivado/2023.1/data/xhub/boards/XilinxBoardStore/boards/Xilinx/vek280/es/rev_b/1.0/board.xml as part xcve2802-vsvh1760-2mp-e-s-es1 specified in board_part file is either invalid or not available
WARNING: [Board 49-26] cannot add Board Part xilinx.com:vek280_es_revb:part0:1.1 available at C:/Users/samue/Vivado/Vivado/2023.1/data/xhub/boards/XilinxBoardStore/boards/Xilinx/vek280/es/rev_b/1.1/board.xml as part xcve2802-vsvh1760-2mp-e-s-es1 specified in board_part file is either invalid or not available
WARNING: [Board 49-26] cannot add Board Part xilinx.com:vermeo_t1_mpsoc:part0:1.0 available at C:/Users/samue/Vivado/Vivado/2023.1/data/xhub/boards/XilinxBoardStore/boards/Xilinx/vermeo_t1_mpsoc/1.0/board.xml as part xczu19eg-ffvd1760-2l-e specified in board_part file is either invalid or not available
WARNING: [Board 49-26] cannot add Board Part xilinx.com:vermeo_t1_rfsoc:part0:1.0 available at C:/Users/samue/Vivado/Vivado/2023.1/data/xhub/boards/XilinxBoardStore/boards/Xilinx/vermeo_t1_rfsoc/1.0/board.xml as part xczu21dr-ffvd1156-2l-e specified in board_part file is either invalid or not available
WARNING: [Board 49-26] cannot add Board Part xilinx.com:vhk158:part0:1.0 available at C:/Users/samue/Vivado/Vivado/2023.1/data/xhub/boards/XilinxBoardStore/boards/Xilinx/vhk158/production/1.0/board.xml as part xcvh1582-vsva3697-2mp-e-s specified in board_part file is either invalid or not available
WARNING: [Board 49-26] cannot add Board Part xilinx.com:vhk158_es:part0:1.0 available at C:/Users/samue/Vivado/Vivado/2023.1/data/xhub/boards/XilinxBoardStore/boards/Xilinx/vhk158/es/1.0/board.xml as part xcvh1582-vsva3697-2mp-e-s-es1 specified in board_part file is either invalid or not available
WARNING: [Board 49-26] cannot add Board Part xilinx.com:vhk158_es:part0:1.1 available at C:/Users/samue/Vivado/Vivado/2023.1/data/xhub/boards/XilinxBoardStore/boards/Xilinx/vhk158/es/1.1/board.xml as part xcvh1582-vsva3697-2mp-e-s-es1 specified in board_part file is either invalid or not available
WARNING: [Board 49-26] cannot add Board Part xilinx.com:vmk180:part0:2.2 available at C:/Users/samue/Vivado/Vivado/2023.1/data/xhub/boards/XilinxBoardStore/boards/Xilinx/vmk180/production/2.2/board.xml as part xcvm1802-vsva2197-2mp-e-s specified in board_part file is either invalid or not available
WARNING: [Board 49-26] cannot add Board Part xilinx.com:vmk180:part0:3.0 available at C:/Users/samue/Vivado/Vivado/2023.1/data/xhub/boards/XilinxBoardStore/boards/Xilinx/vmk180/production/3.0/board.xml as part xcvm1802-vsva2197-2mp-e-s specified in board_part file is either invalid or not available
WARNING: [Board 49-26] cannot add Board Part xilinx.com:vmk180:part0:3.1 available at C:/Users/samue/Vivado/Vivado/2023.1/data/xhub/boards/XilinxBoardStore/boards/Xilinx/vmk180/production/3.1/board.xml as part xcvm1802-vsva2197-2mp-e-s specified in board_part file is either invalid or not available
WARNING: [Board 49-26] cannot add Board Part xilinx.com:vmk180:part0:3.2 available at C:/Users/samue/Vivado/Vivado/2023.1/data/xhub/boards/XilinxBoardStore/boards/Xilinx/vmk180/production/3.2/board.xml as part xcvm1802-vsva2197-2mp-e-s specified in board_part file is either invalid or not available
WARNING: [Board 49-26] cannot add Board Part xilinx.com:vmk180_newl:part0:1.0 available at C:/Users/samue/Vivado/Vivado/2023.1/data/xhub/boards/XilinxBoardStore/boards/Xilinx/vmk180_newl/production/1.0/board.xml as part xcvm1802-vsva2197-2mp-e-s specified in board_part file is either invalid or not available
WARNING: [Board 49-26] cannot add Board Part xilinx.com:vmk180_newl:part0:1.1 available at C:/Users/samue/Vivado/Vivado/2023.1/data/xhub/boards/XilinxBoardStore/boards/Xilinx/vmk180_newl/production/1.1/board.xml as part xcvm1802-vsva2197-2mp-e-s specified in board_part file is either invalid or not available
WARNING: [Board 49-26] cannot add Board Part xilinx.com:vpk120:part0:1.0 available at C:/Users/samue/Vivado/Vivado/2023.1/data/xhub/boards/XilinxBoardStore/boards/Xilinx/vpk120/production/1.0/board.xml as part xcvp1202-vsva2785-2mp-e-s specified in board_part file is either invalid or not available
WARNING: [Board 49-26] cannot add Board Part xilinx.com:vpk120:part0:1.1 available at C:/Users/samue/Vivado/Vivado/2023.1/data/xhub/boards/XilinxBoardStore/boards/Xilinx/vpk120/production/1.1/board.xml as part xcvp1202-vsva2785-2mp-e-s specified in board_part file is either invalid or not available
WARNING: [Board 49-26] cannot add Board Part xilinx.com:vpk120_es:part0:1.2 available at C:/Users/samue/Vivado/Vivado/2023.1/data/xhub/boards/XilinxBoardStore/boards/Xilinx/vpk120/es/1.2/board.xml as part xcvp1202-vsva2785-2mp-e-s-es1 specified in board_part file is either invalid or not available
WARNING: [Board 49-26] cannot add Board Part xilinx.com:vpk120_es:part0:1.3 available at C:/Users/samue/Vivado/Vivado/2023.1/data/xhub/boards/XilinxBoardStore/boards/Xilinx/vpk120/es/1.3/board.xml as part xcvp1202-vsva2785-2mp-e-s-es1 specified in board_part file is either invalid or not available
WARNING: [Board 49-26] cannot add Board Part xilinx.com:vpk120_es_revb:part0:1.0 available at C:/Users/samue/Vivado/Vivado/2023.1/data/xhub/boards/XilinxBoardStore/boards/Xilinx/vpk120_revb/es/1.0/board.xml as part xcvp1202-vsva2785-2mp-e-s-es1 specified in board_part file is either invalid or not available
WARNING: [Board 49-26] cannot add Board Part xilinx.com:vpk120_es_revb:part0:1.1 available at C:/Users/samue/Vivado/Vivado/2023.1/data/xhub/boards/XilinxBoardStore/boards/Xilinx/vpk120_revb/es/1.1/board.xml as part xcvp1202-vsva2785-2mp-e-s-es1 specified in board_part file is either invalid or not available
WARNING: [Board 49-26] cannot add Board Part xilinx.com:vpk180:part0:1.0 available at C:/Users/samue/Vivado/Vivado/2023.1/data/xhub/boards/XilinxBoardStore/boards/Xilinx/vpk180/production/1.0/board.xml as part xcvp1802-lsvc4072-2mp-e-s specified in board_part file is either invalid or not available
WARNING: [Board 49-26] cannot add Board Part xilinx.com:vpk180:part0:1.1 available at C:/Users/samue/Vivado/Vivado/2023.1/data/xhub/boards/XilinxBoardStore/boards/Xilinx/vpk180/production/1.1/board.xml as part xcvp1802-lsvc4072-2mp-e-s specified in board_part file is either invalid or not available
WARNING: [Board 49-26] cannot add Board Part xilinx.com:vpk180_es:part0:1.0 available at C:/Users/samue/Vivado/Vivado/2023.1/data/xhub/boards/XilinxBoardStore/boards/Xilinx/vpk180/es/1.0/board.xml as part xcvp1802-lsvc4072-2mp-e-s-es1 specified in board_part file is either invalid or not available
WARNING: [Board 49-26] cannot add Board Part xilinx.com:vpk180_es:part0:1.1 available at C:/Users/samue/Vivado/Vivado/2023.1/data/xhub/boards/XilinxBoardStore/boards/Xilinx/vpk180/es/1.1/board.xml as part xcvp1802-lsvc4072-2mp-e-s-es1 specified in board_part file is either invalid or not available
WARNING: [Board 49-26] cannot add Board Part xilinx.com:zc702:part0:1.4 available at C:/Users/samue/Vivado/Vivado/2023.1/data/xhub/boards/XilinxBoardStore/boards/Xilinx/zc702/1.4/board.xml as part xc7z020clg484-1 specified in board_part file is either invalid or not available
WARNING: [Board 49-26] cannot add Board Part xilinx.com:zc706:part0:1.4 available at C:/Users/samue/Vivado/Vivado/2023.1/data/xhub/boards/XilinxBoardStore/boards/Xilinx/zc706/1.4/board.xml as part xc7z045ffg900-2 specified in board_part file is either invalid or not available
WARNING: [Board 49-26] cannot add Board Part xilinx.com:zcu102:part0:3.3 available at C:/Users/samue/Vivado/Vivado/2023.1/data/xhub/boards/XilinxBoardStore/boards/Xilinx/zcu102/3.3/board.xml as part xczu9eg-ffvb1156-2-e specified in board_part file is either invalid or not available
WARNING: [Board 49-26] cannot add Board Part xilinx.com:zcu102:part0:3.4 available at C:/Users/samue/Vivado/Vivado/2023.1/data/xhub/boards/XilinxBoardStore/boards/Xilinx/zcu102/3.4/board.xml as part xczu9eg-ffvb1156-2-e specified in board_part file is either invalid or not available
WARNING: [Board 49-26] cannot add Board Part xilinx.com:zcu104:part0:1.1 available at C:/Users/samue/Vivado/Vivado/2023.1/data/xhub/boards/XilinxBoardStore/boards/Xilinx/zcu104/1.1/board.xml as part xczu7ev-ffvc1156-2-e specified in board_part file is either invalid or not available
WARNING: [Board 49-26] cannot add Board Part xilinx.com:zcu106:part0:2.4 available at C:/Users/samue/Vivado/Vivado/2023.1/data/xhub/boards/XilinxBoardStore/boards/Xilinx/zcu106/2.4/board.xml as part xczu7ev-ffvc1156-2-e specified in board_part file is either invalid or not available
WARNING: [Board 49-26] cannot add Board Part xilinx.com:zcu106:part0:2.5 available at C:/Users/samue/Vivado/Vivado/2023.1/data/xhub/boards/XilinxBoardStore/boards/Xilinx/zcu106/2.5/board.xml as part xczu7ev-ffvc1156-2-e specified in board_part file is either invalid or not available
WARNING: [Board 49-26] cannot add Board Part xilinx.com:zcu106:part0:2.6 available at C:/Users/samue/Vivado/Vivado/2023.1/data/xhub/boards/XilinxBoardStore/boards/Xilinx/zcu106/2.6/board.xml as part xczu7ev-ffvc1156-2-e specified in board_part file is either invalid or not available
WARNING: [Board 49-26] cannot add Board Part xilinx.com:zcu111:part0:1.2 available at C:/Users/samue/Vivado/Vivado/2023.1/data/xhub/boards/XilinxBoardStore/boards/Xilinx/zcu111/1.2/board.xml as part xczu28dr-ffvg1517-2-e specified in board_part file is either invalid or not available
WARNING: [Board 49-26] cannot add Board Part xilinx.com:zcu111:part0:1.3 available at C:/Users/samue/Vivado/Vivado/2023.1/data/xhub/boards/XilinxBoardStore/boards/Xilinx/zcu111/1.3/board.xml as part xczu28dr-ffvg1517-2-e specified in board_part file is either invalid or not available
WARNING: [Board 49-26] cannot add Board Part xilinx.com:zcu111:part0:1.4 available at C:/Users/samue/Vivado/Vivado/2023.1/data/xhub/boards/XilinxBoardStore/boards/Xilinx/zcu111/1.4/board.xml as part xczu28dr-ffvg1517-2-e specified in board_part file is either invalid or not available
WARNING: [Board 49-26] cannot add Board Part xilinx.com:zcu1275:part0:1.0 available at C:/Users/samue/Vivado/Vivado/2023.1/data/xhub/boards/XilinxBoardStore/boards/Xilinx/zcu1275/1.0/board.xml as part xczu29dr-ffvf1760-2-e specified in board_part file is either invalid or not available
WARNING: [Board 49-26] cannot add Board Part xilinx.com:zcu1285:part0:1.0 available at C:/Users/samue/Vivado/Vivado/2023.1/data/xhub/boards/XilinxBoardStore/boards/Xilinx/zcu1285/1.0/board.xml as part xczu39dr-ffvf1760-2-i specified in board_part file is either invalid or not available
WARNING: [Board 49-26] cannot add Board Part xilinx.com:zcu208:part0:2.0 available at C:/Users/samue/Vivado/Vivado/2023.1/data/xhub/boards/XilinxBoardStore/boards/Xilinx/zcu208/production/2.0/board.xml as part xczu48dr-fsvg1517-2-e specified in board_part file is either invalid or not available
WARNING: [Board 49-26] cannot add Board Part xilinx.com:zcu208ld:part0:2.0 available at C:/Users/samue/Vivado/Vivado/2023.1/data/xhub/boards/XilinxBoardStore/boards/Xilinx/zcu208ld/production/2.0/board.xml as part xczu58dr-fsvg1517-2-i specified in board_part file is either invalid or not available
WARNING: [Board 49-26] cannot add Board Part xilinx.com:zcu216:part0:2.0 available at C:/Users/samue/Vivado/Vivado/2023.1/data/xhub/boards/XilinxBoardStore/boards/Xilinx/zcu216/production/2.0/board.xml as part xczu49dr-ffvf1760-2-e specified in board_part file is either invalid or not available
WARNING: [Board 49-26] cannot add Board Part xilinx.com:zcu216ld:part0:2.0 available at C:/Users/samue/Vivado/Vivado/2023.1/data/xhub/boards/XilinxBoardStore/boards/Xilinx/zcu216ld/production/2.0/board.xml as part xczu59dr-ffvf1760-2-i specified in board_part file is either invalid or not available
WARNING: [Board 49-26] cannot add Board Part xilinx.com:zcu670:part0:2.0 available at C:/Users/samue/Vivado/Vivado/2023.1/data/xhub/boards/XilinxBoardStore/boards/Xilinx/zcu670/2.0/board.xml as part xczu67dr-fsve1156-2-i specified in board_part file is either invalid or not available
WARNING: [Board 49-26] cannot add Board Part xilinx.com:zcu670ld:part0:1.0 available at C:/Users/samue/Vivado/Vivado/2023.1/data/xhub/boards/XilinxBoardStore/boards/Xilinx/zcu670ld/1.0/board.xml as part xczu57dr-fsve1156-2-i specified in board_part file is either invalid or not available
INFO: [Project 1-313] Project file moved from 'Z:/Desktop/CPE333/RetryOtter333' since last save.
INFO: [filemgmt 56-3] Default IP Output Path : Could not find the directory 'C:/Users/samue/OneDrive/Desktop/CPE_333/Github/CPE333/RetryOtter333/RetryOtter333.gen/sources_1'.
Scanning sources...
Finished scanning sources
INFO: [IP_Flow 19-234] Refreshing IP repositories
INFO: [IP_Flow 19-1704] No user IP repositories specified
INFO: [IP_Flow 19-2313] Loaded Vivado IP repository 'C:/Users/samue/Vivado/Vivado/2023.1/data/ip'.
open_project: Time (s): cpu = 00:00:15 ; elapsed = 00:00:15 . Memory (MB): peak = 1448.156 ; gain = 391.676
update_compile_order -fileset sources_1
launch_simulation
Command: launch_simulation 
INFO: [Vivado 12-12493] Simulation top is 'Pipeline_Otter_tb'
WARNING: [Vivado 12-13340] Unable to auto find GCC executables from simulator install path! (path not set)
INFO: [Vivado 12-5682] Launching behavioral simulation in 'C:/Users/samue/OneDrive/Desktop/CPE_333/Github/CPE333/RetryOtter333/RetryOtter333.sim/sim_1/behav/xsim'
INFO: [SIM-utils-51] Simulation object is 'sim_1'
INFO: [SIM-utils-72] Using boost library from 'C:/Users/samue/Vivado/Vivado/2023.1/tps/boost_1_72_0'
INFO: [SIM-utils-54] Inspecting design source files for 'Pipeline_Otter_tb' in fileset 'sim_1'...
INFO: [SIM-utils-43] Exported 'C:/Users/samue/OneDrive/Desktop/CPE_333/Github/CPE333/RetryOtter333/RetryOtter333.sim/sim_1/behav/xsim/lab2.mem'
INFO: [SIM-utils-43] Exported 'C:/Users/samue/OneDrive/Desktop/CPE_333/Github/CPE333/RetryOtter333/RetryOtter333.sim/sim_1/behav/xsim/Test_All.mem'
INFO: [USF-XSim-97] Finding global include files...
INFO: [USF-XSim-98] Fetching design files from 'sim_1'...
INFO: [USF-XSim-2] XSim::Compile design
INFO: [USF-XSim-61] Executing 'COMPILE and ANALYZE' step in 'C:/Users/samue/OneDrive/Desktop/CPE_333/Github/CPE333/RetryOtter333/RetryOtter333.sim/sim_1/behav/xsim'
"xvlog --incr --relax -L uvm -prj Pipeline_Otter_tb_vlog.prj"
ECHO is off.
ECHO is off.
INFO: [VRFC 10-2263] Analyzing Verilog file "C:/Users/samue/OneDrive/Desktop/CPE_333/Github/CPE333/RetryOtter333/RetryOtter333.srcs/sources_1/new/ImmedGen.v" into library xil_defaultlib
INFO: [VRFC 10-311] analyzing module ImmedGen
INFO: [VRFC 10-2263] Analyzing SystemVerilog file "C:/Users/samue/OneDrive/Desktop/CPE_333/Github/CPE333/RetryOtter333/RetryOtter333.srcs/sources_1/new/ALU.sv" into library xil_defaultlib
INFO: [VRFC 10-311] analyzing module ALU
INFO: [VRFC 10-2263] Analyzing SystemVerilog file "C:/Users/samue/OneDrive/Desktop/CPE_333/Github/CPE333/RetryOtter333/RetryOtter333.srcs/sources_1/new/BranchAddGen.sv" into library xil_defaultlib
INFO: [VRFC 10-311] analyzing module BranchAddGen
INFO: [VRFC 10-2263] Analyzing SystemVerilog file "C:/Users/samue/OneDrive/Desktop/CPE_333/Github/CPE333/RetryOtter333/RetryOtter333.srcs/sources_1/new/BranchCondGen.sv" into library xil_defaultlib
INFO: [VRFC 10-311] analyzing module BranchCondGen
INFO: [VRFC 10-2263] Analyzing SystemVerilog file "C:/Users/samue/OneDrive/Desktop/CPE_333/Github/CPE333/RetryOtter333/RetryOtter333.srcs/sources_1/new/Decoder.sv" into library xil_defaultlib
INFO: [VRFC 10-311] analyzing module Decoder
INFO: [VRFC 10-2263] Analyzing SystemVerilog file "C:/Users/samue/OneDrive/Desktop/CPE_333/Github/CPE333/RetryOtter333/RetryOtter333.srcs/sources_1/hazard_detection/HDU.sv" into library xil_defaultlib
INFO: [VRFC 10-311] analyzing module HDU
INFO: [VRFC 10-2263] Analyzing SystemVerilog file "C:/Users/samue/OneDrive/Desktop/CPE_333/Github/CPE333/RetryOtter333/RetryOtter333.srcs/sources_1/hazard_detection/MUX.sv" into library xil_defaultlib
INFO: [VRFC 10-311] analyzing module MUX
INFO: [VRFC 10-2263] Analyzing SystemVerilog file "C:/Users/samue/OneDrive/Desktop/CPE_333/Github/CPE333/RetryOtter333/RetryOtter333.srcs/sources_1/new/Memory.sv" into library xil_defaultlib
INFO: [VRFC 10-311] analyzing module Memory
INFO: [VRFC 10-2263] Analyzing SystemVerilog file "C:/Users/samue/OneDrive/Desktop/CPE_333/Github/CPE333/RetryOtter333/RetryOtter333.srcs/sources_1/new/MuxA.v" into library xil_defaultlib
INFO: [VRFC 10-311] analyzing module MUXA
INFO: [VRFC 10-2263] Analyzing SystemVerilog file "C:/Users/samue/OneDrive/Desktop/CPE_333/Github/CPE333/RetryOtter333/RetryOtter333.srcs/sources_1/new/MuxB.v" into library xil_defaultlib
INFO: [VRFC 10-311] analyzing module MUXB
INFO: [VRFC 10-2263] Analyzing SystemVerilog file "C:/Users/samue/OneDrive/Desktop/CPE_333/Github/CPE333/RetryOtter333/RetryOtter333.srcs/sources_1/new/PC.sv" into library xil_defaultlib
INFO: [VRFC 10-311] analyzing module PC
INFO: [VRFC 10-2263] Analyzing SystemVerilog file "C:/Users/samue/OneDrive/Desktop/CPE_333/Github/CPE333/RetryOtter333/RetryOtter333.srcs/sources_1/new/PCTOP.sv" into library xil_defaultlib
INFO: [VRFC 10-311] analyzing module PCTOP
INFO: [VRFC 10-2263] Analyzing SystemVerilog file "C:/Users/samue/OneDrive/Desktop/CPE_333/Github/CPE333/RetryOtter333/RetryOtter333.srcs/sources_1/new/PC_Mux.sv" into library xil_defaultlib
INFO: [VRFC 10-311] analyzing module PC_MUX
INFO: [VRFC 10-2263] Analyzing SystemVerilog file "C:/Users/samue/OneDrive/Desktop/CPE_333/Github/CPE333/RetryOtter333/RetryOtter333.srcs/sources_1/new/Pipeline_Otter.sv" into library xil_defaultlib
INFO: [VRFC 10-311] analyzing module Pipeline_Otter
INFO: [VRFC 10-2263] Analyzing SystemVerilog file "C:/Users/samue/OneDrive/Desktop/CPE_333/Github/CPE333/RetryOtter333/RetryOtter333.srcs/sources_1/new/RFMUX.sv" into library xil_defaultlib
INFO: [VRFC 10-311] analyzing module RFMUX
INFO: [VRFC 10-2263] Analyzing SystemVerilog file "C:/Users/samue/OneDrive/Desktop/CPE_333/Github/CPE333/RetryOtter333/RetryOtter333.srcs/sources_1/new/RegRile.sv" into library xil_defaultlib
INFO: [VRFC 10-311] analyzing module RegFile
INFO: [VRFC 10-2263] Analyzing SystemVerilog file "C:/Users/samue/OneDrive/Desktop/CPE_333/Github/CPE333/RetryOtter333/RetryOtter333.srcs/sim_1/new/Pipeline_Otter_tb.sv" into library xil_defaultlib
INFO: [VRFC 10-311] analyzing module Pipeline_Otter_tb
INFO: [VRFC 10-2263] Analyzing Verilog file "C:/Users/samue/OneDrive/Desktop/CPE_333/Github/CPE333/RetryOtter333/RetryOtter333.sim/sim_1/behav/xsim/glbl.v" into library xil_defaultlib
INFO: [VRFC 10-311] analyzing module glbl
INFO: [USF-XSim-69] 'compile' step finished in '3' seconds
INFO: [USF-XSim-3] XSim::Elaborate design
INFO: [USF-XSim-61] Executing 'ELABORATE' step in 'C:/Users/samue/OneDrive/Desktop/CPE_333/Github/CPE333/RetryOtter333/RetryOtter333.sim/sim_1/behav/xsim'
"xelab --incr --debug typical --relax --mt 2 -L xil_defaultlib -L uvm -L unisims_ver -L unimacro_ver -L secureip --snapshot Pipeline_Otter_tb_behav xil_defaultlib.Pipeline_Otter_tb xil_defaultlib.glbl -log elaborate.log"
ECHO is off.
ECHO is off.
Vivado Simulator v2023.1
Copyright 1986-2022 Xilinx, Inc. All Rights Reserved.
Copyright 2022-2023 Advanced Micro Devices, Inc. All Rights Reserved.
Running: C:/Users/samue/Vivado/Vivado/2023.1/bin/unwrapped/win64.o/xelab.exe --incr --debug typical --relax --mt 2 -L xil_defaultlib -L uvm -L unisims_ver -L unimacro_ver -L secureip --snapshot Pipeline_Otter_tb_behav xil_defaultlib.Pipeline_Otter_tb xil_defaultlib.glbl -log elaborate.log 
Using 2 slave threads.
Starting static elaboration
Pass Through NonSizing Optimizer
Completed static elaboration
Starting simulation data flow analysis
Completed simulation data flow analysis
Time Resolution for simulation is 1ps
Compiling package xil_defaultlib.$unit_ALU_sv_3557859668
Compiling module xil_defaultlib.PC_MUX
Compiling module xil_defaultlib.PC
Compiling module xil_defaultlib.PCTOP
Compiling module xil_defaultlib.Memory
Compiling module xil_defaultlib.Decoder
Compiling module xil_defaultlib.HDU
Compiling module xil_defaultlib.RegFile
Compiling module xil_defaultlib.ImmedGen
Compiling module xil_defaultlib.MUXA
Compiling module xil_defaultlib.MUXB
Compiling module xil_defaultlib.MUX
Compiling module xil_defaultlib.ALU
Compiling module xil_defaultlib.BranchCondGen
Compiling module xil_defaultlib.BranchAddGen
Compiling module xil_defaultlib.RFMUX
Compiling module xil_defaultlib.Pipeline_Otter
Compiling module xil_defaultlib.Pipeline_Otter_tb
Compiling module xil_defaultlib.glbl
Built simulation snapshot Pipeline_Otter_tb_behav
run_program: Time (s): cpu = 00:00:01 ; elapsed = 00:00:06 . Memory (MB): peak = 1480.469 ; gain = 0.000
INFO: [USF-XSim-69] 'elaborate' step finished in '6' seconds
INFO: [USF-XSim-4] XSim::Simulate design
INFO: [USF-XSim-61] Executing 'SIMULATE' step in 'C:/Users/samue/OneDrive/Desktop/CPE_333/Github/CPE333/RetryOtter333/RetryOtter333.sim/sim_1/behav/xsim'
INFO: [USF-XSim-98] *** Running xsim
   with args "Pipeline_Otter_tb_behav -key {Behavioral:sim_1:Functional:Pipeline_Otter_tb} -tclbatch {Pipeline_Otter_tb.tcl} -view {C:/Users/samue/OneDrive/Desktop/CPE_333/Github/CPE333/RetryOtter333/Pipeline_Otter_tb_behav.wcfg} -log {simulate.log}"
INFO: [USF-XSim-8] Loading simulator feature
Time resolution is 1 ps
open_wave_config C:/Users/samue/OneDrive/Desktop/CPE_333/Github/CPE333/RetryOtter333/Pipeline_Otter_tb_behav.wcfg
source Pipeline_Otter_tb.tcl
# set curr_wave [current_wave_config]
# if { [string length $curr_wave] == 0 } {
#   if { [llength [get_objects]] > 0} {
#     add_wave /
#     set_property needs_save false [current_wave_config]
#   } else {
#      send_msg_id Add_Wave-1 WARNING "No top level signals found. Simulator will start without a wave window. If you want to open a wave window go to 'File->New Waveform Configuration' or type 'create_wave_config' in the TCL console."
#   }
# }
# run 1000ns
INFO: [USF-XSim-96] XSim completed. Design snapshot 'Pipeline_Otter_tb_behav' loaded.
INFO: [USF-XSim-97] XSim simulation ran for 1000ns
launch_simulation: Time (s): cpu = 00:00:02 ; elapsed = 00:00:15 . Memory (MB): peak = 1563.922 ; gain = 83.453
restart
INFO: [Wavedata 42-604] Simulation restarted
run 250 ns
run 250 ns
close_sim
INFO: [Simtcl 6-16] Simulation closed
launch_simulation
Command: launch_simulation 
INFO: [Vivado 12-12493] Simulation top is 'Pipeline_Otter_tb'
WARNING: [Vivado 12-13340] Unable to auto find GCC executables from simulator install path! (path not set)
INFO: [Vivado 12-5682] Launching behavioral simulation in 'C:/Users/samue/OneDrive/Desktop/CPE_333/Github/CPE333/RetryOtter333/RetryOtter333.sim/sim_1/behav/xsim'
INFO: [SIM-utils-51] Simulation object is 'sim_1'
INFO: [SIM-utils-72] Using boost library from 'C:/Users/samue/Vivado/Vivado/2023.1/tps/boost_1_72_0'
INFO: [SIM-utils-54] Inspecting design source files for 'Pipeline_Otter_tb' in fileset 'sim_1'...
INFO: [SIM-utils-43] Exported 'C:/Users/samue/OneDrive/Desktop/CPE_333/Github/CPE333/RetryOtter333/RetryOtter333.sim/sim_1/behav/xsim/lab2.mem'
INFO: [SIM-utils-43] Exported 'C:/Users/samue/OneDrive/Desktop/CPE_333/Github/CPE333/RetryOtter333/RetryOtter333.sim/sim_1/behav/xsim/Test_All.mem'
INFO: [USF-XSim-97] Finding global include files...
INFO: [USF-XSim-98] Fetching design files from 'sim_1'...
INFO: [USF-XSim-2] XSim::Compile design
INFO: [USF-XSim-61] Executing 'COMPILE and ANALYZE' step in 'C:/Users/samue/OneDrive/Desktop/CPE_333/Github/CPE333/RetryOtter333/RetryOtter333.sim/sim_1/behav/xsim'
"xvlog --incr --relax -L uvm -prj Pipeline_Otter_tb_vlog.prj"
ECHO is off.
ECHO is off.
INFO: [VRFC 10-2263] Analyzing SystemVerilog file "C:/Users/samue/OneDrive/Desktop/CPE_333/Github/CPE333/RetryOtter333/RetryOtter333.srcs/sources_1/new/ALU.sv" into library xil_defaultlib
INFO: [VRFC 10-311] analyzing module ALU
INFO: [VRFC 10-2263] Analyzing SystemVerilog file "C:/Users/samue/OneDrive/Desktop/CPE_333/Github/CPE333/RetryOtter333/RetryOtter333.srcs/sources_1/new/BranchAddGen.sv" into library xil_defaultlib
INFO: [VRFC 10-311] analyzing module BranchAddGen
INFO: [VRFC 10-2263] Analyzing SystemVerilog file "C:/Users/samue/OneDrive/Desktop/CPE_333/Github/CPE333/RetryOtter333/RetryOtter333.srcs/sources_1/new/BranchCondGen.sv" into library xil_defaultlib
INFO: [VRFC 10-311] analyzing module BranchCondGen
INFO: [VRFC 10-2263] Analyzing SystemVerilog file "C:/Users/samue/OneDrive/Desktop/CPE_333/Github/CPE333/RetryOtter333/RetryOtter333.srcs/sources_1/new/Decoder.sv" into library xil_defaultlib
INFO: [VRFC 10-311] analyzing module Decoder
INFO: [VRFC 10-2263] Analyzing SystemVerilog file "C:/Users/samue/OneDrive/Desktop/CPE_333/Github/CPE333/RetryOtter333/RetryOtter333.srcs/sources_1/hazard_detection/HDU.sv" into library xil_defaultlib
INFO: [VRFC 10-311] analyzing module HDU
INFO: [VRFC 10-2263] Analyzing SystemVerilog file "C:/Users/samue/OneDrive/Desktop/CPE_333/Github/CPE333/RetryOtter333/RetryOtter333.srcs/sources_1/hazard_detection/MUX.sv" into library xil_defaultlib
INFO: [VRFC 10-311] analyzing module MUX
INFO: [VRFC 10-2263] Analyzing SystemVerilog file "C:/Users/samue/OneDrive/Desktop/CPE_333/Github/CPE333/RetryOtter333/RetryOtter333.srcs/sources_1/new/Memory.sv" into library xil_defaultlib
INFO: [VRFC 10-311] analyzing module Memory
INFO: [VRFC 10-2263] Analyzing SystemVerilog file "C:/Users/samue/OneDrive/Desktop/CPE_333/Github/CPE333/RetryOtter333/RetryOtter333.srcs/sources_1/new/MuxA.v" into library xil_defaultlib
INFO: [VRFC 10-311] analyzing module MUXA
INFO: [VRFC 10-2263] Analyzing SystemVerilog file "C:/Users/samue/OneDrive/Desktop/CPE_333/Github/CPE333/RetryOtter333/RetryOtter333.srcs/sources_1/new/MuxB.v" into library xil_defaultlib
INFO: [VRFC 10-311] analyzing module MUXB
INFO: [VRFC 10-2263] Analyzing SystemVerilog file "C:/Users/samue/OneDrive/Desktop/CPE_333/Github/CPE333/RetryOtter333/RetryOtter333.srcs/sources_1/new/PC.sv" into library xil_defaultlib
INFO: [VRFC 10-311] analyzing module PC
INFO: [VRFC 10-2263] Analyzing SystemVerilog file "C:/Users/samue/OneDrive/Desktop/CPE_333/Github/CPE333/RetryOtter333/RetryOtter333.srcs/sources_1/new/PCTOP.sv" into library xil_defaultlib
INFO: [VRFC 10-311] analyzing module PCTOP
INFO: [VRFC 10-2263] Analyzing SystemVerilog file "C:/Users/samue/OneDrive/Desktop/CPE_333/Github/CPE333/RetryOtter333/RetryOtter333.srcs/sources_1/new/PC_Mux.sv" into library xil_defaultlib
INFO: [VRFC 10-311] analyzing module PC_MUX
INFO: [VRFC 10-2263] Analyzing SystemVerilog file "C:/Users/samue/OneDrive/Desktop/CPE_333/Github/CPE333/RetryOtter333/RetryOtter333.srcs/sources_1/new/Pipeline_Otter.sv" into library xil_defaultlib
INFO: [VRFC 10-311] analyzing module Pipeline_Otter
INFO: [VRFC 10-2263] Analyzing SystemVerilog file "C:/Users/samue/OneDrive/Desktop/CPE_333/Github/CPE333/RetryOtter333/RetryOtter333.srcs/sources_1/new/RFMUX.sv" into library xil_defaultlib
INFO: [VRFC 10-311] analyzing module RFMUX
INFO: [VRFC 10-2263] Analyzing SystemVerilog file "C:/Users/samue/OneDrive/Desktop/CPE_333/Github/CPE333/RetryOtter333/RetryOtter333.srcs/sources_1/new/RegRile.sv" into library xil_defaultlib
INFO: [VRFC 10-311] analyzing module RegFile
INFO: [VRFC 10-2263] Analyzing SystemVerilog file "C:/Users/samue/OneDrive/Desktop/CPE_333/Github/CPE333/RetryOtter333/RetryOtter333.srcs/sim_1/new/Pipeline_Otter_tb.sv" into library xil_defaultlib
INFO: [VRFC 10-311] analyzing module Pipeline_Otter_tb
INFO: [USF-XSim-69] 'compile' step finished in '2' seconds
INFO: [USF-XSim-3] XSim::Elaborate design
INFO: [USF-XSim-61] Executing 'ELABORATE' step in 'C:/Users/samue/OneDrive/Desktop/CPE_333/Github/CPE333/RetryOtter333/RetryOtter333.sim/sim_1/behav/xsim'
"xelab --incr --debug typical --relax --mt 2 -L xil_defaultlib -L uvm -L unisims_ver -L unimacro_ver -L secureip --snapshot Pipeline_Otter_tb_behav xil_defaultlib.Pipeline_Otter_tb xil_defaultlib.glbl -log elaborate.log"
ECHO is off.
ECHO is off.
Vivado Simulator v2023.1
Copyright 1986-2022 Xilinx, Inc. All Rights Reserved.
Copyright 2022-2023 Advanced Micro Devices, Inc. All Rights Reserved.
Running: C:/Users/samue/Vivado/Vivado/2023.1/bin/unwrapped/win64.o/xelab.exe --incr --debug typical --relax --mt 2 -L xil_defaultlib -L uvm -L unisims_ver -L unimacro_ver -L secureip --snapshot Pipeline_Otter_tb_behav xil_defaultlib.Pipeline_Otter_tb xil_defaultlib.glbl -log elaborate.log 
Using 2 slave threads.
Starting static elaboration
Pass Through NonSizing Optimizer
Completed static elaboration
Starting simulation data flow analysis
Completed simulation data flow analysis
Time Resolution for simulation is 1ps
Compiling package xil_defaultlib.$unit_ALU_sv_3557859668
Compiling module xil_defaultlib.PC_MUX
Compiling module xil_defaultlib.PC
Compiling module xil_defaultlib.PCTOP
Compiling module xil_defaultlib.Memory
Compiling module xil_defaultlib.Decoder
Compiling module xil_defaultlib.HDU
Compiling module xil_defaultlib.RegFile
Compiling module xil_defaultlib.ImmedGen
Compiling module xil_defaultlib.MUXA
Compiling module xil_defaultlib.MUXB
Compiling module xil_defaultlib.MUX
Compiling module xil_defaultlib.ALU
Compiling module xil_defaultlib.BranchCondGen
Compiling module xil_defaultlib.BranchAddGen
Compiling module xil_defaultlib.RFMUX
Compiling module xil_defaultlib.Pipeline_Otter
Compiling module xil_defaultlib.Pipeline_Otter_tb
Compiling module xil_defaultlib.glbl
Built simulation snapshot Pipeline_Otter_tb_behav
INFO: [USF-XSim-69] 'elaborate' step finished in '4' seconds
INFO: [USF-XSim-4] XSim::Simulate design
INFO: [USF-XSim-61] Executing 'SIMULATE' step in 'C:/Users/samue/OneDrive/Desktop/CPE_333/Github/CPE333/RetryOtter333/RetryOtter333.sim/sim_1/behav/xsim'
INFO: [USF-XSim-98] *** Running xsim
   with args "Pipeline_Otter_tb_behav -key {Behavioral:sim_1:Functional:Pipeline_Otter_tb} -tclbatch {Pipeline_Otter_tb.tcl} -view {C:/Users/samue/OneDrive/Desktop/CPE_333/Github/CPE333/RetryOtter333/Pipeline_Otter_tb_behav.wcfg} -log {simulate.log}"
INFO: [USF-XSim-8] Loading simulator feature
Time resolution is 1 ps
open_wave_config C:/Users/samue/OneDrive/Desktop/CPE_333/Github/CPE333/RetryOtter333/Pipeline_Otter_tb_behav.wcfg
source Pipeline_Otter_tb.tcl
# set curr_wave [current_wave_config]
# if { [string length $curr_wave] == 0 } {
#   if { [llength [get_objects]] > 0} {
#     add_wave /
#     set_property needs_save false [current_wave_config]
#   } else {
#      send_msg_id Add_Wave-1 WARNING "No top level signals found. Simulator will start without a wave window. If you want to open a wave window go to 'File->New Waveform Configuration' or type 'create_wave_config' in the TCL console."
#   }
# }
# run 1000ns
INFO: [USF-XSim-96] XSim completed. Design snapshot 'Pipeline_Otter_tb_behav' loaded.
INFO: [USF-XSim-97] XSim simulation ran for 1000ns
launch_simulation: Time (s): cpu = 00:00:01 ; elapsed = 00:00:09 . Memory (MB): peak = 1822.305 ; gain = 244.453
restart
INFO: [Wavedata 42-604] Simulation restarted
run 250 ns
restart
INFO: [Wavedata 42-604] Simulation restarted
run 250 ns
close_sim
INFO: [Simtcl 6-16] Simulation closed
exit
INFO: [Common 17-206] Exiting Vivado at Thu May 23 14:42:03 2024...
