Vivado Simulator v2023.1
Copyright 1986-2022 Xilinx, Inc. All Rights Reserved.
Copyright 2022-2023 Advanced Micro Devices, Inc. All Rights Reserved.
Running: C:/Users/samue/Vivado/Vivado/2023.1/bin/unwrapped/win64.o/xelab.exe --incr --debug typical --relax --mt 2 -L xil_defaultlib -L uvm -L unisims_ver -L unimacro_ver -L secureip --snapshot Pipeline_Otter_tb_behav xil_defaultlib.Pipeline_Otter_tb xil_defaultlib.glbl -log elaborate.log 
Using 2 slave threads.
Starting static elaboration
Pass Through NonSizing Optimizer
WARNING: [VRFC 10-3091] actual bit length 1 differs from formal bit length 32 for port 'JAL' [C:/Users/samue/OneDrive/Desktop/CPE_333/RetryOtter333/RetryOtter333/RetryOtter333.srcs/sources_1/new/Pipeline_Otter.sv:92]
WARNING: [VRFC 10-3091] actual bit length 1 differs from formal bit length 3 for port 'PC_SEL' [C:/Users/samue/OneDrive/Desktop/CPE_333/RetryOtter333/RetryOtter333/RetryOtter333.srcs/sources_1/new/Pipeline_Otter.sv:93]
WARNING: [VRFC 10-3091] actual bit length 1 differs from formal bit length 32 for port 'PCplus4' [C:/Users/samue/OneDrive/Desktop/CPE_333/RetryOtter333/RetryOtter333/RetryOtter333.srcs/sources_1/new/Pipeline_Otter.sv:99]
Completed static elaboration
Starting simulation data flow analysis
Completed simulation data flow analysis
Time Resolution for simulation is 1ps
Compiling package xil_defaultlib.$unit_ALU_sv_725046792
Compiling module xil_defaultlib.PC_MUX
Compiling module xil_defaultlib.PC
Compiling module xil_defaultlib.PCTOP
Compiling module xil_defaultlib.Memory
Compiling module xil_defaultlib.Decoder
Compiling module xil_defaultlib.RegFile
Compiling module xil_defaultlib.ImmedGen
Compiling module xil_defaultlib.MUXA
Compiling module xil_defaultlib.MUXB
Compiling module xil_defaultlib.ALU
Compiling module xil_defaultlib.BranchCondGen
Compiling module xil_defaultlib.BranchAddGen
Compiling module xil_defaultlib.RFMUX
Compiling module xil_defaultlib.Pipeline_Otter
Compiling module xil_defaultlib.Pipeline_Otter_tb
Compiling module xil_defaultlib.glbl
Built simulation snapshot Pipeline_Otter_tb_behav
