Time resolution is 1 ps
sel: 0, out: xxxxxxxx
Utype top: xxxxx000
Utype top: 00000000
sel: 0, out: 00000000
Utype top: 00500000
sel: 0, out: 00000000
Utype top: 00000000
sel: 0, out: 00000000
Utype top: 00010000
sel: 0, out: 00000005
Utype top: xxxxx000
sel: 0, out: xxxxxxxx
Utype top: 00000000
sel: 0, out: 00000000
Utype top: xxxxx000
sel: 0, out: xxxxxxxx
Utype top: 00000000
sel: 0, out: 00000000
Utype top: xxxxx000
sel: 0, out: xxxxxxxx
Utype top: 00000000
sel: 0, out: 00000000
Utype top: xxxxx000
sel: 0, out: xxxxxxxx
Utype top: 00000000
sel: 0, out: 00000000
Utype top: xxxxx000
sel: 0, out: xxxxxxxx
Utype top: 00000000
sel: 0, out: 00000000
Utype top: xxxxx000
sel: 0, out: xxxxxxxx
Utype top: 00000000
sel: 0, out: 00000000
Utype top: xxxxx000
sel: 0, out: xxxxxxxx
Utype top: 00000000
sel: 0, out: 00000000
Utype top: xxxxx000
sel: 0, out: xxxxxxxx
Utype top: 00000000
sel: 0, out: 00000000
Utype top: xxxxx000
sel: 0, out: xxxxxxxx
Utype top: 00000000
sel: 0, out: 00000000
Utype top: xxxxx000
sel: 0, out: xxxxxxxx
sel: 0, out: xxxxxxxx
Utype top: xxxxx000
Utype top: 00000000
sel: 0, out: 00000000
Utype top: 00500000
sel: 0, out: 00000000
Utype top: 00000000
sel: 0, out: 00000000
Utype top: 00010000
sel: 0, out: 00000005
Utype top: xxxxx000
sel: 0, out: xxxxxxxx
Utype top: 00000000
sel: 0, out: 00000000
sel: 0, out: xxxxxxxx
Utype top: xxxxx000
Utype top: 00000000
sel: 0, out: 00000000
Utype top: 00500000
sel: 0, out: 00000000
Utype top: 00000000
sel: 0, out: 00000000
Utype top: 00010000
sel: 0, out: 00000005
Utype top: xxxxx000
sel: 0, out: xxxxxxxx
Utype top: 00000000
sel: 0, out: 00000000
