INFO: [VRFC 10-2263] Analyzing SystemVerilog file "Z:/Desktop/CPE333/RetryOtter333/RetryOtter333.srcs/sources_1/new/ALU.sv" into library xil_defaultlib
INFO: [VRFC 10-311] analyzing module ALU
INFO: [VRFC 10-2263] Analyzing SystemVerilog file "Z:/Desktop/CPE333/RetryOtter333/RetryOtter333.srcs/sources_1/new/BranchAddGen.sv" into library xil_defaultlib
INFO: [VRFC 10-311] analyzing module BranchAddGen
INFO: [VRFC 10-2263] Analyzing SystemVerilog file "Z:/Desktop/CPE333/RetryOtter333/RetryOtter333.srcs/sources_1/new/BranchCondGen.sv" into library xil_defaultlib
INFO: [VRFC 10-311] analyzing module BranchCondGen
INFO: [VRFC 10-2263] Analyzing SystemVerilog file "Z:/Desktop/CPE333/RetryOtter333/RetryOtter333.srcs/sources_1/new/Decoder.sv" into library xil_defaultlib
INFO: [VRFC 10-311] analyzing module Decoder
INFO: [VRFC 10-2263] Analyzing SystemVerilog file "Z:/Desktop/CPE333/RetryOtter333/RetryOtter333.srcs/sources_1/hazard_detection/HDU.sv" into library xil_defaultlib
INFO: [VRFC 10-311] analyzing module HDU
INFO: [VRFC 10-2263] Analyzing SystemVerilog file "Z:/Desktop/CPE333/RetryOtter333/RetryOtter333.srcs/sources_1/hazard_detection/MUX.sv" into library xil_defaultlib
INFO: [VRFC 10-311] analyzing module MUX
INFO: [VRFC 10-2263] Analyzing SystemVerilog file "Z:/Desktop/CPE333/RetryOtter333/RetryOtter333.srcs/sources_1/new/Memory.sv" into library xil_defaultlib
INFO: [VRFC 10-311] analyzing module Memory
INFO: [VRFC 10-2263] Analyzing SystemVerilog file "Z:/Desktop/CPE333/RetryOtter333/RetryOtter333.srcs/sources_1/new/MuxA.v" into library xil_defaultlib
INFO: [VRFC 10-311] analyzing module MUXA
INFO: [VRFC 10-2263] Analyzing SystemVerilog file "Z:/Desktop/CPE333/RetryOtter333/RetryOtter333.srcs/sources_1/new/MuxB.v" into library xil_defaultlib
INFO: [VRFC 10-311] analyzing module MUXB
INFO: [VRFC 10-2263] Analyzing SystemVerilog file "Z:/Desktop/CPE333/RetryOtter333/RetryOtter333.srcs/sources_1/new/PC.sv" into library xil_defaultlib
INFO: [VRFC 10-311] analyzing module PC
INFO: [VRFC 10-2263] Analyzing SystemVerilog file "Z:/Desktop/CPE333/RetryOtter333/RetryOtter333.srcs/sources_1/new/PCTOP.sv" into library xil_defaultlib
INFO: [VRFC 10-311] analyzing module PCTOP
INFO: [VRFC 10-2263] Analyzing SystemVerilog file "Z:/Desktop/CPE333/RetryOtter333/RetryOtter333.srcs/sources_1/new/PC_Mux.sv" into library xil_defaultlib
INFO: [VRFC 10-311] analyzing module PC_MUX
INFO: [VRFC 10-2263] Analyzing SystemVerilog file "Z:/Desktop/CPE333/RetryOtter333/RetryOtter333.srcs/sources_1/new/Pipeline_Otter.sv" into library xil_defaultlib
INFO: [VRFC 10-311] analyzing module Pipeline_Otter
INFO: [VRFC 10-2263] Analyzing SystemVerilog file "Z:/Desktop/CPE333/RetryOtter333/RetryOtter333.srcs/sources_1/new/RFMUX.sv" into library xil_defaultlib
INFO: [VRFC 10-311] analyzing module RFMUX
INFO: [VRFC 10-2263] Analyzing SystemVerilog file "Z:/Desktop/CPE333/RetryOtter333/RetryOtter333.srcs/sources_1/new/RegRile.sv" into library xil_defaultlib
INFO: [VRFC 10-311] analyzing module RegFile
INFO: [VRFC 10-2263] Analyzing SystemVerilog file "Z:/Desktop/CPE333/RetryOtter333/RetryOtter333.srcs/sim_1/new/Pipeline_Otter_tb.sv" into library xil_defaultlib
INFO: [VRFC 10-311] analyzing module Pipeline_Otter_tb
